#
# There is insufficient memory for the Java Runtime Environment to continue.
# Native memory allocation (mmap) failed to map 134217728 bytes for G1 virtual space
# Possible reasons:
#   The system is out of physical RAM or swap space
#   The process is running with CompressedOops enabled, and the Java Heap may be blocking the growth of the native heap
# Possible solutions:
#   Reduce memory load on the system
#   Increase physical memory or swap space
#   Check if swap backing store is full
#   Decrease Java heap size (-Xmx/-Xms)
#   Decrease number of Java threads
#   Decrease Java thread stack sizes (-Xss)
#   Set larger code cache with -XX:ReservedCodeCacheSize=
#   JVM is running with Unscaled Compressed Oops mode in which the Java heap is
#     placed in the first 4GB address space. The Java Heap base address is the
#     maximum limit for the native heap growth. Please use -XX:HeapBaseMinAddress
#     to set the Java Heap base and to place the Java Heap above 4GB virtual address.
# This output file may be truncated or incomplete.
#
#  Out of Memory Error (os_windows.cpp:3557), pid=14448, tid=22640
#
# JRE version:  (17.0.6+10) (build )
# Java VM: OpenJDK 64-Bit Server VM (17.0.6+10, mixed mode, sharing, tiered, compressed oops, compressed class ptrs, g1 gc, windows-amd64)
# No core dump will be written. Minidumps are not enabled by default on client versions of Windows
#

---------------  S U M M A R Y ------------

Command Line: C:\Users\ganon\AppData\Local\Temp\surefire16815890064420251395\surefirebooter-20241206165017725_3.jar C:\Users\ganon\AppData\Local\Temp\surefire16815890064420251395 2024-12-06T16-50-17_270-jvmRun1 surefire-20241206165017725_1tmp surefire_0-20241206165017725_2tmp

Host: Intel(R) Core(TM) i5-8250U CPU @ 1.60GHz, 8 cores, 7G,  Windows 11 , 64 bit Build 22621 (10.0.22621.4391)
Time: Fri Dec  6 16:50:17 2024  Windows 11 , 64 bit Build 22621 (10.0.22621.4391) elapsed time: 0.018722 seconds (0d 0h 0m 0s)

---------------  T H R E A D  ---------------

Current thread (0x0000019bc2dbca10):  JavaThread "Unknown thread" [_thread_in_vm, id=22640, stack(0x000000813cb00000,0x000000813cc00000)]

Stack: [0x000000813cb00000,0x000000813cc00000]
Native frames: (J=compiled Java code, j=interpreted, Vv=VM code, C=native code)
V  [jvm.dll+0x67741a]
V  [jvm.dll+0x834434]
V  [jvm.dll+0x835bde]
V  [jvm.dll+0x836243]
V  [jvm.dll+0x2457b5]
V  [jvm.dll+0x674329]
V  [jvm.dll+0x6689da]
V  [jvm.dll+0x30489b]
V  [jvm.dll+0x30bd96]
V  [jvm.dll+0x35b57e]
V  [jvm.dll+0x35b7af]
V  [jvm.dll+0x2db778]
V  [jvm.dll+0x2dc6e4]
V  [jvm.dll+0x806131]
V  [jvm.dll+0x369331]
V  [jvm.dll+0x7e56ac]
V  [jvm.dll+0x3eb35f]
V  [jvm.dll+0x3ecea1]
C  [jli.dll+0x5267]
C  [ucrtbase.dll+0x29333]
C  [KERNEL32.DLL+0x1259d]
C  [ntdll.dll+0x5af38]


---------------  P R O C E S S  ---------------

Threads class SMR info:
_java_thread_list=0x00007ffa3ba25fd8, length=0, elements={
}

Java Threads: ( => current thread )

Other Threads:
  0x0000019bc2e19040 GCTaskThread "GC Thread#0" [stack: 0x000000813cc00000,0x000000813cd00000] [id=19520]
  0x0000019bc2e29c80 ConcurrentGCThread "G1 Main Marker" [stack: 0x000000813cd00000,0x000000813ce00000] [id=14176]
  0x0000019bc2e2ae30 ConcurrentGCThread "G1 Conc#0" [stack: 0x000000813ce00000,0x000000813cf00000] [id=7696]

[error occurred during error reporting (printing all threads), id 0xc0000005, EXCEPTION_ACCESS_VIOLATION (0xc0000005) at pc=0x00007ffa3b1fc1e7]

VM state: not at safepoint (not fully initialized)

VM Mutex/Monitor currently owned by a thread:  ([mutex/lock_event])
[0x0000019bc2db7970] Heap_lock - owner thread: 0x0000019bc2dbca10

Heap address: 0x0000000081800000, size: 2024 MB, Compressed Oops mode: 32-bit

CDS archive(s) mapped at: [0x0000000000000000-0x0000000000000000-0x0000000000000000), size 0, SharedBaseAddress: 0x0000000800000000, ArchiveRelocationMode: 0.
Narrow klass base: 0x0000000000000000, Narrow klass shift: 0, Narrow klass range: 0x0

GC Precious Log:
<Empty>

Heap:
 garbage-first heap   total 0K, used 0K [0x0000000081800000, 0x0000000100000000)
  region size 1024K, 0 young (0K), 0 survivors (0K)

[error occurred during error reporting (printing heap information), id 0xc0000005, EXCEPTION_ACCESS_VIOLATION (0xc0000005) at pc=0x00007ffa3b5e06f9]

GC Heap History (0 events):
No events

Dll operation events (1 events):
Event: 0.011 Loaded shared library C:\pleiades\2022-12\java\17\bin\java.dll

Deoptimization events (0 events):
No events

Classes unloaded (0 events):
No events

Classes redefined (0 events):
No events

Internal exceptions (0 events):
No events

VM Operations (0 events):
No events

Events (0 events):
No events


Dynamic libraries:
0x00007ff7ca9b0000 - 0x00007ff7ca9be000 	C:\pleiades\2022-12\java\17\bin\java.exe
0x00007ffa93510000 - 0x00007ffa93727000 	C:\WINDOWS\SYSTEM32\ntdll.dll
0x00007ffa91fa0000 - 0x00007ffa92064000 	C:\WINDOWS\System32\KERNEL32.DLL
0x00007ffa90d10000 - 0x00007ffa910c9000 	C:\WINDOWS\System32\KERNELBASE.dll
0x00007ffa90bf0000 - 0x00007ffa90d01000 	C:\WINDOWS\System32\ucrtbase.dll
0x00007ffa7d1d0000 - 0x00007ffa7d1e9000 	C:\pleiades\2022-12\java\17\bin\VCRUNTIME140.dll
0x00007ffa73110000 - 0x00007ffa73127000 	C:\pleiades\2022-12\java\17\bin\jli.dll
0x00007ffa93320000 - 0x00007ffa934ce000 	C:\WINDOWS\System32\USER32.dll
0x00007ffa780f0000 - 0x00007ffa78382000 	C:\WINDOWS\WinSxS\amd64_microsoft.windows.common-controls_6595b64144ccf1df_6.0.22621.4391_none_2715d37f73803e96\COMCTL32.dll
0x00007ffa90810000 - 0x00007ffa90836000 	C:\WINDOWS\System32\win32u.dll
0x00007ffa914e0000 - 0x00007ffa91587000 	C:\WINDOWS\System32\msvcrt.dll
0x00007ffa91590000 - 0x00007ffa915b9000 	C:\WINDOWS\System32\GDI32.dll
0x00007ffa908e0000 - 0x00007ffa909fb000 	C:\WINDOWS\System32\gdi32full.dll
0x00007ffa90840000 - 0x00007ffa908da000 	C:\WINDOWS\System32\msvcp_win.dll
0x00007ffa92070000 - 0x00007ffa920a1000 	C:\WINDOWS\System32\IMM32.DLL
0x00007ffa8c290000 - 0x00007ffa8c29c000 	C:\pleiades\2022-12\java\17\bin\vcruntime140_1.dll
0x00007ffa6fd70000 - 0x00007ffa6fe01000 	C:\pleiades\2022-12\java\17\bin\msvcp140.dll
0x00007ffa3af10000 - 0x00007ffa3bb57000 	C:\pleiades\2022-12\java\17\bin\server\jvm.dll
0x00007ffa91c10000 - 0x00007ffa91cc2000 	C:\WINDOWS\System32\ADVAPI32.dll
0x00007ffa91410000 - 0x00007ffa914b7000 	C:\WINDOWS\System32\sechost.dll
0x00007ffa91190000 - 0x00007ffa911b8000 	C:\WINDOWS\System32\bcrypt.dll
0x00007ffa92300000 - 0x00007ffa92414000 	C:\WINDOWS\System32\RPCRT4.dll
0x00007ffa8b720000 - 0x00007ffa8b754000 	C:\WINDOWS\SYSTEM32\WINMM.dll
0x00007ffa704b0000 - 0x00007ffa704b9000 	C:\WINDOWS\SYSTEM32\WSOCK32.dll
0x00007ffa8bba0000 - 0x00007ffa8bbaa000 	C:\WINDOWS\SYSTEM32\VERSION.dll
0x00007ffa92260000 - 0x00007ffa922d1000 	C:\WINDOWS\System32\WS2_32.dll
0x00007ffa8f900000 - 0x00007ffa8f918000 	C:\WINDOWS\SYSTEM32\kernel.appcore.dll
0x00007ffa88a50000 - 0x00007ffa88a5a000 	C:\pleiades\2022-12\java\17\bin\jimage.dll
0x00007ffa86040000 - 0x00007ffa86272000 	C:\WINDOWS\SYSTEM32\DBGHELP.DLL
0x00007ffa915c0000 - 0x00007ffa9194f000 	C:\WINDOWS\System32\combase.dll
0x00007ffa91330000 - 0x00007ffa91407000 	C:\WINDOWS\System32\OLEAUT32.dll
0x00007ffa7dbf0000 - 0x00007ffa7dc22000 	C:\WINDOWS\SYSTEM32\dbgcore.DLL
0x00007ffa90b70000 - 0x00007ffa90beb000 	C:\WINDOWS\System32\bcryptPrimitives.dll
0x00007ffa6ffb0000 - 0x00007ffa6ffd5000 	C:\pleiades\2022-12\java\17\bin\java.dll

dbghelp: loaded successfully - version: 4.0.5 - missing functions: none
symbol engine: initialized successfully - sym options: 0x614 - pdb path: .;C:\pleiades\2022-12\java\17\bin;C:\WINDOWS\SYSTEM32;C:\WINDOWS\WinSxS\amd64_microsoft.windows.common-controls_6595b64144ccf1df_6.0.22621.4391_none_2715d37f73803e96;C:\pleiades\2022-12\java\17\bin\server

VM Arguments:
java_command: C:\Users\ganon\AppData\Local\Temp\surefire16815890064420251395\surefirebooter-20241206165017725_3.jar C:\Users\ganon\AppData\Local\Temp\surefire16815890064420251395 2024-12-06T16-50-17_270-jvmRun1 surefire-20241206165017725_1tmp surefire_0-20241206165017725_2tmp
java_class_path (initial): C:\Users\ganon\AppData\Local\Temp\surefire16815890064420251395\surefirebooter-20241206165017725_3.jar
Launcher Type: SUN_STANDARD

[Global flags]
     intx CICompilerCount                          = 4                                         {product} {ergonomic}
     uint ConcGCThreads                            = 2                                         {product} {ergonomic}
     uint G1ConcRefinementThreads                  = 8                                         {product} {ergonomic}
   size_t G1HeapRegionSize                         = 1048576                                   {product} {ergonomic}
    uintx GCDrainStackTargetSize                   = 64                                        {product} {ergonomic}
   size_t InitialHeapSize                          = 134217728                                 {product} {ergonomic}
   size_t MarkStackSize                            = 4194304                                   {product} {ergonomic}
   size_t MaxHeapSize                              = 2122317824                                {product} {ergonomic}
   size_t MinHeapDeltaBytes                        = 1048576                                   {product} {ergonomic}
   size_t MinHeapSize                              = 8388608                                   {product} {ergonomic}
    uintx NonNMethodCodeHeapSize                   = 5839372                                {pd product} {ergonomic}
    uintx NonProfiledCodeHeapSize                  = 122909434                              {pd product} {ergonomic}
    uintx ProfiledCodeHeapSize                     = 122909434                              {pd product} {ergonomic}
    uintx ReservedCodeCacheSize                    = 251658240                              {pd product} {ergonomic}
     bool SegmentedCodeCache                       = true                                      {product} {ergonomic}
   size_t SoftMaxHeapSize                          = 2122317824                             {manageable} {ergonomic}
     bool UseCompressedClassPointers               = true                           {product lp64_product} {ergonomic}
     bool UseCompressedOops                        = true                           {product lp64_product} {ergonomic}
     bool UseG1GC                                  = true                                      {product} {ergonomic}
     bool UseLargePagesIndividualAllocation        = false                                  {pd product} {ergonomic}

Logging:
Log output configuration:
 #0: stdout all=warning uptime,level,tags
 #1: stderr all=off uptime,level,tags

Environment Variables:
PATH=C:/pleiades/2022-12/java/17/bin/server;C:/pleiades/2022-12/java/17/bin;C:\Program Files (x86)\Razer Chroma SDK\bin;C:\Program Files\Razer Chroma SDK\bin;C:\Program Files (x86)\Razer\ChromaBroadcast\bin;C:\Program Files\Razer\ChromaBroadcast\bin;C:\Program Files\Common Files\Oracle\Java\javapath;C:\WINDOWS\system32;C:\WINDOWS;C:\WINDOWS\System32\Wbem;C:\WINDOWS\System32\WindowsPowerShell\v1.0\;C:\WINDOWS\System32\OpenSSH\;C:\Program Files (x86)\Intel\Intel(R) Management Engine Components\DAL;C:\Program Files\Intel\Intel(R) Management Engine Components\DAL;C:\Program Files (x86)\VAIO\VAIO BIOS Data Transfer Utility\;C:\Program Files (x86)\Windows Kits\10\Windows Performance Toolkit\;C:\Program Files\Git\cmd;C:\Program Files\dotnet\;C:\Users\ganon\AppData\Local\Pub\Cache\bin;C:\WINDOWS\system32\config\systemprofile\AppData\Local\Microsoft\WindowsApps;C:\Program Files\MySQL\MySQL Shell 8.0\bin\;C:\Users\ganon\AppData\Local\Programs\Python\Python312\Scripts\;C:\Users\ganon\AppData\Local\Programs\Python\Python312\;C:\Users\ganon\AppData\Local\Programs\Python\Launcher\;C:\Users\ganon\AppData\Local\Microsoft\WindowsApps;C:\Users\ganon\AppData\Local\Programs\Microsoft VS Code\bin;C:\Users\ganon\.dotnet\tools;C:\Users\ganon\AppData\Local\Microsoft\WinGet\Links;C:\node-v20.13.1-win-x64;C:\flutter_windows_3.22.1-stable\flutter\bin;C:\Users\ganon\AppData\Local\Microsoft\WindowsApps\python.exe;C:\Program Files (x86)\Android\android-sdk\platform-tools;;C:\pleiades\2022-12\eclipse;
USERNAME=ganon
OS=Windows_NT
PROCESSOR_IDENTIFIER=Intel64 Family 6 Model 142 Stepping 10, GenuineIntel
TMP=C:\Users\ganon\AppData\Local\Temp
TEMP=C:\Users\ganon\AppData\Local\Temp



---------------  S Y S T E M  ---------------

OS:
 Windows 11 , 64 bit Build 22621 (10.0.22621.4391)
OS uptime: 2 days 22:43 hours
Hyper-V role detected

CPU: total 8 (initial active 8) (4 cores per cpu, 2 threads per core) family 6 model 142 stepping 10 microcode 0xf4, cx8, cmov, fxsr, ht, mmx, 3dnowpref, sse, sse2, sse3, ssse3, sse4.1, sse4.2, popcnt, lzcnt, tsc, tscinvbit, avx, avx2, aes, erms, clmul, bmi1, bmi2, adx, fma, vzeroupper, clflush, clflushopt, hv

Memory: 4k page, system-wide physical 8088M (377M free)
TotalPageFile size 13088M (AvailPageFile size 14M)
current process WorkingSet (physical memory assigned to process): 11M, peak: 11M
current process commit charge ("private bytes"): 60M, peak: 188M

vm_info: OpenJDK 64-Bit Server VM (17.0.6+10) for windows-amd64 JRE (17.0.6+10), built on Jan 18 2023 10:08:59 by "temurin" with MS VC++ 16.7 (VS2019)

END.
