#
# There is insufficient memory for the Java Runtime Environment to continue.
# Native memory allocation (malloc) failed to allocate 3504352 bytes for Chunk::new
# Possible reasons:
#   The system is out of physical RAM or swap space
#   The process is running with CompressedOops enabled, and the Java Heap may be blocking the growth of the native heap
# Possible solutions:
#   Reduce memory load on the system
#   Increase physical memory or swap space
#   Check if swap backing store is full
#   Decrease Java heap size (-Xmx/-Xms)
#   Decrease number of Java threads
#   Decrease Java thread stack sizes (-Xss)
#   Set larger code cache with -XX:ReservedCodeCacheSize=
#   JVM is running with Unscaled Compressed Oops mode in which the Java heap is
#     placed in the first 4GB address space. The Java Heap base address is the
#     maximum limit for the native heap growth. Please use -XX:HeapBaseMinAddress
#     to set the Java Heap base and to place the Java Heap above 4GB virtual address.
# This output file may be truncated or incomplete.
#
#  Out of Memory Error (arena.cpp:189), pid=28984, tid=28816
#
# JRE version: OpenJDK Runtime Environment Temurin-17.0.6+10 (17.0.6+10) (build 17.0.6+10)
# Java VM: OpenJDK 64-Bit Server VM Temurin-17.0.6+10 (17.0.6+10, mixed mode, sharing, tiered, compressed oops, compressed class ptrs, g1 gc, windows-amd64)
# No core dump will be written. Minidumps are not enabled by default on client versions of Windows
#

---------------  S U M M A R Y ------------

Command Line: -Dmaven.home=EMBEDDED -Dclassworlds.conf=C:\pleiades\2022-12\workspace\.metadata\.plugins\org.eclipse.m2e.launching\launches\m2conf1567141581646807131.tmp -Dmaven.multiModuleProjectDirectory=C:\Users\ganon\Desktop\Library_System\demo -Dm2e.build.project.data.socket.port=52219 -Dfile.encoding=UTF-8 -XX:+ShowCodeDetailsInExceptionMessages org.codehaus.plexus.classworlds.launcher.Launcher -B -Dstyle.color=always install

Host: Intel(R) Core(TM) i5-8250U CPU @ 1.60GHz, 8 cores, 7G,  Windows 11 , 64 bit Build 22621 (10.0.22621.4391)
Time: Wed Dec 11 17:12:46 2024  Windows 11 , 64 bit Build 22621 (10.0.22621.4391) elapsed time: 20.868992 seconds (0d 0h 0m 20s)

---------------  T H R E A D  ---------------

Current thread (0x0000025dd1d71900):  JavaThread "C2 CompilerThread0" daemon [_thread_in_native, id=28816, stack(0x000000e8ac900000,0x000000e8aca00000)]


Current CompileTask:
C2:  20869 8495   !   4       java.lang.ClassLoader::loadClass (121 bytes)

Stack: [0x000000e8ac900000,0x000000e8aca00000]
Native frames: (J=compiled Java code, j=interpreted, Vv=VM code, C=native code)
V  [jvm.dll+0x67741a]
V  [jvm.dll+0x834434]
V  [jvm.dll+0x835bde]
V  [jvm.dll+0x836243]
V  [jvm.dll+0x2457b5]
V  [jvm.dll+0xabafc]
V  [jvm.dll+0xac0cc]
V  [jvm.dll+0x3634e7]
V  [jvm.dll+0x32dda1]
V  [jvm.dll+0x32d24a]
V  [jvm.dll+0x2185f1]
V  [jvm.dll+0x217a11]
V  [jvm.dll+0x1a3d0d]
V  [jvm.dll+0x22742a]
V  [jvm.dll+0x225565]
V  [jvm.dll+0x7ea2cb]
V  [jvm.dll+0x7e483a]
V  [jvm.dll+0x6762c5]
C  [ucrtbase.dll+0x29333]
C  [KERNEL32.DLL+0x1259d]
C  [ntdll.dll+0x5af38]


---------------  P R O C E S S  ---------------

Threads class SMR info:
_java_thread_list=0x0000025dd3f6f9f0, length=27, elements={
0x0000025db39dd9c0, 0x0000025dd1d44260, 0x0000025dd1d44fe0, 0x0000025dd1d5c500,
0x0000025dd1d623e0, 0x0000025dd1d64cb0, 0x0000025dd1d6d580, 0x0000025dd1d71900,
0x0000025dd1d73620, 0x0000025dd1d80740, 0x0000025dd291e590, 0x0000025dd2921e90,
0x0000025dda8fa820, 0x0000025dd5231030, 0x0000025dd5231500, 0x0000025dd4161080,
0x0000025dd5438900, 0x0000025dd54392a0, 0x0000025dd543a110, 0x0000025dd5439770,
0x0000025dd5439c40, 0x0000025dd2cdcf30, 0x0000025dd2f7aaa0, 0x0000025dd2cdca60,
0x0000025dd2cde740, 0x0000025dd2cdbbf0, 0x0000025dd2cdb720
}

Java Threads: ( => current thread )
  0x0000025db39dd9c0 JavaThread "main" [_thread_in_native, id=8476, stack(0x000000e8abc00000,0x000000e8abd00000)]
  0x0000025dd1d44260 JavaThread "Reference Handler" daemon [_thread_blocked, id=9656, stack(0x000000e8ac300000,0x000000e8ac400000)]
  0x0000025dd1d44fe0 JavaThread "Finalizer" daemon [_thread_blocked, id=21656, stack(0x000000e8ac400000,0x000000e8ac500000)]
  0x0000025dd1d5c500 JavaThread "Signal Dispatcher" daemon [_thread_blocked, id=27396, stack(0x000000e8ac500000,0x000000e8ac600000)]
  0x0000025dd1d623e0 JavaThread "Attach Listener" daemon [_thread_blocked, id=29116, stack(0x000000e8ac600000,0x000000e8ac700000)]
  0x0000025dd1d64cb0 JavaThread "Service Thread" daemon [_thread_blocked, id=20792, stack(0x000000e8ac700000,0x000000e8ac800000)]
  0x0000025dd1d6d580 JavaThread "Monitor Deflation Thread" daemon [_thread_blocked, id=30448, stack(0x000000e8ac800000,0x000000e8ac900000)]
=>0x0000025dd1d71900 JavaThread "C2 CompilerThread0" daemon [_thread_in_native, id=28816, stack(0x000000e8ac900000,0x000000e8aca00000)]
  0x0000025dd1d73620 JavaThread "C1 CompilerThread0" daemon [_thread_blocked, id=15896, stack(0x000000e8aca00000,0x000000e8acb00000)]
  0x0000025dd1d80740 JavaThread "Sweeper thread" daemon [_thread_blocked, id=18868, stack(0x000000e8acb00000,0x000000e8acc00000)]
  0x0000025dd291e590 JavaThread "Notification Thread" daemon [_thread_blocked, id=17872, stack(0x000000e8acc00000,0x000000e8acd00000)]
  0x0000025dd2921e90 JavaThread "Common-Cleaner" daemon [_thread_blocked, id=17716, stack(0x000000e8ace00000,0x000000e8acf00000)]
  0x0000025dda8fa820 JavaThread "OkHttp repo.maven.apache.org" [_thread_in_native, id=30540, stack(0x000000e8ada00000,0x000000e8adb00000)]
  0x0000025dd5231030 JavaThread "OkHttp ConnectionPool" daemon [_thread_blocked, id=26336, stack(0x000000e8adb00000,0x000000e8adc00000)]
  0x0000025dd5231500 JavaThread "OkHttp repo.maven.apache.org Writer" [_thread_blocked, id=2756, stack(0x000000e8adc00000,0x000000e8add00000)]
  0x0000025dd4161080 JavaThread "OkHttp Http2Connection" daemon [_thread_blocked, id=1528, stack(0x000000e8add00000,0x000000e8ade00000)]
  0x0000025dd5438900 JavaThread "Okio Watchdog" daemon [_thread_blocked, id=724, stack(0x000000e8ade00000,0x000000e8adf00000)]
  0x0000025dd54392a0 JavaThread "OkHttp repo.maven.apache.org" [_thread_in_native, id=13336, stack(0x000000e8acf00000,0x000000e8ad000000)]
  0x0000025dd543a110 JavaThread "OkHttp ConnectionPool" daemon [_thread_blocked, id=5764, stack(0x000000e8adf00000,0x000000e8ae000000)]
  0x0000025dd5439770 JavaThread "OkHttp repo.maven.apache.org Writer" [_thread_blocked, id=9816, stack(0x000000e8ae000000,0x000000e8ae100000)]
  0x0000025dd5439c40 JavaThread "timeout-check-timer" daemon [_thread_blocked, id=17016, stack(0x000000e8ae100000,0x000000e8ae200000)]
  0x0000025dd2cdcf30 JavaThread "ping-timer-10s" daemon [_thread_blocked, id=24484, stack(0x000000e8ae200000,0x000000e8ae300000)]
  0x0000025dd2f7aaa0 JavaThread "C2 CompilerThread1" daemon [_thread_blocked, id=15892, stack(0x000000e8ae300000,0x000000e8ae400000)]
  0x0000025dd2cdca60 JavaThread "ThreadedStreamConsumer" daemon [_thread_blocked, id=8324, stack(0x000000e8ae400000,0x000000e8ae500000)]
  0x0000025dd2cde740 JavaThread "fork-1-err-thread" daemon [_thread_in_native, id=29340, stack(0x000000e8ae500000,0x000000e8ae600000)]
  0x0000025dd2cdbbf0 JavaThread "commands-fork-1" daemon [_thread_blocked, id=28360, stack(0x000000e8ae600000,0x000000e8ae700000)]
  0x0000025dd2cdb720 JavaThread "fork-1-event-thread" daemon [_thread_in_native, id=12404, stack(0x000000e8ae700000,0x000000e8ae800000)]

Other Threads:
  0x0000025dd1d3e740 VMThread "VM Thread" [stack: 0x000000e8ac200000,0x000000e8ac300000] [id=23620]
  0x0000025db3a56d60 WatcherThread [stack: 0x000000e8acd00000,0x000000e8ace00000] [id=30000]
  0x0000025db3a39ca0 GCTaskThread "GC Thread#0" [stack: 0x000000e8abd00000,0x000000e8abe00000] [id=11056]
  0x0000025dd311ecb0 GCTaskThread "GC Thread#1" [stack: 0x000000e8ad000000,0x000000e8ad100000] [id=23224]
  0x0000025dd3357e00 GCTaskThread "GC Thread#2" [stack: 0x000000e8ad100000,0x000000e8ad200000] [id=22920]
  0x0000025dd31a5d00 GCTaskThread "GC Thread#3" [stack: 0x000000e8ad200000,0x000000e8ad300000] [id=29708]
  0x0000025dd31a5fb0 GCTaskThread "GC Thread#4" [stack: 0x000000e8ad300000,0x000000e8ad400000] [id=15924]
  0x0000025dd31a6260 GCTaskThread "GC Thread#5" [stack: 0x000000e8ad400000,0x000000e8ad500000] [id=29700]
  0x0000025dd31a6510 GCTaskThread "GC Thread#6" [stack: 0x000000e8ad500000,0x000000e8ad600000] [id=24056]
  0x0000025dd3677830 GCTaskThread "GC Thread#7" [stack: 0x000000e8ad600000,0x000000e8ad700000] [id=20076]
  0x0000025db3a4af90 ConcurrentGCThread "G1 Main Marker" [stack: 0x000000e8abe00000,0x000000e8abf00000] [id=26340]
  0x0000025db3a4b8b0 ConcurrentGCThread "G1 Conc#0" [stack: 0x000000e8abf00000,0x000000e8ac000000] [id=16480]
  0x0000025dd4fb8300 ConcurrentGCThread "G1 Conc#1" [stack: 0x000000e8ad800000,0x000000e8ad900000] [id=16020]
  0x0000025dd1bfa100 ConcurrentGCThread "G1 Refine#0" [stack: 0x000000e8ac000000,0x000000e8ac100000] [id=14060]
  0x0000025dd5e3d7c0 ConcurrentGCThread "G1 Refine#1" [stack: 0x000000e8ad900000,0x000000e8ada00000] [id=29296]
  0x0000025dd1bfa930 ConcurrentGCThread "G1 Service" [stack: 0x000000e8ac100000,0x000000e8ac200000] [id=6844]

Threads with active compile tasks:
C2 CompilerThread0    20900 8495   !   4       java.lang.ClassLoader::loadClass (121 bytes)

VM state: not at safepoint (normal execution)

VM Mutex/Monitor currently owned by a thread: None

Heap address: 0x0000000081800000, size: 2024 MB, Compressed Oops mode: 32-bit

CDS archive(s) mapped at: [0x0000000800000000-0x0000000800bc0000-0x0000000800bc0000), size 12320768, SharedBaseAddress: 0x0000000800000000, ArchiveRelocationMode: 0.
Compressed class space mapped at: 0x0000000800c00000-0x0000000840c00000, reserved size: 1073741824
Narrow klass base: 0x0000000800000000, Narrow klass shift: 0, Narrow klass range: 0x100000000

GC Precious Log:
 CPUs: 8 total, 8 available
 Memory: 8088M
 Large Page Support: Disabled
 NUMA Support: Disabled
 Compressed Oops: Enabled (32-bit)
 Heap Region Size: 1M
 Heap Min Capacity: 8M
 Heap Initial Capacity: 128M
 Heap Max Capacity: 2024M
 Pre-touch: Disabled
 Parallel Workers: 8
 Concurrent Workers: 2
 Concurrent Refinement Workers: 8
 Periodic GC: Disabled

Heap:
 garbage-first heap   total 157696K, used 92537K [0x0000000081800000, 0x0000000100000000)
  region size 1024K, 23 young (23552K), 1 survivors (1024K)
 Metaspace       used 38258K, committed 38592K, reserved 1089536K
  class space    used 4199K, committed 4352K, reserved 1048576K

Heap Regions: E=young(eden), S=young(survivor), O=old, HS=humongous(starts), HC=humongous(continues), CS=collection set, F=free, OA=open archive, CA=closed archive, TAMS=top-at-mark-start (previous, next)
|   0|0x0000000081800000, 0x0000000081900000, 0x0000000081900000|100%| O|  |TAMS 0x0000000081900000, 0x0000000081800000| Untracked 
|   1|0x0000000081900000, 0x0000000081a00000, 0x0000000081a00000|100%| O|  |TAMS 0x0000000081a00000, 0x0000000081900000| Untracked 
|   2|0x0000000081a00000, 0x0000000081b00000, 0x0000000081b00000|100%| O|  |TAMS 0x0000000081b00000, 0x0000000081a00000| Untracked 
|   3|0x0000000081b00000, 0x0000000081c00000, 0x0000000081c00000|100%| O|  |TAMS 0x0000000081c00000, 0x0000000081b00000| Untracked 
|   4|0x0000000081c00000, 0x0000000081d00000, 0x0000000081d00000|100%| O|  |TAMS 0x0000000081d00000, 0x0000000081c00000| Untracked 
|   5|0x0000000081d00000, 0x0000000081e00000, 0x0000000081e00000|100%| O|  |TAMS 0x0000000081d00000, 0x0000000081d00000| Untracked 
|   6|0x0000000081e00000, 0x0000000081ea4e00, 0x0000000081f00000| 64%| O|  |TAMS 0x0000000081e00000, 0x0000000081e00000| Untracked 
|   7|0x0000000081f00000, 0x0000000082000000, 0x0000000082000000|100%|HS|  |TAMS 0x0000000081f00000, 0x0000000081f00000| Complete 
|   8|0x0000000082000000, 0x0000000082100000, 0x0000000082100000|100%|HC|  |TAMS 0x0000000082000000, 0x0000000082000000| Complete 
|   9|0x0000000082100000, 0x0000000082200000, 0x0000000082200000|100%| O|  |TAMS 0x0000000082200000, 0x0000000082100000| Untracked 
|  10|0x0000000082200000, 0x0000000082200000, 0x0000000082300000|  0%| F|  |TAMS 0x0000000082200000, 0x0000000082200000| Untracked 
|  11|0x0000000082300000, 0x0000000082400000, 0x0000000082400000|100%| O|  |TAMS 0x0000000082400000, 0x0000000082300000| Untracked 
|  12|0x0000000082400000, 0x0000000082500000, 0x0000000082500000|100%| O|  |TAMS 0x0000000082500000, 0x0000000082400000| Untracked 
|  13|0x0000000082500000, 0x0000000082600000, 0x0000000082600000|100%|HS|  |TAMS 0x0000000082500000, 0x0000000082500000| Complete 
|  14|0x0000000082600000, 0x0000000082700000, 0x0000000082700000|100%|HC|  |TAMS 0x0000000082600000, 0x0000000082600000| Complete 
|  15|0x0000000082700000, 0x0000000082800000, 0x0000000082800000|100%|HS|  |TAMS 0x0000000082700000, 0x0000000082700000| Complete 
|  16|0x0000000082800000, 0x0000000082900000, 0x0000000082900000|100%|HC|  |TAMS 0x0000000082800000, 0x0000000082800000| Complete 
|  17|0x0000000082900000, 0x0000000082a00000, 0x0000000082a00000|100%|HS|  |TAMS 0x0000000082900000, 0x0000000082900000| Complete 
|  18|0x0000000082a00000, 0x0000000082b00000, 0x0000000082b00000|100%|HC|  |TAMS 0x0000000082a00000, 0x0000000082a00000| Complete 
|  19|0x0000000082b00000, 0x0000000082b00000, 0x0000000082c00000|  0%| F|  |TAMS 0x0000000082b00000, 0x0000000082b00000| Untracked 
|  20|0x0000000082c00000, 0x0000000082d00000, 0x0000000082d00000|100%| O|  |TAMS 0x0000000082d00000, 0x0000000082c00000| Untracked 
|  21|0x0000000082d00000, 0x0000000082d00000, 0x0000000082e00000|  0%| F|  |TAMS 0x0000000082d00000, 0x0000000082d00000| Untracked 
|  22|0x0000000082e00000, 0x0000000082f00000, 0x0000000082f00000|100%| O|  |TAMS 0x0000000082f00000, 0x0000000082e00000| Untracked 
|  23|0x0000000082f00000, 0x0000000083000000, 0x0000000083000000|100%| O|  |TAMS 0x0000000083000000, 0x0000000082f00000| Untracked 
|  24|0x0000000083000000, 0x0000000083100000, 0x0000000083100000|100%|HS|  |TAMS 0x0000000083100000, 0x0000000083000000| Complete 
|  25|0x0000000083100000, 0x0000000083200000, 0x0000000083200000|100%|HC|  |TAMS 0x0000000083200000, 0x0000000083100000| Complete 
|  26|0x0000000083200000, 0x0000000083300000, 0x0000000083300000|100%| O|  |TAMS 0x0000000083300000, 0x0000000083200000| Untracked 
|  27|0x0000000083300000, 0x0000000083400000, 0x0000000083400000|100%|HS|  |TAMS 0x0000000083300000, 0x0000000083300000| Complete 
|  28|0x0000000083400000, 0x0000000083500000, 0x0000000083500000|100%|HC|  |TAMS 0x0000000083400000, 0x0000000083400000| Complete 
|  29|0x0000000083500000, 0x0000000083500000, 0x0000000083600000|  0%| F|  |TAMS 0x0000000083500000, 0x0000000083500000| Untracked 
|  30|0x0000000083600000, 0x0000000083700000, 0x0000000083700000|100%| O|  |TAMS 0x0000000083600000, 0x0000000083600000| Untracked 
|  31|0x0000000083700000, 0x0000000083700000, 0x0000000083800000|  0%| F|  |TAMS 0x0000000083700000, 0x0000000083700000| Untracked 
|  32|0x0000000083800000, 0x0000000083900000, 0x0000000083900000|100%| O|  |TAMS 0x0000000083900000, 0x0000000083800000| Untracked 
|  33|0x0000000083900000, 0x0000000083a00000, 0x0000000083a00000|100%|HS|  |TAMS 0x0000000083900000, 0x0000000083900000| Complete 
|  34|0x0000000083a00000, 0x0000000083b00000, 0x0000000083b00000|100%|HC|  |TAMS 0x0000000083a00000, 0x0000000083a00000| Complete 
|  35|0x0000000083b00000, 0x0000000083c00000, 0x0000000083c00000|100%| O|  |TAMS 0x0000000083c00000, 0x0000000083b00000| Untracked 
|  36|0x0000000083c00000, 0x0000000083d00000, 0x0000000083d00000|100%|HS|  |TAMS 0x0000000083c00000, 0x0000000083c00000| Complete 
|  37|0x0000000083d00000, 0x0000000083e00000, 0x0000000083e00000|100%|HC|  |TAMS 0x0000000083d00000, 0x0000000083d00000| Complete 
|  38|0x0000000083e00000, 0x0000000083f00000, 0x0000000083f00000|100%| O|  |TAMS 0x0000000083f00000, 0x0000000083e00000| Untracked 
|  39|0x0000000083f00000, 0x0000000084000000, 0x0000000084000000|100%| O|  |TAMS 0x0000000084000000, 0x0000000083f00000| Untracked 
|  40|0x0000000084000000, 0x0000000084100000, 0x0000000084100000|100%| O|  |TAMS 0x0000000084100000, 0x0000000084000000| Untracked 
|  41|0x0000000084100000, 0x0000000084200000, 0x0000000084200000|100%| O|  |TAMS 0x0000000084200000, 0x0000000084100000| Untracked 
|  42|0x0000000084200000, 0x0000000084200000, 0x0000000084300000|  0%| F|  |TAMS 0x0000000084200000, 0x0000000084200000| Untracked 
|  43|0x0000000084300000, 0x0000000084400000, 0x0000000084400000|100%|HS|  |TAMS 0x0000000084400000, 0x0000000084300000| Complete 
|  44|0x0000000084400000, 0x0000000084500000, 0x0000000084500000|100%|HS|  |TAMS 0x0000000084400000, 0x0000000084400000| Complete 
|  45|0x0000000084500000, 0x0000000084600000, 0x0000000084600000|100%|HC|  |TAMS 0x0000000084500000, 0x0000000084500000| Complete 
|  46|0x0000000084600000, 0x0000000084700000, 0x0000000084700000|100%|HS|  |TAMS 0x0000000084600000, 0x0000000084600000| Complete 
|  47|0x0000000084700000, 0x0000000084800000, 0x0000000084800000|100%|HC|  |TAMS 0x0000000084700000, 0x0000000084700000| Complete 
|  48|0x0000000084800000, 0x0000000084900000, 0x0000000084900000|100%|HS|  |TAMS 0x0000000084800000, 0x0000000084800000| Complete 
|  49|0x0000000084900000, 0x0000000084a00000, 0x0000000084a00000|100%|HC|  |TAMS 0x0000000084900000, 0x0000000084900000| Complete 
|  50|0x0000000084a00000, 0x0000000084b00000, 0x0000000084b00000|100%|HS|  |TAMS 0x0000000084a00000, 0x0000000084a00000| Complete 
|  51|0x0000000084b00000, 0x0000000084c00000, 0x0000000084c00000|100%|HC|  |TAMS 0x0000000084b00000, 0x0000000084b00000| Complete 
|  52|0x0000000084c00000, 0x0000000084d00000, 0x0000000084d00000|100%| O|  |TAMS 0x0000000084d00000, 0x0000000084c00000| Untracked 
|  53|0x0000000084d00000, 0x0000000084e00000, 0x0000000084e00000|100%| O|  |TAMS 0x0000000084e00000, 0x0000000084d00000| Untracked 
|  54|0x0000000084e00000, 0x0000000084f00000, 0x0000000084f00000|100%| O|  |TAMS 0x0000000084f00000, 0x0000000084e00000| Untracked 
|  55|0x0000000084f00000, 0x0000000085000000, 0x0000000085000000|100%| O|  |TAMS 0x0000000085000000, 0x0000000084f00000| Untracked 
|  56|0x0000000085000000, 0x0000000085100000, 0x0000000085100000|100%| O|  |TAMS 0x0000000085100000, 0x0000000085000000| Untracked 
|  57|0x0000000085100000, 0x0000000085200000, 0x0000000085200000|100%|HS|  |TAMS 0x0000000085100000, 0x0000000085100000| Complete 
|  58|0x0000000085200000, 0x0000000085300000, 0x0000000085300000|100%|HC|  |TAMS 0x0000000085200000, 0x0000000085200000| Complete 
|  59|0x0000000085300000, 0x0000000085400000, 0x0000000085400000|100%| O|  |TAMS 0x0000000085400000, 0x0000000085300000| Untracked 
|  60|0x0000000085400000, 0x0000000085400000, 0x0000000085500000|  0%| F|  |TAMS 0x0000000085400000, 0x0000000085400000| Untracked 
|  61|0x0000000085500000, 0x0000000085600000, 0x0000000085600000|100%| O|  |TAMS 0x0000000085600000, 0x0000000085500000| Untracked 
|  62|0x0000000085600000, 0x0000000085600000, 0x0000000085700000|  0%| F|  |TAMS 0x0000000085600000, 0x0000000085600000| Untracked 
|  63|0x0000000085700000, 0x0000000085800000, 0x0000000085800000|100%| O|  |TAMS 0x0000000085700000, 0x0000000085700000| Untracked 
|  64|0x0000000085800000, 0x0000000085900000, 0x0000000085900000|100%| O|  |TAMS 0x0000000085900000, 0x0000000085800000| Untracked 
|  65|0x0000000085900000, 0x0000000085a00000, 0x0000000085a00000|100%| O|  |TAMS 0x0000000085a00000, 0x0000000085900000| Untracked 
|  66|0x0000000085a00000, 0x0000000085b00000, 0x0000000085b00000|100%| O|  |TAMS 0x0000000085b00000, 0x0000000085a00000| Untracked 
|  67|0x0000000085b00000, 0x0000000085c00000, 0x0000000085c00000|100%| O|  |TAMS 0x0000000085c00000, 0x0000000085b00000| Untracked 
|  68|0x0000000085c00000, 0x0000000085d00000, 0x0000000085d00000|100%|HS|  |TAMS 0x0000000085c00000, 0x0000000085c00000| Complete 
|  69|0x0000000085d00000, 0x0000000085e00000, 0x0000000085e00000|100%|HC|  |TAMS 0x0000000085d00000, 0x0000000085d00000| Complete 
|  70|0x0000000085e00000, 0x0000000085f00000, 0x0000000085f00000|100%|HS|  |TAMS 0x0000000085e00000, 0x0000000085e00000| Complete 
|  71|0x0000000085f00000, 0x0000000086000000, 0x0000000086000000|100%|HC|  |TAMS 0x0000000085f00000, 0x0000000085f00000| Complete 
|  72|0x0000000086000000, 0x0000000086000000, 0x0000000086100000|  0%| F|  |TAMS 0x0000000086000000, 0x0000000086000000| Untracked 
|  73|0x0000000086100000, 0x0000000086100000, 0x0000000086200000|  0%| F|  |TAMS 0x0000000086100000, 0x0000000086100000| Untracked 
|  74|0x0000000086200000, 0x0000000086200000, 0x0000000086300000|  0%| F|  |TAMS 0x0000000086200000, 0x0000000086200000| Untracked 
|  75|0x0000000086300000, 0x0000000086300000, 0x0000000086400000|  0%| F|  |TAMS 0x0000000086300000, 0x0000000086300000| Untracked 
|  76|0x0000000086400000, 0x0000000086400000, 0x0000000086500000|  0%| F|  |TAMS 0x0000000086400000, 0x0000000086400000| Untracked 
|  77|0x0000000086500000, 0x0000000086500000, 0x0000000086600000|  0%| F|  |TAMS 0x0000000086500000, 0x0000000086500000| Untracked 
|  78|0x0000000086600000, 0x0000000086600000, 0x0000000086700000|  0%| F|  |TAMS 0x0000000086600000, 0x0000000086600000| Untracked 
|  79|0x0000000086700000, 0x0000000086700000, 0x0000000086800000|  0%| F|  |TAMS 0x0000000086700000, 0x0000000086700000| Untracked 
|  80|0x0000000086800000, 0x0000000086800000, 0x0000000086900000|  0%| F|  |TAMS 0x0000000086800000, 0x0000000086800000| Untracked 
|  81|0x0000000086900000, 0x0000000086900000, 0x0000000086a00000|  0%| F|  |TAMS 0x0000000086900000, 0x0000000086900000| Untracked 
|  82|0x0000000086a00000, 0x0000000086a00000, 0x0000000086b00000|  0%| F|  |TAMS 0x0000000086a00000, 0x0000000086a00000| Untracked 
|  83|0x0000000086b00000, 0x0000000086b00000, 0x0000000086c00000|  0%| F|  |TAMS 0x0000000086b00000, 0x0000000086b00000| Untracked 
|  84|0x0000000086c00000, 0x0000000086c00000, 0x0000000086d00000|  0%| F|  |TAMS 0x0000000086c00000, 0x0000000086c00000| Untracked 
|  85|0x0000000086d00000, 0x0000000086d00000, 0x0000000086e00000|  0%| F|  |TAMS 0x0000000086d00000, 0x0000000086d00000| Untracked 
|  86|0x0000000086e00000, 0x0000000086e00000, 0x0000000086f00000|  0%| F|  |TAMS 0x0000000086e00000, 0x0000000086e00000| Untracked 
|  87|0x0000000086f00000, 0x0000000086f00000, 0x0000000087000000|  0%| F|  |TAMS 0x0000000086f00000, 0x0000000086f00000| Untracked 
|  88|0x0000000087000000, 0x0000000087000000, 0x0000000087100000|  0%| F|  |TAMS 0x0000000087000000, 0x0000000087000000| Untracked 
|  89|0x0000000087100000, 0x0000000087100000, 0x0000000087200000|  0%| F|  |TAMS 0x0000000087100000, 0x0000000087100000| Untracked 
|  90|0x0000000087200000, 0x0000000087200000, 0x0000000087300000|  0%| F|  |TAMS 0x0000000087200000, 0x0000000087200000| Untracked 
|  91|0x0000000087300000, 0x0000000087300000, 0x0000000087400000|  0%| F|  |TAMS 0x0000000087300000, 0x0000000087300000| Untracked 
|  92|0x0000000087400000, 0x0000000087400000, 0x0000000087500000|  0%| F|  |TAMS 0x0000000087400000, 0x0000000087400000| Untracked 
|  93|0x0000000087500000, 0x0000000087500000, 0x0000000087600000|  0%| F|  |TAMS 0x0000000087500000, 0x0000000087500000| Untracked 
|  94|0x0000000087600000, 0x0000000087600000, 0x0000000087700000|  0%| F|  |TAMS 0x0000000087600000, 0x0000000087600000| Untracked 
|  95|0x0000000087700000, 0x0000000087700000, 0x0000000087800000|  0%| F|  |TAMS 0x0000000087700000, 0x0000000087700000| Untracked 
|  96|0x0000000087800000, 0x0000000087800000, 0x0000000087900000|  0%| F|  |TAMS 0x0000000087800000, 0x0000000087800000| Untracked 
|  97|0x0000000087900000, 0x0000000087900000, 0x0000000087a00000|  0%| F|  |TAMS 0x0000000087900000, 0x0000000087900000| Untracked 
|  98|0x0000000087a00000, 0x0000000087a00000, 0x0000000087b00000|  0%| F|  |TAMS 0x0000000087a00000, 0x0000000087a00000| Untracked 
|  99|0x0000000087b00000, 0x0000000087b00000, 0x0000000087c00000|  0%| F|  |TAMS 0x0000000087b00000, 0x0000000087b00000| Untracked 
| 100|0x0000000087c00000, 0x0000000087c00000, 0x0000000087d00000|  0%| F|  |TAMS 0x0000000087c00000, 0x0000000087c00000| Untracked 
| 101|0x0000000087d00000, 0x0000000087d00000, 0x0000000087e00000|  0%| F|  |TAMS 0x0000000087d00000, 0x0000000087d00000| Untracked 
| 102|0x0000000087e00000, 0x0000000087e00000, 0x0000000087f00000|  0%| F|  |TAMS 0x0000000087e00000, 0x0000000087e00000| Untracked 
| 103|0x0000000087f00000, 0x0000000087f00000, 0x0000000088000000|  0%| F|  |TAMS 0x0000000087f00000, 0x0000000087f00000| Untracked 
| 104|0x0000000088000000, 0x0000000088000000, 0x0000000088100000|  0%| F|  |TAMS 0x0000000088000000, 0x0000000088000000| Untracked 
| 105|0x0000000088100000, 0x0000000088100000, 0x0000000088200000|  0%| F|  |TAMS 0x0000000088100000, 0x0000000088100000| Untracked 
| 106|0x0000000088200000, 0x0000000088200000, 0x0000000088300000|  0%| F|  |TAMS 0x0000000088200000, 0x0000000088200000| Untracked 
| 107|0x0000000088300000, 0x0000000088300000, 0x0000000088400000|  0%| F|  |TAMS 0x0000000088300000, 0x0000000088300000| Untracked 
| 108|0x0000000088400000, 0x0000000088400000, 0x0000000088500000|  0%| F|  |TAMS 0x0000000088400000, 0x0000000088400000| Untracked 
| 109|0x0000000088500000, 0x0000000088500000, 0x0000000088600000|  0%| F|  |TAMS 0x0000000088500000, 0x0000000088500000| Untracked 
| 110|0x0000000088600000, 0x0000000088600000, 0x0000000088700000|  0%| F|  |TAMS 0x0000000088600000, 0x0000000088600000| Untracked 
| 111|0x0000000088700000, 0x0000000088700000, 0x0000000088800000|  0%| F|  |TAMS 0x0000000088700000, 0x0000000088700000| Untracked 
| 112|0x0000000088800000, 0x0000000088800000, 0x0000000088900000|  0%| F|  |TAMS 0x0000000088800000, 0x0000000088800000| Untracked 
| 113|0x0000000088900000, 0x0000000088900000, 0x0000000088a00000|  0%| F|  |TAMS 0x0000000088900000, 0x0000000088900000| Untracked 
| 114|0x0000000088a00000, 0x0000000088a00000, 0x0000000088b00000|  0%| F|  |TAMS 0x0000000088a00000, 0x0000000088a00000| Untracked 
| 115|0x0000000088b00000, 0x0000000088b00000, 0x0000000088c00000|  0%| F|  |TAMS 0x0000000088b00000, 0x0000000088b00000| Untracked 
| 116|0x0000000088c00000, 0x0000000088c00000, 0x0000000088d00000|  0%| F|  |TAMS 0x0000000088c00000, 0x0000000088c00000| Untracked 
| 117|0x0000000088d00000, 0x0000000088d00000, 0x0000000088e00000|  0%| F|  |TAMS 0x0000000088d00000, 0x0000000088d00000| Untracked 
| 118|0x0000000088e00000, 0x0000000088e00000, 0x0000000088f00000|  0%| F|  |TAMS 0x0000000088e00000, 0x0000000088e00000| Untracked 
| 119|0x0000000088f00000, 0x0000000089000000, 0x0000000089000000|100%| O|  |TAMS 0x0000000088f00000, 0x0000000088f00000| Untracked 
| 120|0x0000000089000000, 0x0000000089100000, 0x0000000089100000|100%| O|  |TAMS 0x0000000089000000, 0x0000000089000000| Untracked 
| 121|0x0000000089100000, 0x0000000089100000, 0x0000000089200000|  0%| F|  |TAMS 0x0000000089100000, 0x0000000089100000| Untracked 
| 122|0x0000000089200000, 0x0000000089200000, 0x0000000089300000|  0%| F|  |TAMS 0x0000000089200000, 0x0000000089200000| Untracked 
| 123|0x0000000089300000, 0x0000000089300000, 0x0000000089400000|  0%| F|  |TAMS 0x0000000089300000, 0x0000000089300000| Untracked 
| 124|0x0000000089400000, 0x0000000089400000, 0x0000000089500000|  0%| F|  |TAMS 0x0000000089400000, 0x0000000089400000| Untracked 
| 125|0x0000000089500000, 0x0000000089500000, 0x0000000089600000|  0%| F|  |TAMS 0x0000000089500000, 0x0000000089500000| Untracked 
| 126|0x0000000089600000, 0x0000000089600000, 0x0000000089700000|  0%| F|  |TAMS 0x0000000089600000, 0x0000000089600000| Untracked 
| 127|0x0000000089700000, 0x0000000089700000, 0x0000000089800000|  0%| F|  |TAMS 0x0000000089700000, 0x0000000089700000| Untracked 
| 128|0x0000000089800000, 0x000000008984fe50, 0x0000000089900000| 31%| E|  |TAMS 0x0000000089800000, 0x0000000089800000| Complete 
| 129|0x0000000089900000, 0x0000000089a00000, 0x0000000089a00000|100%| E|CS|TAMS 0x0000000089900000, 0x0000000089900000| Complete 
| 130|0x0000000089a00000, 0x0000000089b00000, 0x0000000089b00000|100%| E|CS|TAMS 0x0000000089a00000, 0x0000000089a00000| Complete 
| 131|0x0000000089b00000, 0x0000000089c00000, 0x0000000089c00000|100%| E|CS|TAMS 0x0000000089b00000, 0x0000000089b00000| Complete 
| 132|0x0000000089c00000, 0x0000000089d00000, 0x0000000089d00000|100%| E|CS|TAMS 0x0000000089c00000, 0x0000000089c00000| Complete 
| 133|0x0000000089d00000, 0x0000000089e00000, 0x0000000089e00000|100%| E|CS|TAMS 0x0000000089d00000, 0x0000000089d00000| Complete 
| 134|0x0000000089e00000, 0x0000000089f00000, 0x0000000089f00000|100%| E|CS|TAMS 0x0000000089e00000, 0x0000000089e00000| Complete 
| 135|0x0000000089f00000, 0x000000008a000000, 0x000000008a000000|100%| E|CS|TAMS 0x0000000089f00000, 0x0000000089f00000| Complete 
| 136|0x000000008a000000, 0x000000008a100000, 0x000000008a100000|100%| E|CS|TAMS 0x000000008a000000, 0x000000008a000000| Complete 
| 137|0x000000008a100000, 0x000000008a200000, 0x000000008a200000|100%| E|CS|TAMS 0x000000008a100000, 0x000000008a100000| Complete 
| 138|0x000000008a200000, 0x000000008a300000, 0x000000008a300000|100%| E|CS|TAMS 0x000000008a200000, 0x000000008a200000| Complete 
| 139|0x000000008a300000, 0x000000008a400000, 0x000000008a400000|100%| E|CS|TAMS 0x000000008a300000, 0x000000008a300000| Complete 
| 140|0x000000008a400000, 0x000000008a500000, 0x000000008a500000|100%| E|CS|TAMS 0x000000008a400000, 0x000000008a400000| Complete 
| 141|0x000000008a500000, 0x000000008a5b9650, 0x000000008a600000| 72%| S|CS|TAMS 0x000000008a500000, 0x000000008a500000| Complete 
| 142|0x000000008a600000, 0x000000008a700000, 0x000000008a700000|100%| E|CS|TAMS 0x000000008a600000, 0x000000008a600000| Complete 
| 143|0x000000008a700000, 0x000000008a800000, 0x000000008a800000|100%| E|CS|TAMS 0x000000008a700000, 0x000000008a700000| Complete 
| 144|0x000000008a800000, 0x000000008a900000, 0x000000008a900000|100%| E|CS|TAMS 0x000000008a800000, 0x000000008a800000| Complete 
| 145|0x000000008a900000, 0x000000008aa00000, 0x000000008aa00000|100%| E|CS|TAMS 0x000000008a900000, 0x000000008a900000| Complete 
| 146|0x000000008aa00000, 0x000000008ab00000, 0x000000008ab00000|100%| E|CS|TAMS 0x000000008aa00000, 0x000000008aa00000| Complete 
| 156|0x000000008b400000, 0x000000008b500000, 0x000000008b500000|100%| E|CS|TAMS 0x000000008b400000, 0x000000008b400000| Complete 
|2018|0x00000000ffa00000, 0x00000000ffb00000, 0x00000000ffb00000|100%| E|CS|TAMS 0x00000000ffa00000, 0x00000000ffa00000| Complete 
|2019|0x00000000ffb00000, 0x00000000ffc00000, 0x00000000ffc00000|100%| O|  |TAMS 0x00000000ffc00000, 0x00000000ffb00000| Untracked 
|2020|0x00000000ffc00000, 0x00000000ffd00000, 0x00000000ffd00000|100%| O|  |TAMS 0x00000000ffd00000, 0x00000000ffc00000| Untracked 
|2021|0x00000000ffd00000, 0x00000000ffe00000, 0x00000000ffe00000|100%| E|CS|TAMS 0x00000000ffd00000, 0x00000000ffd00000| Complete 
|2022|0x00000000ffe00000, 0x00000000fff00000, 0x00000000fff00000|100%| O|  |TAMS 0x00000000fff00000, 0x00000000ffe00000| Untracked 
|2023|0x00000000fff00000, 0x0000000100000000, 0x0000000100000000|100%| E|CS|TAMS 0x00000000fff00000, 0x00000000fff00000| Complete 

Card table byte_map: [0x0000025dcabf0000,0x0000025dcaff0000] _byte_map_base: 0x0000025dca7e4000

Marking Bits (Prev, Next): (CMBitMap*) 0x0000025db3a3a200, (CMBitMap*) 0x0000025db3a3a1c0
 Prev Bits: [0x0000025dcd390000, 0x0000025dcf330000)
 Next Bits: [0x0000025dcb3f0000, 0x0000025dcd390000)

Polling page: 0x0000025db1970000

Metaspace:

Usage:
  Non-class:     33.26 MB used.
      Class:      4.10 MB used.
       Both:     37.36 MB used.

Virtual space:
  Non-class space:       40.00 MB reserved,      33.44 MB ( 84%) committed,  5 nodes.
      Class space:        1.00 GB reserved,       4.25 MB ( <1%) committed,  1 nodes.
             Both:        1.04 GB reserved,      37.69 MB (  4%) committed. 

Chunk freelists:
   Non-Class:  2.00 MB
       Class:  3.66 MB
        Both:  5.66 MB

MaxMetaspaceSize: unlimited
CompressedClassSpaceSize: 1.00 GB
Initial GC threshold: 21.00 MB
Current GC threshold: 58.44 MB
CDS: on
MetaspaceReclaimPolicy: balanced
 - commit_granule_bytes: 65536.
 - commit_granule_words: 8192.
 - virtual_space_node_default_size: 1048576.
 - enlarge_chunks_in_place: 1.
 - new_chunks_are_fully_committed: 0.
 - uncommit_free_chunks: 1.
 - use_allocation_guard: 0.
 - handle_deallocations: 1.


Internal statistics:

num_allocs_failed_limit: 6.
num_arena_births: 258.
num_arena_deaths: 6.
num_vsnodes_births: 6.
num_vsnodes_deaths: 0.
num_space_committed: 620.
num_space_uncommitted: 17.
num_chunks_returned_to_freelist: 77.
num_chunks_taken_from_freelist: 1551.
num_chunk_merges: 27.
num_chunk_splits: 1062.
num_chunks_enlarged: 810.
num_purges: 2.
num_inconsistent_stats: 0.

CodeHeap 'non-profiled nmethods': size=120000Kb used=4469Kb max_used=4598Kb free=115530Kb
 bounds [0x0000025dc2f90000, 0x0000025dc3410000, 0x0000025dca4c0000]
CodeHeap 'profiled nmethods': size=120000Kb used=15147Kb max_used=15147Kb free=104852Kb
 bounds [0x0000025dbb4c0000, 0x0000025dbc390000, 0x0000025dc29f0000]
CodeHeap 'non-nmethods': size=5760Kb used=1301Kb max_used=1373Kb free=4458Kb
 bounds [0x0000025dc29f0000, 0x0000025dc2c60000, 0x0000025dc2f90000]
 total_blobs=7850 nmethods=7227 adapters=535
 compilation: enabled
              stopped_count=0, restarted_count=0
 full_count=0

Compilation events (20 events):
Event: 20.314 Thread 0x0000025dd1d73620 nmethod 8489 0x0000025dbc388a10 code [0x0000025dbc388be0, 0x0000025dbc388f28]
Event: 20.314 Thread 0x0000025dd1d73620 8490       3       java.lang.AbstractStringBuilder::putStringAt (34 bytes)
Event: 20.314 Thread 0x0000025dd1d73620 nmethod 8490 0x0000025dbc389090 code [0x0000025dbc389260, 0x0000025dbc389578]
Event: 20.314 Thread 0x0000025dd1d73620 8488       3       java.lang.ProcessEnvironment$CheckedEntry::getValue (5 bytes)
Event: 20.314 Thread 0x0000025dd1d73620 nmethod 8488 0x0000025dbc389710 code [0x0000025dbc3898c0, 0x0000025dbc389c08]
Event: 20.319 Thread 0x0000025dd1d71900 nmethod 8427 0x0000025dc3266d10 code [0x0000025dc3266f00, 0x0000025dc3268c48]
Event: 20.319 Thread 0x0000025dd1d71900 8453       4       sun.nio.fs.WindowsPath::elementAsString (62 bytes)
Event: 20.327 Thread 0x0000025dd1d73620 8492       3       jdk.internal.org.objectweb.asm.ClassWriter::visit (160 bytes)
Event: 20.328 Thread 0x0000025dd1d73620 nmethod 8492 0x0000025dbc389d10 code [0x0000025dbc389f40, 0x0000025dbc38a778]
Event: 20.334 Thread 0x0000025dd1d73620 8494       3       java.lang.AbstractStringBuilder::putStringAt (12 bytes)
Event: 20.334 Thread 0x0000025dd1d73620 nmethod 8494 0x0000025dbc38ab90 code [0x0000025dbc38ad40, 0x0000025dbc38af88]
Event: 20.337 Thread 0x0000025dd1d71900 nmethod 8453 0x0000025dc3265390 code [0x0000025dc3265580, 0x0000025dc3266108]
Event: 20.337 Thread 0x0000025dd1d71900 8431       4       java.lang.AbstractStringBuilder::getCoder (15 bytes)
Event: 20.337 Thread 0x0000025dd1d71900 nmethod 8431 0x0000025dc3265090 code [0x0000025dc3265200, 0x0000025dc3265278]
Event: 20.340 Thread 0x0000025dd1d71900 8495   !   4       java.lang.ClassLoader::loadClass (121 bytes)
Event: 20.367 Thread 0x0000025dd1d73620 8496       3       java.util.zip.CRC32::update (51 bytes)
Event: 20.368 Thread 0x0000025dd1d73620 nmethod 8496 0x0000025dbc38b110 code [0x0000025dbc38b300, 0x0000025dbc38b788]
Event: 20.368 Thread 0x0000025dd1d73620 8497       3       java.util.zip.CRC32::updateBytes (14 bytes)
Event: 20.368 Thread 0x0000025dd1d73620 nmethod 8497 0x0000025dbc38b990 code [0x0000025dbc38bb40, 0x0000025dbc38bca8]
Event: 20.412 Thread 0x0000025dd2f7aaa0 nmethod 8448 0x0000025dc32bb110 code [0x0000025dc32bb3a0, 0x0000025dc32bdae8]

GC Heap History (20 events):
Event: 7.818 GC heap before
{Heap before GC invocations=7 (full 0):
 garbage-first heap   total 98304K, used 41846K [0x0000000081800000, 0x0000000100000000)
  region size 1024K, 8 young (8192K), 7 survivors (7168K)
 Metaspace       used 25068K, committed 25344K, reserved 1073152K
  class space    used 2791K, committed 2880K, reserved 1048576K
}
Event: 7.831 GC heap after
{Heap after GC invocations=8 (full 0):
 garbage-first heap   total 98304K, used 41984K [0x0000000081800000, 0x0000000100000000)
  region size 1024K, 1 young (1024K), 1 survivors (1024K)
 Metaspace       used 25068K, committed 25344K, reserved 1073152K
  class space    used 2791K, committed 2880K, reserved 1048576K
}
Event: 8.962 GC heap before
{Heap before GC invocations=8 (full 0):
 garbage-first heap   total 98304K, used 71680K [0x0000000081800000, 0x0000000100000000)
  region size 1024K, 30 young (30720K), 1 survivors (1024K)
 Metaspace       used 26339K, committed 26624K, reserved 1073152K
  class space    used 2889K, committed 3008K, reserved 1048576K
}
Event: 8.979 GC heap after
{Heap after GC invocations=9 (full 0):
 garbage-first heap   total 166912K, used 46080K [0x0000000081800000, 0x0000000100000000)
  region size 1024K, 4 young (4096K), 4 survivors (4096K)
 Metaspace       used 26339K, committed 26624K, reserved 1073152K
  class space    used 2889K, committed 3008K, reserved 1048576K
}
Event: 12.444 GC heap before
{Heap before GC invocations=10 (full 0):
 garbage-first heap   total 157696K, used 114688K [0x0000000081800000, 0x0000000100000000)
  region size 1024K, 68 young (69632K), 4 survivors (4096K)
 Metaspace       used 29502K, committed 29888K, reserved 1081344K
  class space    used 3244K, committed 3456K, reserved 1048576K
}
Event: 12.460 GC heap after
{Heap after GC invocations=11 (full 0):
 garbage-first heap   total 157696K, used 50087K [0x0000000081800000, 0x0000000100000000)
  region size 1024K, 7 young (7168K), 7 survivors (7168K)
 Metaspace       used 29502K, committed 29888K, reserved 1081344K
  class space    used 3244K, committed 3456K, reserved 1048576K
}
Event: 12.466 GC heap before
{Heap before GC invocations=11 (full 0):
 garbage-first heap   total 157696K, used 51111K [0x0000000081800000, 0x0000000100000000)
  region size 1024K, 8 young (8192K), 7 survivors (7168K)
 Metaspace       used 29503K, committed 29888K, reserved 1081344K
  class space    used 3244K, committed 3456K, reserved 1048576K
}
Event: 12.483 GC heap after
{Heap after GC invocations=12 (full 0):
 garbage-first heap   total 157696K, used 50434K [0x0000000081800000, 0x0000000100000000)
  region size 1024K, 1 young (1024K), 1 survivors (1024K)
 Metaspace       used 29503K, committed 29888K, reserved 1081344K
  class space    used 3244K, committed 3456K, reserved 1048576K
}
Event: 13.913 GC heap before
{Heap before GC invocations=12 (full 0):
 garbage-first heap   total 157696K, used 113922K [0x0000000081800000, 0x0000000100000000)
  region size 1024K, 59 young (60416K), 1 survivors (1024K)
 Metaspace       used 29653K, committed 30080K, reserved 1081344K
  class space    used 3249K, committed 3456K, reserved 1048576K
}
Event: 13.939 GC heap after
{Heap after GC invocations=13 (full 0):
 garbage-first heap   total 157696K, used 77170K [0x0000000081800000, 0x0000000100000000)
  region size 1024K, 8 young (8192K), 8 survivors (8192K)
 Metaspace       used 29653K, committed 30080K, reserved 1081344K
  class space    used 3249K, committed 3456K, reserved 1048576K
}
Event: 15.737 GC heap before
{Heap before GC invocations=13 (full 0):
 garbage-first heap   total 157696K, used 115058K [0x0000000081800000, 0x0000000100000000)
  region size 1024K, 46 young (47104K), 8 survivors (8192K)
 Metaspace       used 32204K, committed 32512K, reserved 1081344K
  class space    used 3546K, committed 3712K, reserved 1048576K
}
Event: 15.752 GC heap after
{Heap after GC invocations=14 (full 0):
 garbage-first heap   total 157696K, used 76800K [0x0000000081800000, 0x0000000100000000)
  region size 1024K, 3 young (3072K), 3 survivors (3072K)
 Metaspace       used 32204K, committed 32512K, reserved 1081344K
  class space    used 3546K, committed 3712K, reserved 1048576K
}
Event: 16.627 GC heap before
{Heap before GC invocations=14 (full 0):
 garbage-first heap   total 157696K, used 84992K [0x0000000081800000, 0x0000000100000000)
  region size 1024K, 12 young (12288K), 3 survivors (3072K)
 Metaspace       used 36657K, committed 36992K, reserved 1089536K
  class space    used 4080K, committed 4224K, reserved 1048576K
}
Event: 16.631 GC heap after
{Heap after GC invocations=15 (full 0):
 garbage-first heap   total 157696K, used 76773K [0x0000000081800000, 0x0000000100000000)
  region size 1024K, 3 young (3072K), 3 survivors (3072K)
 Metaspace       used 36657K, committed 36992K, reserved 1089536K
  class space    used 4080K, committed 4224K, reserved 1048576K
}
Event: 18.001 GC heap before
{Heap before GC invocations=16 (full 0):
 garbage-first heap   total 157696K, used 149477K [0x0000000081800000, 0x0000000100000000)
  region size 1024K, 17 young (17408K), 3 survivors (3072K)
 Metaspace       used 35588K, committed 36096K, reserved 1089536K
  class space    used 3933K, committed 4160K, reserved 1048576K
}
Event: 18.006 GC heap after
{Heap after GC invocations=17 (full 0):
 garbage-first heap   total 157696K, used 75270K [0x0000000081800000, 0x0000000100000000)
  region size 1024K, 4 young (4096K), 4 survivors (4096K)
 Metaspace       used 35588K, committed 36096K, reserved 1089536K
  class space    used 3933K, committed 4160K, reserved 1048576K
}
Event: 18.566 GC heap before
{Heap before GC invocations=17 (full 0):
 garbage-first heap   total 157696K, used 132614K [0x0000000081800000, 0x0000000100000000)
  region size 1024K, 7 young (7168K), 4 survivors (4096K)
 Metaspace       used 35755K, committed 36096K, reserved 1089536K
  class space    used 3933K, committed 4160K, reserved 1048576K
}
Event: 18.570 GC heap after
{Heap after GC invocations=18 (full 0):
 garbage-first heap   total 157696K, used 55729K [0x0000000081800000, 0x0000000100000000)
  region size 1024K, 1 young (1024K), 1 survivors (1024K)
 Metaspace       used 35755K, committed 36096K, reserved 1089536K
  class space    used 3933K, committed 4160K, reserved 1048576K
}
Event: 19.190 GC heap before
{Heap before GC invocations=18 (full 0):
 garbage-first heap   total 157696K, used 60849K [0x0000000081800000, 0x0000000100000000)
  region size 1024K, 7 young (7168K), 1 survivors (1024K)
 Metaspace       used 36180K, committed 36608K, reserved 1089536K
  class space    used 3971K, committed 4160K, reserved 1048576K
}
Event: 19.194 GC heap after
{Heap after GC invocations=19 (full 0):
 garbage-first heap   total 157696K, used 42361K [0x0000000081800000, 0x0000000100000000)
  region size 1024K, 1 young (1024K), 1 survivors (1024K)
 Metaspace       used 36180K, committed 36608K, reserved 1089536K
  class space    used 3971K, committed 4160K, reserved 1048576K
}

Dll operation events (9 events):
Event: 0.014 Loaded shared library C:\pleiades\2022-12\java\17\bin\java.dll
Event: 0.030 Loaded shared library C:\pleiades\2022-12\java\17\bin\jsvml.dll
Event: 0.102 Loaded shared library C:\pleiades\2022-12\java\17\bin\net.dll
Event: 0.104 Loaded shared library C:\pleiades\2022-12\java\17\bin\nio.dll
Event: 0.108 Loaded shared library C:\pleiades\2022-12\java\17\bin\zip.dll
Event: 0.506 Loaded shared library C:\pleiades\2022-12\java\17\bin\jimage.dll
Event: 0.591 Loaded shared library C:\Users\ganon\AppData\Local\Temp\jansi-2.4.0-af0d373a4234b839-jansi.dll
Event: 0.610 Loaded shared library C:\pleiades\2022-12\java\17\bin\verify.dll
Event: 16.052 Loaded shared library C:\pleiades\2022-12\java\17\bin\sunmscapi.dll

Deoptimization events (20 events):
Event: 20.313 Thread 0x0000025db39dd9c0 Uncommon trap: trap_request=0xffffff45 fr.pc=0x0000025dc319d774 relative=0x0000000000000154
Event: 20.313 Thread 0x0000025db39dd9c0 Uncommon trap: reason=unstable_if action=reinterpret pc=0x0000025dc319d774 method=java.lang.String.getBytes([BIIBI)V @ 6 c2
Event: 20.313 Thread 0x0000025db39dd9c0 DEOPT PACKING pc=0x0000025dc319d774 sp=0x000000e8abcfd220
Event: 20.313 Thread 0x0000025db39dd9c0 DEOPT UNPACKING pc=0x0000025dc2a469a3 sp=0x000000e8abcfd0e0 mode 2
Event: 20.313 Thread 0x0000025db39dd9c0 Uncommon trap: trap_request=0xffffff45 fr.pc=0x0000025dc2fbbf6c relative=0x000000000000014c
Event: 20.313 Thread 0x0000025db39dd9c0 Uncommon trap: reason=unstable_if action=reinterpret pc=0x0000025dc2fbbf6c method=java.lang.AbstractStringBuilder.putStringAt(ILjava/lang/String;II)V @ 8 c2
Event: 20.313 Thread 0x0000025db39dd9c0 DEOPT PACKING pc=0x0000025dc2fbbf6c sp=0x000000e8abcfd1a0
Event: 20.313 Thread 0x0000025db39dd9c0 DEOPT UNPACKING pc=0x0000025dc2a469a3 sp=0x000000e8abcfd168 mode 2
Event: 20.359 Thread 0x0000025dd2cde740 Uncommon trap: trap_request=0xffffffc6 fr.pc=0x0000025dc338e974 relative=0x0000000000000934
Event: 20.359 Thread 0x0000025dd2cde740 Uncommon trap: reason=bimorphic_or_optimized_type_check action=maybe_recompile pc=0x0000025dc338e974 method=java.util.regex.Matcher.getTextLength()I @ 4 c2
Event: 20.359 Thread 0x0000025dd2cde740 DEOPT PACKING pc=0x0000025dc338e974 sp=0x000000e8ae5ff4f0
Event: 20.359 Thread 0x0000025dd2cde740 DEOPT UNPACKING pc=0x0000025dc2a469a3 sp=0x000000e8ae5ff360 mode 2
Event: 20.360 Thread 0x0000025dd2cde740 Uncommon trap: trap_request=0xffffff45 fr.pc=0x0000025dc322ef84 relative=0x0000000000000084
Event: 20.360 Thread 0x0000025dd2cde740 Uncommon trap: reason=unstable_if action=reinterpret pc=0x0000025dc322ef84 method=java.lang.String.codePointAt(I)I @ 4 c2
Event: 20.360 Thread 0x0000025dd2cde740 DEOPT PACKING pc=0x0000025dc322ef84 sp=0x000000e8ae5ff3a0
Event: 20.360 Thread 0x0000025dd2cde740 DEOPT UNPACKING pc=0x0000025dc2a469a3 sp=0x000000e8ae5ff338 mode 2
Event: 20.360 Thread 0x0000025dd2cde740 Uncommon trap: trap_request=0xffffffc6 fr.pc=0x0000025dc3155998 relative=0x0000000000000278
Event: 20.360 Thread 0x0000025dd2cde740 Uncommon trap: reason=bimorphic_or_optimized_type_check action=maybe_recompile pc=0x0000025dc3155998 method=java.util.regex.Matcher.getTextLength()I @ 4 c2
Event: 20.360 Thread 0x0000025dd2cde740 DEOPT PACKING pc=0x0000025dc3155998 sp=0x000000e8ae5ff430
Event: 20.360 Thread 0x0000025dd2cde740 DEOPT UNPACKING pc=0x0000025dc2a469a3 sp=0x000000e8ae5ff360 mode 2

Classes unloaded (20 events):
Event: 16.684 Thread 0x0000025dd1d3e740 Unloading class 0x0000000800ede7c8 'lombok/javac/apt/MessagerDiagnosticsReceiver'
Event: 16.684 Thread 0x0000025dd1d3e740 Unloading class 0x0000000800ede420 'lombok/javac/apt/InterceptingJavaFileManager'
Event: 16.684 Thread 0x0000025dd1d3e740 Unloading class 0x0000000800ede218 'lombok/permit/dummy/Parent'
Event: 16.684 Thread 0x0000025dd1d3e740 Unloading class 0x0000000800ede000 'lombok/core/CleanupRegistry'
Event: 16.684 Thread 0x0000025dd1d3e740 Unloading class 0x0000000800eddde0 'lombok/permit/Permit$Fake'
Event: 16.684 Thread 0x0000025dd1d3e740 Unloading class 0x0000000800eddbe0 'lombok/permit/Permit'
Event: 16.684 Thread 0x0000025dd1d3e740 Unloading class 0x0000000800edd9e8 'lombok/core/DiagnosticsReceiver'
Event: 16.684 Thread 0x0000025dd1d3e740 Unloading class 0x0000000800edd700 'lombok/javac/apt/LombokProcessor$1'
Event: 16.684 Thread 0x0000025dd1d3e740 Unloading class 0x0000000800edd468 'lombok/javac/apt/LombokProcessor'
Event: 16.684 Thread 0x0000025dd1d3e740 Unloading class 0x0000000800edd238 'lombok/core/AnnotationProcessor$EcjDescriptor'
Event: 16.684 Thread 0x0000025dd1d3e740 Unloading class 0x0000000800edd000 'lombok/core/AnnotationProcessor$JavacDescriptor'
Event: 16.684 Thread 0x0000025dd1d3e740 Unloading class 0x0000000800edca80 'lombok/core/AnnotationProcessor$ProcessorDescriptor'
Event: 16.684 Thread 0x0000025dd1d3e740 Unloading class 0x0000000800edc800 'lombok/core/AnnotationProcessor'
Event: 16.684 Thread 0x0000025dd1d3e740 Unloading class 0x0000000800f09000 'lombok/launch/AnnotationProcessorHider$ClaimingProcessor'
Event: 16.684 Thread 0x0000025dd1d3e740 Unloading class 0x0000000800edc498 'lombok/launch/AnnotationProcessorHider$AstModificationNotifierData'
Event: 16.685 Thread 0x0000025dd1d3e740 Unloading class 0x0000000800edc218 'lombok/launch/ClassFileMetaData'
Event: 16.685 Thread 0x0000025dd1d3e740 Unloading class 0x0000000800edc000 'lombok/launch/PackageShader'
Event: 16.685 Thread 0x0000025dd1d3e740 Unloading class 0x0000000800eb4480 'lombok/launch/ShadowClassLoader'
Event: 16.685 Thread 0x0000025dd1d3e740 Unloading class 0x0000000800eb4280 'lombok/launch/Main'
Event: 16.685 Thread 0x0000025dd1d3e740 Unloading class 0x0000000800eb4000 'lombok/launch/AnnotationProcessorHider$AnnotationProcessor'

Classes redefined (0 events):
No events

Internal exceptions (20 events):
Event: 15.196 Thread 0x0000025db39dd9c0 Exception <a 'sun/nio/fs/WindowsException'{0x0000000089076230}> (0x0000000089076230) 
thrown [s\src\hotspot\share\prims\jni.cpp, line 516]
Event: 15.196 Thread 0x0000025db39dd9c0 Exception <a 'sun/nio/fs/WindowsException'{0x0000000089077230}> (0x0000000089077230) 
thrown [s\src\hotspot\share\prims\jni.cpp, line 516]
Event: 15.196 Thread 0x0000025db39dd9c0 Exception <a 'sun/nio/fs/WindowsException'{0x0000000089077548}> (0x0000000089077548) 
thrown [s\src\hotspot\share\prims\jni.cpp, line 516]
Event: 15.204 Thread 0x0000025db39dd9c0 Exception <a 'sun/nio/fs/WindowsException'{0x0000000088f59b40}> (0x0000000088f59b40) 
thrown [s\src\hotspot\share\prims\jni.cpp, line 516]
Event: 15.208 Thread 0x0000025db39dd9c0 Exception <a 'sun/nio/fs/WindowsException'{0x0000000088f730f8}> (0x0000000088f730f8) 
thrown [s\src\hotspot\share\prims\jni.cpp, line 516]
Event: 15.215 Thread 0x0000025db39dd9c0 Exception <a 'sun/nio/fs/WindowsException'{0x0000000088f7e5f0}> (0x0000000088f7e5f0) 
thrown [s\src\hotspot\share\prims\jni.cpp, line 516]
Event: 15.537 Thread 0x0000025db39dd9c0 Exception <a 'sun/nio/fs/WindowsException'{0x0000000088cf8c98}> (0x0000000088cf8c98) 
thrown [s\src\hotspot\share\prims\jni.cpp, line 516]
Event: 15.562 Thread 0x0000025db39dd9c0 Exception <a 'java/lang/NoSuchMethodError'{0x0000000088b19fa0}: 'int java.lang.invoke.DirectMethodHandle$Holder.invokeStaticInit(java.lang.Object, java.lang.Object, java.lang.Object, java.lang.Object)'> (0x0000000088b19fa0) 
thrown [s\src\hotspot\share\interpreter\linkResolver.cpp, line 759]
Event: 15.563 Thread 0x0000025db39dd9c0 Exception <a 'java/lang/IncompatibleClassChangeError'{0x0000000088b23698}: Found class java.lang.Object, but interface was expected> (0x0000000088b23698) 
thrown [s\src\hotspot\share\interpreter\linkResolver.cpp, line 826]
Event: 15.564 Thread 0x0000025db39dd9c0 Exception <a 'java/lang/NoSuchMethodError'{0x0000000088b26b60}: 'void java.lang.invoke.DirectMethodHandle$Holder.invokeStaticInit(java.lang.Object, java.lang.Object)'> (0x0000000088b26b60) 
thrown [s\src\hotspot\share\interpreter\linkResolver.cpp, line 759]
Event: 15.922 Thread 0x0000025db39dd9c0 Exception <a 'java/lang/NoSuchMethodError'{0x000000008b414728}: 'java.lang.Object java.lang.invoke.DirectMethodHandle$Holder.invokeStaticInit(java.lang.Object, java.lang.Object, int, int, int, int)'> (0x000000008b414728) 
thrown [s\src\hotspot\share\interpreter\linkResolver.cpp, line 759]
Event: 16.018 Thread 0x0000025db39dd9c0 Exception <a 'java/lang/NoSuchMethodError'{0x000000008aaa0d08}: 'java.lang.Object java.lang.invoke.DirectMethodHandle$Holder.invokeStaticInit(java.lang.Object, java.lang.Object, java.lang.Object)'> (0x000000008aaa0d08) 
thrown [s\src\hotspot\share\interpreter\linkResolver.cpp, line 759]
Event: 16.026 Thread 0x0000025db39dd9c0 Exception <a 'java/lang/NoSuchMethodError'{0x000000008aab3370}: 'java.lang.Object java.lang.invoke.DirectMethodHandle$Holder.invokeStatic(java.lang.Object, java.lang.Object, int, java.lang.Object)'> (0x000000008aab3370) 
thrown [s\src\hotspot\share\interpreter\linkResolver.cpp, line 759]
Event: 16.028 Thread 0x0000025db39dd9c0 Exception <a 'java/lang/NoSuchMethodError'{0x000000008aab9e70}: 'java.lang.Object java.lang.invoke.DirectMethodHandle$Holder.newInvokeSpecial(java.lang.Object, java.lang.Object, int)'> (0x000000008aab9e70) 
thrown [s\src\hotspot\share\interpreter\linkResolver.cpp, line 759]
Event: 16.589 Thread 0x0000025dda8fa820 Implicit null exception at 0x0000025dc315c214 to 0x0000025dc315c2e8
Event: 19.237 Thread 0x0000025dd54392a0 Exception <a 'java/lang/NoSuchMethodError'{0x00000000ffa3d1a0}: 'java.lang.Object java.lang.invoke.DirectMethodHandle$Holder.invokeStaticInit(java.lang.Object, java.lang.Object, long, java.lang.Object)'> (0x00000000ffa3d1a0) 
thrown [s\src\hotspot\share\interpreter\linkResolver.cpp, line 759]
Event: 19.239 Thread 0x0000025dd54392a0 Exception <a 'java/lang/NoSuchMethodError'{0x00000000ffa434d0}: 'java.lang.Object java.lang.invoke.DirectMethodHandle$Holder.newInvokeSpecial(java.lang.Object, java.lang.Object, long)'> (0x00000000ffa434d0) 
thrown [s\src\hotspot\share\interpreter\linkResolver.cpp, line 759]
Event: 19.239 Thread 0x0000025dd54392a0 Exception <a 'java/lang/NoSuchMethodError'{0x00000000ffa47040}: 'java.lang.Object java.lang.invoke.Invokers$Holder.linkToTargetMethod(java.lang.Object, long, java.lang.Object)'> (0x00000000ffa47040) 
thrown [s\src\hotspot\share\interpreter\linkResolver.cpp, line 759]
Event: 20.326 Thread 0x0000025db39dd9c0 Exception <a 'java/lang/NoSuchMethodError'{0x0000000089bc7428}: 'void java.lang.invoke.DirectMethodHandle$Holder.invokeStatic(java.lang.Object, long)'> (0x0000000089bc7428) 
thrown [s\src\hotspot\share\interpreter\linkResolver.cpp, line 759]
Event: 20.327 Thread 0x0000025db39dd9c0 Exception <a 'java/lang/NoSuchMethodError'{0x0000000089bcca78}: 'java.lang.Object java.lang.invoke.DirectMethodHandle$Holder.newInvokeSpecial(java.lang.Object, long)'> (0x0000000089bcca78) 
thrown [s\src\hotspot\share\interpreter\linkResolver.cpp, line 759]

VM Operations (20 events):
Event: 16.723 Executing VM operation: G1Concurrent
Event: 16.725 Executing VM operation: G1Concurrent done
Event: 16.745 Executing VM operation: HandshakeAllThreads
Event: 16.745 Executing VM operation: HandshakeAllThreads done
Event: 17.750 Executing VM operation: Cleanup
Event: 17.750 Executing VM operation: Cleanup done
Event: 18.001 Executing VM operation: G1CollectForAllocation
Event: 18.006 Executing VM operation: G1CollectForAllocation done
Event: 18.566 Executing VM operation: G1CollectForAllocation
Event: 18.570 Executing VM operation: G1CollectForAllocation done
Event: 19.190 Executing VM operation: G1CollectForAllocation
Event: 19.194 Executing VM operation: G1CollectForAllocation done
Event: 20.206 Executing VM operation: Cleanup
Event: 20.206 Executing VM operation: Cleanup done
Event: 20.230 Executing VM operation: HandshakeAllThreads
Event: 20.230 Executing VM operation: HandshakeAllThreads done
Event: 20.240 Executing VM operation: HandshakeAllThreads
Event: 20.240 Executing VM operation: HandshakeAllThreads done
Event: 20.329 Executing VM operation: HandshakeAllThreads
Event: 20.329 Executing VM operation: HandshakeAllThreads done

Events (20 events):
Event: 20.312 loading class java/lang/ProcessImpl done
Event: 20.328 loading class java/lang/ProcessImpl$2
Event: 20.328 loading class java/lang/ProcessImpl$2 done
Event: 20.328 loading class java/lang/Process$PipeInputStream
Event: 20.328 loading class java/lang/Process$PipeInputStream done
Event: 20.330 loading class jdk/internal/event/ProcessStartEvent
Event: 20.330 loading class jdk/internal/event/ProcessStartEvent done
Event: 20.331 loading class java/nio/channels/ClosedChannelException
Event: 20.331 loading class java/nio/channels/ClosedChannelException done
Event: 20.335 loading class java/nio/channels/NonReadableChannelException
Event: 20.335 loading class java/nio/channels/NonReadableChannelException done
Event: 20.336 loading class java/nio/channels/NonWritableChannelException
Event: 20.336 loading class java/nio/channels/NonWritableChannelException done
Event: 20.355 Thread 0x0000025dd2cde740 Thread added: 0x0000025dd2cde740
Event: 20.355 loading class java/util/Scanner
Event: 20.355 Thread 0x0000025dd2cdbbf0 Thread added: 0x0000025dd2cdbbf0
Event: 20.356 loading class java/util/Scanner done
Event: 20.359 loading class java/util/Scanner$PatternLRUCache
Event: 20.359 loading class java/util/Scanner$PatternLRUCache done
Event: 20.371 Thread 0x0000025dd2cdb720 Thread added: 0x0000025dd2cdb720


Dynamic libraries:
0x00007ff7cef20000 - 0x00007ff7cef2e000 	C:\pleiades\2022-12\java\17\bin\javaw.exe
0x00007ffa93510000 - 0x00007ffa93727000 	C:\WINDOWS\SYSTEM32\ntdll.dll
0x00007ffa91fa0000 - 0x00007ffa92064000 	C:\WINDOWS\System32\KERNEL32.DLL
0x00007ffa90d10000 - 0x00007ffa910c9000 	C:\WINDOWS\System32\KERNELBASE.dll
0x00007ffa90bf0000 - 0x00007ffa90d01000 	C:\WINDOWS\System32\ucrtbase.dll
0x00007ffa7a0e0000 - 0x00007ffa7a0f9000 	C:\pleiades\2022-12\java\17\bin\VCRUNTIME140.dll
0x00007ffa8c180000 - 0x00007ffa8c197000 	C:\pleiades\2022-12\java\17\bin\jli.dll
0x00007ffa93320000 - 0x00007ffa934ce000 	C:\WINDOWS\System32\USER32.dll
0x00007ffa780f0000 - 0x00007ffa78382000 	C:\WINDOWS\WinSxS\amd64_microsoft.windows.common-controls_6595b64144ccf1df_6.0.22621.4391_none_2715d37f73803e96\COMCTL32.dll
0x00007ffa90810000 - 0x00007ffa90836000 	C:\WINDOWS\System32\win32u.dll
0x00007ffa914e0000 - 0x00007ffa91587000 	C:\WINDOWS\System32\msvcrt.dll
0x00007ffa91590000 - 0x00007ffa915b9000 	C:\WINDOWS\System32\GDI32.dll
0x00007ffa908e0000 - 0x00007ffa909fb000 	C:\WINDOWS\System32\gdi32full.dll
0x00007ffa90840000 - 0x00007ffa908da000 	C:\WINDOWS\System32\msvcp_win.dll
0x00007ffa92070000 - 0x00007ffa920a1000 	C:\WINDOWS\System32\IMM32.DLL
0x00007ffa8b6e0000 - 0x00007ffa8b6ec000 	C:\pleiades\2022-12\java\17\bin\vcruntime140_1.dll
0x00007ffa6fd70000 - 0x00007ffa6fe01000 	C:\pleiades\2022-12\java\17\bin\msvcp140.dll
0x00007ffa20bb0000 - 0x00007ffa217f7000 	C:\pleiades\2022-12\java\17\bin\server\jvm.dll
0x00007ffa91c10000 - 0x00007ffa91cc2000 	C:\WINDOWS\System32\ADVAPI32.dll
0x00007ffa91410000 - 0x00007ffa914b7000 	C:\WINDOWS\System32\sechost.dll
0x00007ffa91190000 - 0x00007ffa911b8000 	C:\WINDOWS\System32\bcrypt.dll
0x00007ffa92300000 - 0x00007ffa92414000 	C:\WINDOWS\System32\RPCRT4.dll
0x00007ffa704b0000 - 0x00007ffa704b9000 	C:\WINDOWS\SYSTEM32\WSOCK32.dll
0x00007ffa8b720000 - 0x00007ffa8b754000 	C:\WINDOWS\SYSTEM32\WINMM.dll
0x00007ffa8bba0000 - 0x00007ffa8bbaa000 	C:\WINDOWS\SYSTEM32\VERSION.dll
0x00007ffa92260000 - 0x00007ffa922d1000 	C:\WINDOWS\System32\WS2_32.dll
0x00007ffa8f900000 - 0x00007ffa8f918000 	C:\WINDOWS\SYSTEM32\kernel.appcore.dll
0x00007ffa8c2b0000 - 0x00007ffa8c2ba000 	C:\pleiades\2022-12\java\17\bin\jimage.dll
0x00007ffa86040000 - 0x00007ffa86272000 	C:\WINDOWS\SYSTEM32\DBGHELP.DLL
0x00007ffa915c0000 - 0x00007ffa9194f000 	C:\WINDOWS\System32\combase.dll
0x00007ffa91330000 - 0x00007ffa91407000 	C:\WINDOWS\System32\OLEAUT32.dll
0x00007ffa7dbf0000 - 0x00007ffa7dc22000 	C:\WINDOWS\SYSTEM32\dbgcore.DLL
0x00007ffa90b70000 - 0x00007ffa90beb000 	C:\WINDOWS\System32\bcryptPrimitives.dll
0x00007ffa88790000 - 0x00007ffa887b5000 	C:\pleiades\2022-12\java\17\bin\java.dll
0x00007ffa71530000 - 0x00007ffa71606000 	C:\pleiades\2022-12\java\17\bin\jsvml.dll
0x00007ffa92990000 - 0x00007ffa93206000 	C:\WINDOWS\System32\SHELL32.dll
0x00007ffa8e710000 - 0x00007ffa8f013000 	C:\WINDOWS\SYSTEM32\windows.storage.dll
0x00007ffa8e5d0000 - 0x00007ffa8e70f000 	C:\WINDOWS\SYSTEM32\wintypes.dll
0x00007ffa91230000 - 0x00007ffa91329000 	C:\WINDOWS\System32\SHCORE.dll
0x00007ffa91f40000 - 0x00007ffa91f9e000 	C:\WINDOWS\System32\shlwapi.dll
0x00007ffa90740000 - 0x00007ffa9076b000 	C:\WINDOWS\SYSTEM32\profapi.dll
0x00007ffa88240000 - 0x00007ffa88259000 	C:\pleiades\2022-12\java\17\bin\net.dll
0x00007ffa8ba50000 - 0x00007ffa8bb86000 	C:\WINDOWS\SYSTEM32\WINHTTP.dll
0x00007ffa8fd70000 - 0x00007ffa8fdd9000 	C:\WINDOWS\system32\mswsock.dll
0x00007ffa87400000 - 0x00007ffa87415000 	C:\pleiades\2022-12\java\17\bin\nio.dll
0x00007ffa8b040000 - 0x00007ffa8b058000 	C:\pleiades\2022-12\java\17\bin\zip.dll
0x0000000069ac0000 - 0x0000000069ae4000 	C:\Users\ganon\AppData\Local\Temp\jansi-2.4.0-af0d373a4234b839-jansi.dll
0x00007ffa88a80000 - 0x00007ffa88a90000 	C:\pleiades\2022-12\java\17\bin\verify.dll
0x00007ffa8f330000 - 0x00007ffa8f35d000 	C:\WINDOWS\SYSTEM32\IPHLPAPI.DLL
0x00007ffa914d0000 - 0x00007ffa914d9000 	C:\WINDOWS\System32\NSI.dll
0x00007ffa8b760000 - 0x00007ffa8b779000 	C:\WINDOWS\SYSTEM32\dhcpcsvc6.DLL
0x00007ffa8b6c0000 - 0x00007ffa8b6df000 	C:\WINDOWS\SYSTEM32\dhcpcsvc.DLL
0x00007ffa8f360000 - 0x00007ffa8f462000 	C:\WINDOWS\SYSTEM32\DNSAPI.dll
0x00007ffa900c0000 - 0x00007ffa900db000 	C:\WINDOWS\SYSTEM32\CRYPTSP.dll
0x00007ffa8f860000 - 0x00007ffa8f895000 	C:\WINDOWS\system32\rsaenh.dll
0x00007ffa8fe10000 - 0x00007ffa8fe38000 	C:\WINDOWS\SYSTEM32\USERENV.dll
0x00007ffa900a0000 - 0x00007ffa900ac000 	C:\WINDOWS\SYSTEM32\CRYPTBASE.dll
0x00007ffa8b780000 - 0x00007ffa8b78e000 	C:\pleiades\2022-12\java\17\bin\sunmscapi.dll
0x00007ffa90a00000 - 0x00007ffa90b66000 	C:\WINDOWS\System32\CRYPT32.dll
0x00007ffa901b0000 - 0x00007ffa901dd000 	C:\WINDOWS\SYSTEM32\ncrypt.dll
0x00007ffa90170000 - 0x00007ffa901a7000 	C:\WINDOWS\SYSTEM32\NTASN1.dll
0x00007ffa8b460000 - 0x00007ffa8b46a000 	C:\Windows\System32\rasadhlp.dll
0x00007ffa89390000 - 0x00007ffa89413000 	C:\WINDOWS\System32\fwpuclnt.dll

dbghelp: loaded successfully - version: 4.0.5 - missing functions: none
symbol engine: initialized successfully - sym options: 0x614 - pdb path: .;C:\pleiades\2022-12\java\17\bin;C:\WINDOWS\SYSTEM32;C:\WINDOWS\WinSxS\amd64_microsoft.windows.common-controls_6595b64144ccf1df_6.0.22621.4391_none_2715d37f73803e96;C:\pleiades\2022-12\java\17\bin\server;C:\Users\ganon\AppData\Local\Temp

VM Arguments:
jvm_args: -Dmaven.home=EMBEDDED -Dclassworlds.conf=C:\pleiades\2022-12\workspace\.metadata\.plugins\org.eclipse.m2e.launching\launches\m2conf1567141581646807131.tmp -Dmaven.multiModuleProjectDirectory=C:\Users\ganon\Desktop\Library_System\demo -Dm2e.build.project.data.socket.port=52219 -Dfile.encoding=UTF-8 -XX:+ShowCodeDetailsInExceptionMessages 
java_command: org.codehaus.plexus.classworlds.launcher.Launcher -B -Dstyle.color=always install
java_class_path (initial): C:\pleiades\2022-12\eclipse\plugins\org.eclipse.m2e.maven.runtime_3.8.604.20221130-2149\jars\plexus-classworlds-2.6.0.jar
Launcher Type: SUN_STANDARD

[Global flags]
     intx CICompilerCount                          = 4                                         {product} {ergonomic}
     uint ConcGCThreads                            = 2                                         {product} {ergonomic}
     uint G1ConcRefinementThreads                  = 8                                         {product} {ergonomic}
   size_t G1HeapRegionSize                         = 1048576                                   {product} {ergonomic}
    uintx GCDrainStackTargetSize                   = 64                                        {product} {ergonomic}
   size_t InitialHeapSize                          = 134217728                                 {product} {ergonomic}
   size_t MarkStackSize                            = 4194304                                   {product} {ergonomic}
   size_t MaxHeapSize                              = 2122317824                                {product} {ergonomic}
   size_t MaxNewSize                               = 1272971264                                {product} {ergonomic}
   size_t MinHeapDeltaBytes                        = 1048576                                   {product} {ergonomic}
   size_t MinHeapSize                              = 8388608                                   {product} {ergonomic}
    uintx NonNMethodCodeHeapSize                   = 5839372                                {pd product} {ergonomic}
    uintx NonProfiledCodeHeapSize                  = 122909434                              {pd product} {ergonomic}
    uintx ProfiledCodeHeapSize                     = 122909434                              {pd product} {ergonomic}
    uintx ReservedCodeCacheSize                    = 251658240                              {pd product} {ergonomic}
     bool SegmentedCodeCache                       = true                                      {product} {ergonomic}
     bool ShowCodeDetailsInExceptionMessages       = true                                   {manageable} {command line}
   size_t SoftMaxHeapSize                          = 2122317824                             {manageable} {ergonomic}
     bool UseCompressedClassPointers               = true                           {product lp64_product} {ergonomic}
     bool UseCompressedOops                        = true                           {product lp64_product} {ergonomic}
     bool UseG1GC                                  = true                                      {product} {ergonomic}
     bool UseLargePagesIndividualAllocation        = false                                  {pd product} {ergonomic}

Logging:
Log output configuration:
 #0: stdout all=warning uptime,level,tags
 #1: stderr all=off uptime,level,tags

Environment Variables:
PATH=C:/pleiades/2022-12/java/17/bin/server;C:/pleiades/2022-12/java/17/bin;C:\Program Files (x86)\Razer Chroma SDK\bin;C:\Program Files\Razer Chroma SDK\bin;C:\Program Files (x86)\Razer\ChromaBroadcast\bin;C:\Program Files\Razer\ChromaBroadcast\bin;C:\Program Files\Common Files\Oracle\Java\javapath;C:\WINDOWS\system32;C:\WINDOWS;C:\WINDOWS\System32\Wbem;C:\WINDOWS\System32\WindowsPowerShell\v1.0\;C:\WINDOWS\System32\OpenSSH\;C:\Program Files (x86)\Intel\Intel(R) Management Engine Components\DAL;C:\Program Files\Intel\Intel(R) Management Engine Components\DAL;C:\Program Files (x86)\VAIO\VAIO BIOS Data Transfer Utility\;C:\Program Files (x86)\Windows Kits\10\Windows Performance Toolkit\;C:\Program Files\Git\cmd;C:\Program Files\dotnet\;C:\Users\ganon\AppData\Local\Pub\Cache\bin;C:\WINDOWS\system32\config\systemprofile\AppData\Local\Microsoft\WindowsApps;C:\Program Files\MySQL\MySQL Shell 8.0\bin\;C:\Users\ganon\AppData\Local\Programs\Python\Python312\Scripts\;C:\Users\ganon\AppData\Local\Programs\Python\Python312\;C:\Users\ganon\AppData\Local\Programs\Python\Launcher\;C:\Users\ganon\AppData\Local\Microsoft\WindowsApps;C:\Users\ganon\AppData\Local\Programs\Microsoft VS Code\bin;C:\Users\ganon\.dotnet\tools;C:\Users\ganon\AppData\Local\Microsoft\WinGet\Links;C:\node-v20.13.1-win-x64;C:\flutter_windows_3.22.1-stable\flutter\bin;C:\Users\ganon\AppData\Local\Microsoft\WindowsApps\python.exe;C:\Program Files (x86)\Android\android-sdk\platform-tools;;C:\pleiades\2022-12\eclipse;
USERNAME=ganon
OS=Windows_NT
PROCESSOR_IDENTIFIER=Intel64 Family 6 Model 142 Stepping 10, GenuineIntel
TMP=C:\Users\ganon\AppData\Local\Temp
TEMP=C:\Users\ganon\AppData\Local\Temp



---------------  S Y S T E M  ---------------

OS:
 Windows 11 , 64 bit Build 22621 (10.0.22621.4391)
OS uptime: 7 days 23:06 hours
Hyper-V role detected

CPU: total 8 (initial active 8) (4 cores per cpu, 2 threads per core) family 6 model 142 stepping 10 microcode 0xf4, cx8, cmov, fxsr, ht, mmx, 3dnowpref, sse, sse2, sse3, ssse3, sse4.1, sse4.2, popcnt, lzcnt, tsc, tscinvbit, avx, avx2, aes, erms, clmul, bmi1, bmi2, adx, fma, vzeroupper, clflush, clflushopt, hv

Memory: 4k page, system-wide physical 8088M (680M free)
TotalPageFile size 13088M (AvailPageFile size 5M)
current process WorkingSet (physical memory assigned to process): 317M, peak: 345M
current process commit charge ("private bytes"): 351M, peak: 381M

vm_info: OpenJDK 64-Bit Server VM (17.0.6+10) for windows-amd64 JRE (17.0.6+10), built on Jan 18 2023 10:08:59 by "temurin" with MS VC++ 16.7 (VS2019)

END.
