#
# There is insufficient memory for the Java Runtime Environment to continue.
# Native memory allocation (malloc) failed to allocate 32744 bytes for ChunkPool::allocate
# Possible reasons:
#   The system is out of physical RAM or swap space
#   The process is running with CompressedOops enabled, and the Java Heap may be blocking the growth of the native heap
# Possible solutions:
#   Reduce memory load on the system
#   Increase physical memory or swap space
#   Check if swap backing store is full
#   Decrease Java heap size (-Xmx/-Xms)
#   Decrease number of Java threads
#   Decrease Java thread stack sizes (-Xss)
#   Set larger code cache with -XX:ReservedCodeCacheSize=
#   JVM is running with Unscaled Compressed Oops mode in which the Java heap is
#     placed in the first 4GB address space. The Java Heap base address is the
#     maximum limit for the native heap growth. Please use -XX:HeapBaseMinAddress
#     to set the Java Heap base and to place the Java Heap above 4GB virtual address.
# This output file may be truncated or incomplete.
#
#  Out of Memory Error (arena.cpp:78), pid=27976, tid=12152
#
# JRE version: OpenJDK Runtime Environment Temurin-17.0.6+10 (17.0.6+10) (build 17.0.6+10)
# Java VM: OpenJDK 64-Bit Server VM Temurin-17.0.6+10 (17.0.6+10, mixed mode, tiered, compressed oops, compressed class ptrs, g1 gc, windows-amd64)
# No core dump will be written. Minidumps are not enabled by default on client versions of Windows
#

---------------  S U M M A R Y ------------

Command Line: -Dnet.bytebuddy.agent.attacher.dump= net.bytebuddy.agent.Attacher com.sun.tools.attach.VirtualMachine 24276 C:\Users\ganon\.m2\repository\net\bytebuddy\byte-buddy-agent\1.15.10\byte-buddy-agent-1.15.10.jar false 

Host: Intel(R) Core(TM) i5-8250U CPU @ 1.60GHz, 8 cores, 7G,  Windows 11 , 64 bit Build 22621 (10.0.22621.4391)
Time: Wed Dec 11 17:13:03 2024  Windows 11 , 64 bit Build 22621 (10.0.22621.4391) elapsed time: 0.271283 seconds (0d 0h 0m 0s)

---------------  T H R E A D  ---------------

Current thread (0x000001ec38c62de0):  JavaThread "C1 CompilerThread0" daemon [_thread_in_native, id=12152, stack(0x00000032c1e00000,0x00000032c1f00000)]


Current CompileTask:
C1:    271  219       3       jdk.internal.org.objectweb.asm.Frame::execute (2305 bytes)

Stack: [0x00000032c1e00000,0x00000032c1f00000]
Native frames: (J=compiled Java code, j=interpreted, Vv=VM code, C=native code)
V  [jvm.dll+0x67741a]
V  [jvm.dll+0x834434]
V  [jvm.dll+0x835bde]
V  [jvm.dll+0x836243]
V  [jvm.dll+0x2457b5]
V  [jvm.dll+0xabd1c]
V  [jvm.dll+0xac0cc]
V  [jvm.dll+0x16a30a]
V  [jvm.dll+0x15ddfe]
V  [jvm.dll+0x14c120]
V  [jvm.dll+0x134d07]
V  [jvm.dll+0x13468f]
V  [jvm.dll+0x1348c6]
V  [jvm.dll+0x133d5a]
V  [jvm.dll+0x135a21]
V  [jvm.dll+0x22742a]
V  [jvm.dll+0x225565]
V  [jvm.dll+0x7ea2cb]
V  [jvm.dll+0x7e483a]
V  [jvm.dll+0x6762c5]
C  [ucrtbase.dll+0x29333]
C  [KERNEL32.DLL+0x1259d]
C  [ntdll.dll+0x5af38]


---------------  P R O C E S S  ---------------

Threads class SMR info:
_java_thread_list=0x000001ec38dbcab0, length=12, elements={
0x000001ec19e9e8a0, 0x000001ec38c13260, 0x000001ec38269770, 0x000001ec38c53430,
0x000001ec38c54df0, 0x000001ec38c557a0, 0x000001ec38c56150, 0x000001ec38c5a330,
0x000001ec38c62de0, 0x000001ec38c8fbe0, 0x000001ec38de4510, 0x000001ec38e0c020
}

Java Threads: ( => current thread )
  0x000001ec19e9e8a0 JavaThread "main" [_thread_in_vm, id=30692, stack(0x00000032c1000000,0x00000032c1100000)]
  0x000001ec38c13260 JavaThread "Reference Handler" daemon [_thread_blocked, id=20964, stack(0x00000032c1700000,0x00000032c1800000)]
  0x000001ec38269770 JavaThread "Finalizer" daemon [_thread_blocked, id=22020, stack(0x00000032c1800000,0x00000032c1900000)]
  0x000001ec38c53430 JavaThread "Signal Dispatcher" daemon [_thread_blocked, id=20056, stack(0x00000032c1900000,0x00000032c1a00000)]
  0x000001ec38c54df0 JavaThread "Attach Listener" daemon [_thread_blocked, id=13900, stack(0x00000032c1a00000,0x00000032c1b00000)]
  0x000001ec38c557a0 JavaThread "Service Thread" daemon [_thread_blocked, id=30004, stack(0x00000032c1b00000,0x00000032c1c00000)]
  0x000001ec38c56150 JavaThread "Monitor Deflation Thread" daemon [_thread_blocked, id=29452, stack(0x00000032c1c00000,0x00000032c1d00000)]
  0x000001ec38c5a330 JavaThread "C2 CompilerThread0" daemon [_thread_blocked, id=8408, stack(0x00000032c1d00000,0x00000032c1e00000)]
=>0x000001ec38c62de0 JavaThread "C1 CompilerThread0" daemon [_thread_in_native, id=12152, stack(0x00000032c1e00000,0x00000032c1f00000)]
  0x000001ec38c8fbe0 JavaThread "Sweeper thread" daemon [_thread_blocked, id=14828, stack(0x00000032c1f00000,0x00000032c2000000)]
  0x000001ec38de4510 JavaThread "Notification Thread" daemon [_thread_blocked, id=15540, stack(0x00000032c2000000,0x00000032c2100000)]
  0x000001ec38e0c020 JavaThread "Common-Cleaner" daemon [_thread_blocked, id=24016, stack(0x00000032c2200000,0x00000032c2300000)]

Other Threads:
  0x000001ec3820f280 VMThread "VM Thread" [stack: 0x00000032c1600000,0x00000032c1700000] [id=14652]
  0x000001ec19f22ee0 WatcherThread [stack: 0x00000032c2100000,0x00000032c2200000] [id=14268]
  0x000001ec19efae00 GCTaskThread "GC Thread#0" [stack: 0x00000032c1100000,0x00000032c1200000] [id=4672]
  0x000001ec19f0ba40 ConcurrentGCThread "G1 Main Marker" [stack: 0x00000032c1200000,0x00000032c1300000] [id=29016]
  0x000001ec19f0cbf0 ConcurrentGCThread "G1 Conc#0" [stack: 0x00000032c1300000,0x00000032c1400000] [id=29984]
  0x000001ec19f5e720 ConcurrentGCThread "G1 Refine#0" [stack: 0x00000032c1400000,0x00000032c1500000] [id=608]
  0x000001ec380ba260 ConcurrentGCThread "G1 Service" [stack: 0x00000032c1500000,0x00000032c1600000] [id=28092]

Threads with active compile tasks:
C1 CompilerThread0      299  219       3       jdk.internal.org.objectweb.asm.Frame::execute (2305 bytes)

VM state: not at safepoint (normal execution)

VM Mutex/Monitor currently owned by a thread:  ([mutex/lock_event])
[0x000001ec19e991d0] Metaspace_lock - owner thread: 0x000001ec19e9e8a0

Heap address: 0x0000000081800000, size: 2024 MB, Compressed Oops mode: 32-bit

CDS archive(s) not mapped
Compressed class space mapped at: 0x0000000100000000-0x0000000140000000, reserved size: 1073741824
Narrow klass base: 0x0000000000000000, Narrow klass shift: 3, Narrow klass range: 0x140000000

GC Precious Log:
 CPUs: 8 total, 8 available
 Memory: 8088M
 Large Page Support: Disabled
 NUMA Support: Disabled
 Compressed Oops: Enabled (32-bit)
 Heap Region Size: 1M
 Heap Min Capacity: 8M
 Heap Initial Capacity: 128M
 Heap Max Capacity: 2024M
 Pre-touch: Disabled
 Parallel Workers: 8
 Concurrent Workers: 2
 Concurrent Refinement Workers: 8
 Periodic GC: Disabled

Heap:
 garbage-first heap   total 131072K, used 2048K [0x0000000081800000, 0x0000000100000000)
  region size 1024K, 3 young (3072K), 0 survivors (0K)
 Metaspace       used 6823K, committed 6912K, reserved 1056768K
  class space    used 593K, committed 640K, reserved 1048576K

Heap Regions: E=young(eden), S=young(survivor), O=old, HS=humongous(starts), HC=humongous(continues), CS=collection set, F=free, OA=open archive, CA=closed archive, TAMS=top-at-mark-start (previous, next)
|   0|0x0000000081800000, 0x0000000081800000, 0x0000000081900000|  0%| F|  |TAMS 0x0000000081800000, 0x0000000081800000| Untracked 
|   1|0x0000000081900000, 0x0000000081900000, 0x0000000081a00000|  0%| F|  |TAMS 0x0000000081900000, 0x0000000081900000| Untracked 
|   2|0x0000000081a00000, 0x0000000081a00000, 0x0000000081b00000|  0%| F|  |TAMS 0x0000000081a00000, 0x0000000081a00000| Untracked 
|   3|0x0000000081b00000, 0x0000000081b00000, 0x0000000081c00000|  0%| F|  |TAMS 0x0000000081b00000, 0x0000000081b00000| Untracked 
|   4|0x0000000081c00000, 0x0000000081c00000, 0x0000000081d00000|  0%| F|  |TAMS 0x0000000081c00000, 0x0000000081c00000| Untracked 
|   5|0x0000000081d00000, 0x0000000081d00000, 0x0000000081e00000|  0%| F|  |TAMS 0x0000000081d00000, 0x0000000081d00000| Untracked 
|   6|0x0000000081e00000, 0x0000000081e00000, 0x0000000081f00000|  0%| F|  |TAMS 0x0000000081e00000, 0x0000000081e00000| Untracked 
|   7|0x0000000081f00000, 0x0000000081f00000, 0x0000000082000000|  0%| F|  |TAMS 0x0000000081f00000, 0x0000000081f00000| Untracked 
|   8|0x0000000082000000, 0x0000000082000000, 0x0000000082100000|  0%| F|  |TAMS 0x0000000082000000, 0x0000000082000000| Untracked 
|   9|0x0000000082100000, 0x0000000082100000, 0x0000000082200000|  0%| F|  |TAMS 0x0000000082100000, 0x0000000082100000| Untracked 
|  10|0x0000000082200000, 0x0000000082200000, 0x0000000082300000|  0%| F|  |TAMS 0x0000000082200000, 0x0000000082200000| Untracked 
|  11|0x0000000082300000, 0x0000000082300000, 0x0000000082400000|  0%| F|  |TAMS 0x0000000082300000, 0x0000000082300000| Untracked 
|  12|0x0000000082400000, 0x0000000082400000, 0x0000000082500000|  0%| F|  |TAMS 0x0000000082400000, 0x0000000082400000| Untracked 
|  13|0x0000000082500000, 0x0000000082500000, 0x0000000082600000|  0%| F|  |TAMS 0x0000000082500000, 0x0000000082500000| Untracked 
|  14|0x0000000082600000, 0x0000000082600000, 0x0000000082700000|  0%| F|  |TAMS 0x0000000082600000, 0x0000000082600000| Untracked 
|  15|0x0000000082700000, 0x0000000082700000, 0x0000000082800000|  0%| F|  |TAMS 0x0000000082700000, 0x0000000082700000| Untracked 
|  16|0x0000000082800000, 0x0000000082800000, 0x0000000082900000|  0%| F|  |TAMS 0x0000000082800000, 0x0000000082800000| Untracked 
|  17|0x0000000082900000, 0x0000000082900000, 0x0000000082a00000|  0%| F|  |TAMS 0x0000000082900000, 0x0000000082900000| Untracked 
|  18|0x0000000082a00000, 0x0000000082a00000, 0x0000000082b00000|  0%| F|  |TAMS 0x0000000082a00000, 0x0000000082a00000| Untracked 
|  19|0x0000000082b00000, 0x0000000082b00000, 0x0000000082c00000|  0%| F|  |TAMS 0x0000000082b00000, 0x0000000082b00000| Untracked 
|  20|0x0000000082c00000, 0x0000000082c00000, 0x0000000082d00000|  0%| F|  |TAMS 0x0000000082c00000, 0x0000000082c00000| Untracked 
|  21|0x0000000082d00000, 0x0000000082d00000, 0x0000000082e00000|  0%| F|  |TAMS 0x0000000082d00000, 0x0000000082d00000| Untracked 
|  22|0x0000000082e00000, 0x0000000082e00000, 0x0000000082f00000|  0%| F|  |TAMS 0x0000000082e00000, 0x0000000082e00000| Untracked 
|  23|0x0000000082f00000, 0x0000000082f00000, 0x0000000083000000|  0%| F|  |TAMS 0x0000000082f00000, 0x0000000082f00000| Untracked 
|  24|0x0000000083000000, 0x0000000083000000, 0x0000000083100000|  0%| F|  |TAMS 0x0000000083000000, 0x0000000083000000| Untracked 
|  25|0x0000000083100000, 0x0000000083100000, 0x0000000083200000|  0%| F|  |TAMS 0x0000000083100000, 0x0000000083100000| Untracked 
|  26|0x0000000083200000, 0x0000000083200000, 0x0000000083300000|  0%| F|  |TAMS 0x0000000083200000, 0x0000000083200000| Untracked 
|  27|0x0000000083300000, 0x0000000083300000, 0x0000000083400000|  0%| F|  |TAMS 0x0000000083300000, 0x0000000083300000| Untracked 
|  28|0x0000000083400000, 0x0000000083400000, 0x0000000083500000|  0%| F|  |TAMS 0x0000000083400000, 0x0000000083400000| Untracked 
|  29|0x0000000083500000, 0x0000000083500000, 0x0000000083600000|  0%| F|  |TAMS 0x0000000083500000, 0x0000000083500000| Untracked 
|  30|0x0000000083600000, 0x0000000083600000, 0x0000000083700000|  0%| F|  |TAMS 0x0000000083600000, 0x0000000083600000| Untracked 
|  31|0x0000000083700000, 0x0000000083700000, 0x0000000083800000|  0%| F|  |TAMS 0x0000000083700000, 0x0000000083700000| Untracked 
|  32|0x0000000083800000, 0x0000000083800000, 0x0000000083900000|  0%| F|  |TAMS 0x0000000083800000, 0x0000000083800000| Untracked 
|  33|0x0000000083900000, 0x0000000083900000, 0x0000000083a00000|  0%| F|  |TAMS 0x0000000083900000, 0x0000000083900000| Untracked 
|  34|0x0000000083a00000, 0x0000000083a00000, 0x0000000083b00000|  0%| F|  |TAMS 0x0000000083a00000, 0x0000000083a00000| Untracked 
|  35|0x0000000083b00000, 0x0000000083b00000, 0x0000000083c00000|  0%| F|  |TAMS 0x0000000083b00000, 0x0000000083b00000| Untracked 
|  36|0x0000000083c00000, 0x0000000083c00000, 0x0000000083d00000|  0%| F|  |TAMS 0x0000000083c00000, 0x0000000083c00000| Untracked 
|  37|0x0000000083d00000, 0x0000000083d00000, 0x0000000083e00000|  0%| F|  |TAMS 0x0000000083d00000, 0x0000000083d00000| Untracked 
|  38|0x0000000083e00000, 0x0000000083e00000, 0x0000000083f00000|  0%| F|  |TAMS 0x0000000083e00000, 0x0000000083e00000| Untracked 
|  39|0x0000000083f00000, 0x0000000083f00000, 0x0000000084000000|  0%| F|  |TAMS 0x0000000083f00000, 0x0000000083f00000| Untracked 
|  40|0x0000000084000000, 0x0000000084000000, 0x0000000084100000|  0%| F|  |TAMS 0x0000000084000000, 0x0000000084000000| Untracked 
|  41|0x0000000084100000, 0x0000000084100000, 0x0000000084200000|  0%| F|  |TAMS 0x0000000084100000, 0x0000000084100000| Untracked 
|  42|0x0000000084200000, 0x0000000084200000, 0x0000000084300000|  0%| F|  |TAMS 0x0000000084200000, 0x0000000084200000| Untracked 
|  43|0x0000000084300000, 0x0000000084300000, 0x0000000084400000|  0%| F|  |TAMS 0x0000000084300000, 0x0000000084300000| Untracked 
|  44|0x0000000084400000, 0x0000000084400000, 0x0000000084500000|  0%| F|  |TAMS 0x0000000084400000, 0x0000000084400000| Untracked 
|  45|0x0000000084500000, 0x0000000084500000, 0x0000000084600000|  0%| F|  |TAMS 0x0000000084500000, 0x0000000084500000| Untracked 
|  46|0x0000000084600000, 0x0000000084600000, 0x0000000084700000|  0%| F|  |TAMS 0x0000000084600000, 0x0000000084600000| Untracked 
|  47|0x0000000084700000, 0x0000000084700000, 0x0000000084800000|  0%| F|  |TAMS 0x0000000084700000, 0x0000000084700000| Untracked 
|  48|0x0000000084800000, 0x0000000084800000, 0x0000000084900000|  0%| F|  |TAMS 0x0000000084800000, 0x0000000084800000| Untracked 
|  49|0x0000000084900000, 0x0000000084900000, 0x0000000084a00000|  0%| F|  |TAMS 0x0000000084900000, 0x0000000084900000| Untracked 
|  50|0x0000000084a00000, 0x0000000084a00000, 0x0000000084b00000|  0%| F|  |TAMS 0x0000000084a00000, 0x0000000084a00000| Untracked 
|  51|0x0000000084b00000, 0x0000000084b00000, 0x0000000084c00000|  0%| F|  |TAMS 0x0000000084b00000, 0x0000000084b00000| Untracked 
|  52|0x0000000084c00000, 0x0000000084c00000, 0x0000000084d00000|  0%| F|  |TAMS 0x0000000084c00000, 0x0000000084c00000| Untracked 
|  53|0x0000000084d00000, 0x0000000084d00000, 0x0000000084e00000|  0%| F|  |TAMS 0x0000000084d00000, 0x0000000084d00000| Untracked 
|  54|0x0000000084e00000, 0x0000000084e00000, 0x0000000084f00000|  0%| F|  |TAMS 0x0000000084e00000, 0x0000000084e00000| Untracked 
|  55|0x0000000084f00000, 0x0000000084f00000, 0x0000000085000000|  0%| F|  |TAMS 0x0000000084f00000, 0x0000000084f00000| Untracked 
|  56|0x0000000085000000, 0x0000000085000000, 0x0000000085100000|  0%| F|  |TAMS 0x0000000085000000, 0x0000000085000000| Untracked 
|  57|0x0000000085100000, 0x0000000085100000, 0x0000000085200000|  0%| F|  |TAMS 0x0000000085100000, 0x0000000085100000| Untracked 
|  58|0x0000000085200000, 0x0000000085200000, 0x0000000085300000|  0%| F|  |TAMS 0x0000000085200000, 0x0000000085200000| Untracked 
|  59|0x0000000085300000, 0x0000000085300000, 0x0000000085400000|  0%| F|  |TAMS 0x0000000085300000, 0x0000000085300000| Untracked 
|  60|0x0000000085400000, 0x0000000085400000, 0x0000000085500000|  0%| F|  |TAMS 0x0000000085400000, 0x0000000085400000| Untracked 
|  61|0x0000000085500000, 0x0000000085500000, 0x0000000085600000|  0%| F|  |TAMS 0x0000000085500000, 0x0000000085500000| Untracked 
|  62|0x0000000085600000, 0x0000000085600000, 0x0000000085700000|  0%| F|  |TAMS 0x0000000085600000, 0x0000000085600000| Untracked 
|  63|0x0000000085700000, 0x0000000085700000, 0x0000000085800000|  0%| F|  |TAMS 0x0000000085700000, 0x0000000085700000| Untracked 
|  64|0x0000000085800000, 0x0000000085800000, 0x0000000085900000|  0%| F|  |TAMS 0x0000000085800000, 0x0000000085800000| Untracked 
|  65|0x0000000085900000, 0x0000000085900000, 0x0000000085a00000|  0%| F|  |TAMS 0x0000000085900000, 0x0000000085900000| Untracked 
|  66|0x0000000085a00000, 0x0000000085a00000, 0x0000000085b00000|  0%| F|  |TAMS 0x0000000085a00000, 0x0000000085a00000| Untracked 
|  67|0x0000000085b00000, 0x0000000085b00000, 0x0000000085c00000|  0%| F|  |TAMS 0x0000000085b00000, 0x0000000085b00000| Untracked 
|  68|0x0000000085c00000, 0x0000000085c00000, 0x0000000085d00000|  0%| F|  |TAMS 0x0000000085c00000, 0x0000000085c00000| Untracked 
|  69|0x0000000085d00000, 0x0000000085d00000, 0x0000000085e00000|  0%| F|  |TAMS 0x0000000085d00000, 0x0000000085d00000| Untracked 
|  70|0x0000000085e00000, 0x0000000085e00000, 0x0000000085f00000|  0%| F|  |TAMS 0x0000000085e00000, 0x0000000085e00000| Untracked 
|  71|0x0000000085f00000, 0x0000000085f00000, 0x0000000086000000|  0%| F|  |TAMS 0x0000000085f00000, 0x0000000085f00000| Untracked 
|  72|0x0000000086000000, 0x0000000086000000, 0x0000000086100000|  0%| F|  |TAMS 0x0000000086000000, 0x0000000086000000| Untracked 
|  73|0x0000000086100000, 0x0000000086100000, 0x0000000086200000|  0%| F|  |TAMS 0x0000000086100000, 0x0000000086100000| Untracked 
|  74|0x0000000086200000, 0x0000000086200000, 0x0000000086300000|  0%| F|  |TAMS 0x0000000086200000, 0x0000000086200000| Untracked 
|  75|0x0000000086300000, 0x0000000086300000, 0x0000000086400000|  0%| F|  |TAMS 0x0000000086300000, 0x0000000086300000| Untracked 
|  76|0x0000000086400000, 0x0000000086400000, 0x0000000086500000|  0%| F|  |TAMS 0x0000000086400000, 0x0000000086400000| Untracked 
|  77|0x0000000086500000, 0x0000000086500000, 0x0000000086600000|  0%| F|  |TAMS 0x0000000086500000, 0x0000000086500000| Untracked 
|  78|0x0000000086600000, 0x0000000086600000, 0x0000000086700000|  0%| F|  |TAMS 0x0000000086600000, 0x0000000086600000| Untracked 
|  79|0x0000000086700000, 0x0000000086700000, 0x0000000086800000|  0%| F|  |TAMS 0x0000000086700000, 0x0000000086700000| Untracked 
|  80|0x0000000086800000, 0x0000000086800000, 0x0000000086900000|  0%| F|  |TAMS 0x0000000086800000, 0x0000000086800000| Untracked 
|  81|0x0000000086900000, 0x0000000086900000, 0x0000000086a00000|  0%| F|  |TAMS 0x0000000086900000, 0x0000000086900000| Untracked 
|  82|0x0000000086a00000, 0x0000000086a00000, 0x0000000086b00000|  0%| F|  |TAMS 0x0000000086a00000, 0x0000000086a00000| Untracked 
|  83|0x0000000086b00000, 0x0000000086b00000, 0x0000000086c00000|  0%| F|  |TAMS 0x0000000086b00000, 0x0000000086b00000| Untracked 
|  84|0x0000000086c00000, 0x0000000086c00000, 0x0000000086d00000|  0%| F|  |TAMS 0x0000000086c00000, 0x0000000086c00000| Untracked 
|  85|0x0000000086d00000, 0x0000000086d00000, 0x0000000086e00000|  0%| F|  |TAMS 0x0000000086d00000, 0x0000000086d00000| Untracked 
|  86|0x0000000086e00000, 0x0000000086e00000, 0x0000000086f00000|  0%| F|  |TAMS 0x0000000086e00000, 0x0000000086e00000| Untracked 
|  87|0x0000000086f00000, 0x0000000086f00000, 0x0000000087000000|  0%| F|  |TAMS 0x0000000086f00000, 0x0000000086f00000| Untracked 
|  88|0x0000000087000000, 0x0000000087000000, 0x0000000087100000|  0%| F|  |TAMS 0x0000000087000000, 0x0000000087000000| Untracked 
|  89|0x0000000087100000, 0x0000000087100000, 0x0000000087200000|  0%| F|  |TAMS 0x0000000087100000, 0x0000000087100000| Untracked 
|  90|0x0000000087200000, 0x0000000087200000, 0x0000000087300000|  0%| F|  |TAMS 0x0000000087200000, 0x0000000087200000| Untracked 
|  91|0x0000000087300000, 0x0000000087300000, 0x0000000087400000|  0%| F|  |TAMS 0x0000000087300000, 0x0000000087300000| Untracked 
|  92|0x0000000087400000, 0x0000000087400000, 0x0000000087500000|  0%| F|  |TAMS 0x0000000087400000, 0x0000000087400000| Untracked 
|  93|0x0000000087500000, 0x0000000087500000, 0x0000000087600000|  0%| F|  |TAMS 0x0000000087500000, 0x0000000087500000| Untracked 
|  94|0x0000000087600000, 0x0000000087600000, 0x0000000087700000|  0%| F|  |TAMS 0x0000000087600000, 0x0000000087600000| Untracked 
|  95|0x0000000087700000, 0x0000000087700000, 0x0000000087800000|  0%| F|  |TAMS 0x0000000087700000, 0x0000000087700000| Untracked 
|  96|0x0000000087800000, 0x0000000087800000, 0x0000000087900000|  0%| F|  |TAMS 0x0000000087800000, 0x0000000087800000| Untracked 
|  97|0x0000000087900000, 0x0000000087900000, 0x0000000087a00000|  0%| F|  |TAMS 0x0000000087900000, 0x0000000087900000| Untracked 
|  98|0x0000000087a00000, 0x0000000087a00000, 0x0000000087b00000|  0%| F|  |TAMS 0x0000000087a00000, 0x0000000087a00000| Untracked 
|  99|0x0000000087b00000, 0x0000000087b00000, 0x0000000087c00000|  0%| F|  |TAMS 0x0000000087b00000, 0x0000000087b00000| Untracked 
| 100|0x0000000087c00000, 0x0000000087c00000, 0x0000000087d00000|  0%| F|  |TAMS 0x0000000087c00000, 0x0000000087c00000| Untracked 
| 101|0x0000000087d00000, 0x0000000087d00000, 0x0000000087e00000|  0%| F|  |TAMS 0x0000000087d00000, 0x0000000087d00000| Untracked 
| 102|0x0000000087e00000, 0x0000000087e00000, 0x0000000087f00000|  0%| F|  |TAMS 0x0000000087e00000, 0x0000000087e00000| Untracked 
| 103|0x0000000087f00000, 0x0000000087f00000, 0x0000000088000000|  0%| F|  |TAMS 0x0000000087f00000, 0x0000000087f00000| Untracked 
| 104|0x0000000088000000, 0x0000000088000000, 0x0000000088100000|  0%| F|  |TAMS 0x0000000088000000, 0x0000000088000000| Untracked 
| 105|0x0000000088100000, 0x0000000088100000, 0x0000000088200000|  0%| F|  |TAMS 0x0000000088100000, 0x0000000088100000| Untracked 
| 106|0x0000000088200000, 0x0000000088200000, 0x0000000088300000|  0%| F|  |TAMS 0x0000000088200000, 0x0000000088200000| Untracked 
| 107|0x0000000088300000, 0x0000000088300000, 0x0000000088400000|  0%| F|  |TAMS 0x0000000088300000, 0x0000000088300000| Untracked 
| 108|0x0000000088400000, 0x0000000088400000, 0x0000000088500000|  0%| F|  |TAMS 0x0000000088400000, 0x0000000088400000| Untracked 
| 109|0x0000000088500000, 0x0000000088500000, 0x0000000088600000|  0%| F|  |TAMS 0x0000000088500000, 0x0000000088500000| Untracked 
| 110|0x0000000088600000, 0x0000000088600000, 0x0000000088700000|  0%| F|  |TAMS 0x0000000088600000, 0x0000000088600000| Untracked 
| 111|0x0000000088700000, 0x0000000088700000, 0x0000000088800000|  0%| F|  |TAMS 0x0000000088700000, 0x0000000088700000| Untracked 
| 112|0x0000000088800000, 0x0000000088800000, 0x0000000088900000|  0%| F|  |TAMS 0x0000000088800000, 0x0000000088800000| Untracked 
| 113|0x0000000088900000, 0x0000000088900000, 0x0000000088a00000|  0%| F|  |TAMS 0x0000000088900000, 0x0000000088900000| Untracked 
| 114|0x0000000088a00000, 0x0000000088a00000, 0x0000000088b00000|  0%| F|  |TAMS 0x0000000088a00000, 0x0000000088a00000| Untracked 
| 115|0x0000000088b00000, 0x0000000088b00000, 0x0000000088c00000|  0%| F|  |TAMS 0x0000000088b00000, 0x0000000088b00000| Untracked 
| 116|0x0000000088c00000, 0x0000000088c00000, 0x0000000088d00000|  0%| F|  |TAMS 0x0000000088c00000, 0x0000000088c00000| Untracked 
| 117|0x0000000088d00000, 0x0000000088d00000, 0x0000000088e00000|  0%| F|  |TAMS 0x0000000088d00000, 0x0000000088d00000| Untracked 
| 118|0x0000000088e00000, 0x0000000088e00000, 0x0000000088f00000|  0%| F|  |TAMS 0x0000000088e00000, 0x0000000088e00000| Untracked 
| 119|0x0000000088f00000, 0x0000000088f00000, 0x0000000089000000|  0%| F|  |TAMS 0x0000000088f00000, 0x0000000088f00000| Untracked 
| 120|0x0000000089000000, 0x0000000089000000, 0x0000000089100000|  0%| F|  |TAMS 0x0000000089000000, 0x0000000089000000| Untracked 
| 121|0x0000000089100000, 0x0000000089100000, 0x0000000089200000|  0%| F|  |TAMS 0x0000000089100000, 0x0000000089100000| Untracked 
| 122|0x0000000089200000, 0x0000000089200000, 0x0000000089300000|  0%| F|  |TAMS 0x0000000089200000, 0x0000000089200000| Untracked 
| 123|0x0000000089300000, 0x0000000089300000, 0x0000000089400000|  0%| F|  |TAMS 0x0000000089300000, 0x0000000089300000| Untracked 
| 124|0x0000000089400000, 0x0000000089400000, 0x0000000089500000|  0%| F|  |TAMS 0x0000000089400000, 0x0000000089400000| Untracked 
| 125|0x0000000089500000, 0x00000000895764a0, 0x0000000089600000| 46%| E|  |TAMS 0x0000000089500000, 0x0000000089500000| Complete 
| 126|0x0000000089600000, 0x0000000089700000, 0x0000000089700000|100%| E|CS|TAMS 0x0000000089600000, 0x0000000089600000| Complete 
| 127|0x0000000089700000, 0x0000000089800000, 0x0000000089800000|100%| E|CS|TAMS 0x0000000089700000, 0x0000000089700000| Complete 

Card table byte_map: [0x000001ec310b0000,0x000001ec314b0000] _byte_map_base: 0x000001ec30ca4000

Marking Bits (Prev, Next): (CMBitMap*) 0x000001ec19efb410, (CMBitMap*) 0x000001ec19efb450
 Prev Bits: [0x000001ec318b0000, 0x000001ec33850000)
 Next Bits: [0x000001ec33850000, 0x000001ec357f0000)

Polling page: 0x000001ec17e30000

Metaspace:

Usage:
  Non-class:      6.08 MB used.
      Class:    593.98 KB used.
       Both:      6.66 MB used.

Virtual space:
  Non-class space:        8.00 MB reserved,       6.12 MB ( 77%) committed,  1 nodes.
      Class space:        1.00 GB reserved,     640.00 KB ( <1%) committed,  1 nodes.
             Both:        1.01 GB reserved,       6.75 MB ( <1%) committed. 

Chunk freelists:
   Non-Class:  992.00 KB
       Class:  3.20 MB
        Both:  4.17 MB

MaxMetaspaceSize: unlimited
CompressedClassSpaceSize: 1.00 GB
Initial GC threshold: 21.00 MB
Current GC threshold: 21.00 MB
CDS: off
MetaspaceReclaimPolicy: balanced
 - commit_granule_bytes: 65536.
 - commit_granule_words: 8192.
 - virtual_space_node_default_size: 1048576.
 - enlarge_chunks_in_place: 1.
 - new_chunks_are_fully_committed: 0.
 - uncommit_free_chunks: 1.
 - use_allocation_guard: 0.
 - handle_deallocations: 1.


Internal statistics:

num_allocs_failed_limit: 0.
num_arena_births: 26.
num_arena_deaths: 0.
num_vsnodes_births: 2.
num_vsnodes_deaths: 0.
num_space_committed: 108.
num_space_uncommitted: 0.
num_chunks_returned_to_freelist: 0.
num_chunks_taken_from_freelist: 61.
num_chunk_merges: 0.
num_chunk_splits: 28.
num_chunks_enlarged: 18.
num_purges: 0.
num_inconsistent_stats: 0.

CodeHeap 'non-profiled nmethods': size=120000Kb used=79Kb max_used=79Kb free=119920Kb
 bounds [0x000001ec29450000, 0x000001ec296c0000, 0x000001ec30980000]
CodeHeap 'profiled nmethods': size=120000Kb used=232Kb max_used=232Kb free=119767Kb
 bounds [0x000001ec21980000, 0x000001ec21bf0000, 0x000001ec28eb0000]
CodeHeap 'non-nmethods': size=5760Kb used=1105Kb max_used=1119Kb free=4654Kb
 bounds [0x000001ec28eb0000, 0x000001ec29120000, 0x000001ec29450000]
 total_blobs=606 nmethods=223 adapters=296
 compilation: enabled
              stopped_count=0, restarted_count=0
 full_count=0

Compilation events (20 events):
Event: 0.265 Thread 0x000001ec38c62de0  206       3       jdk.internal.org.objectweb.asm.SymbolTable::addConstantUtf8 (98 bytes)
Event: 0.265 Thread 0x000001ec38c62de0 nmethod 206 0x000001ec219b7210 code [0x000001ec219b7440, 0x000001ec219b7a38]
Event: 0.265 Thread 0x000001ec38c62de0  210       3       java.lang.Number::<init> (5 bytes)
Event: 0.265 Thread 0x000001ec38c62de0 nmethod 210 0x000001ec219b7d90 code [0x000001ec219b7f20, 0x000001ec219b8078]
Event: 0.265 Thread 0x000001ec38c62de0  207       3       java.lang.Class::getName (18 bytes)
Event: 0.266 Thread 0x000001ec38c62de0 nmethod 207 0x000001ec219b8110 code [0x000001ec219b82c0, 0x000001ec219b8448]
Event: 0.266 Thread 0x000001ec38c62de0  208       3       java.lang.invoke.MemberName::testAllFlags (7 bytes)
Event: 0.266 Thread 0x000001ec38c62de0 nmethod 208 0x000001ec219b8510 code [0x000001ec219b86a0, 0x000001ec219b8878]
Event: 0.266 Thread 0x000001ec38c62de0  204       3       sun.invoke.util.Wrapper::hashPrim (30 bytes)
Event: 0.266 Thread 0x000001ec38c62de0 nmethod 204 0x000001ec219b8910 code [0x000001ec219b8ba0, 0x000001ec219b97c8]
Event: 0.266 Thread 0x000001ec38c62de0  216       3       java.lang.invoke.LambdaForm$Name::initIndex (26 bytes)
Event: 0.267 Thread 0x000001ec38c62de0 nmethod 216 0x000001ec219b9c90 code [0x000001ec219b9e20, 0x000001ec219b9fd8]
Event: 0.267 Thread 0x000001ec38c62de0  209       1       java.lang.invoke.LambdaForm$Name::index (5 bytes)
Event: 0.267 Thread 0x000001ec38c62de0 nmethod 209 0x000001ec29462590 code [0x000001ec29462720, 0x000001ec294627f8]
Event: 0.267 Thread 0x000001ec38c62de0  218       1       java.lang.invoke.LambdaForm$BasicType::basicTypeClass (5 bytes)
Event: 0.267 Thread 0x000001ec38c62de0 nmethod 218 0x000001ec29462890 code [0x000001ec29462a20, 0x000001ec29462af8]
Event: 0.267 Thread 0x000001ec38c62de0  201       1       java.lang.invoke.MethodTypeForm::erasedType (5 bytes)
Event: 0.267 Thread 0x000001ec38c62de0 nmethod 201 0x000001ec29462b90 code [0x000001ec29462d20, 0x000001ec29462df8]
Event: 0.267 Thread 0x000001ec38c62de0  219       3       jdk.internal.org.objectweb.asm.Frame::execute (2305 bytes)
Event: 0.269 Thread 0x000001ec38c5a330  222   !   4       java.nio.DirectByteBuffer::get (34 bytes)

GC Heap History (0 events):
No events

Dll operation events (7 events):
Event: 0.015 Loaded shared library C:\pleiades\2022-12\java\17\bin\java.dll
Event: 0.057 Loaded shared library C:\pleiades\2022-12\java\17\bin\jsvml.dll
Event: 0.167 Loaded shared library C:\pleiades\2022-12\java\17\bin\net.dll
Event: 0.170 Loaded shared library C:\pleiades\2022-12\java\17\bin\nio.dll
Event: 0.180 Loaded shared library C:\pleiades\2022-12\java\17\bin\zip.dll
Event: 0.190 Loaded shared library C:\pleiades\2022-12\java\17\bin\jimage.dll
Event: 0.205 Loaded shared library C:\pleiades\2022-12\java\17\bin\attach.dll

Deoptimization events (0 events):
No events

Classes unloaded (0 events):
No events

Classes redefined (0 events):
No events

Internal exceptions (0 events):
No events

VM Operations (2 events):
Event: 0.181 Executing VM operation: HandshakeAllThreads
Event: 0.181 Executing VM operation: HandshakeAllThreads done

Events (20 events):
Event: 0.256 loading class jdk/internal/perf/Perf$CleanerAction
Event: 0.256 loading class jdk/internal/perf/Perf$CleanerAction done
Event: 0.260 loading class java/lang/invoke/BoundMethodHandle$Species_LLL
Event: 0.260 loading class java/lang/invoke/BoundMethodHandle$Species_LLL done
Event: 0.261 loading class java/lang/invoke/BoundMethodHandle$Species_LLLL
Event: 0.261 loading class java/lang/invoke/BoundMethodHandle$Species_LLLL done
Event: 0.263 loading class java/lang/invoke/BoundMethodHandle$Species_LLLLL
Event: 0.263 loading class java/lang/invoke/BoundMethodHandle$Species_LLLLL done
Event: 0.264 loading class java/lang/Long$LongCache
Event: 0.264 loading class java/lang/Long$LongCache done
Event: 0.264 loading class java/lang/invoke/MethodHandles$1
Event: 0.264 loading class java/lang/invoke/MethodHandles$1 done
Event: 0.264 loading class java/lang/invoke/BoundMethodHandle$Species_LJ
Event: 0.264 loading class java/lang/invoke/BoundMethodHandle$Species_LJ done
Event: 0.265 loading class java/lang/invoke/BoundMethodHandle$Species_LLLLLL
Event: 0.265 loading class java/lang/invoke/BoundMethodHandle$Species_LLLLLL done
Event: 0.268 loading class java/net/MalformedURLException
Event: 0.268 loading class java/net/MalformedURLException done
Event: 0.269 loading class java/lang/InterruptedException
Event: 0.269 loading class java/lang/InterruptedException done


Dynamic libraries:
0x00007ff798620000 - 0x00007ff79862e000 	C:\pleiades\2022-12\java\17\bin\java.exe
0x00007ffa93510000 - 0x00007ffa93727000 	C:\WINDOWS\SYSTEM32\ntdll.dll
0x00007ffa91fa0000 - 0x00007ffa92064000 	C:\WINDOWS\System32\KERNEL32.DLL
0x00007ffa90d10000 - 0x00007ffa910c9000 	C:\WINDOWS\System32\KERNELBASE.dll
0x00007ffa90bf0000 - 0x00007ffa90d01000 	C:\WINDOWS\System32\ucrtbase.dll
0x00007ffa7a0e0000 - 0x00007ffa7a0f9000 	C:\pleiades\2022-12\java\17\bin\VCRUNTIME140.dll
0x00007ffa8c180000 - 0x00007ffa8c197000 	C:\pleiades\2022-12\java\17\bin\jli.dll
0x00007ffa93320000 - 0x00007ffa934ce000 	C:\WINDOWS\System32\USER32.dll
0x00007ffa780f0000 - 0x00007ffa78382000 	C:\WINDOWS\WinSxS\amd64_microsoft.windows.common-controls_6595b64144ccf1df_6.0.22621.4391_none_2715d37f73803e96\COMCTL32.dll
0x00007ffa90810000 - 0x00007ffa90836000 	C:\WINDOWS\System32\win32u.dll
0x00007ffa914e0000 - 0x00007ffa91587000 	C:\WINDOWS\System32\msvcrt.dll
0x00007ffa91590000 - 0x00007ffa915b9000 	C:\WINDOWS\System32\GDI32.dll
0x00007ffa908e0000 - 0x00007ffa909fb000 	C:\WINDOWS\System32\gdi32full.dll
0x00007ffa90840000 - 0x00007ffa908da000 	C:\WINDOWS\System32\msvcp_win.dll
0x00007ffa92070000 - 0x00007ffa920a1000 	C:\WINDOWS\System32\IMM32.DLL
0x00007ffa8b6e0000 - 0x00007ffa8b6ec000 	C:\pleiades\2022-12\java\17\bin\vcruntime140_1.dll
0x00007ffa6fd70000 - 0x00007ffa6fe01000 	C:\pleiades\2022-12\java\17\bin\msvcp140.dll
0x00007ffa20bb0000 - 0x00007ffa217f7000 	C:\pleiades\2022-12\java\17\bin\server\jvm.dll
0x00007ffa91c10000 - 0x00007ffa91cc2000 	C:\WINDOWS\System32\ADVAPI32.dll
0x00007ffa91410000 - 0x00007ffa914b7000 	C:\WINDOWS\System32\sechost.dll
0x00007ffa91190000 - 0x00007ffa911b8000 	C:\WINDOWS\System32\bcrypt.dll
0x00007ffa92300000 - 0x00007ffa92414000 	C:\WINDOWS\System32\RPCRT4.dll
0x00007ffa8b720000 - 0x00007ffa8b754000 	C:\WINDOWS\SYSTEM32\WINMM.dll
0x00007ffa704b0000 - 0x00007ffa704b9000 	C:\WINDOWS\SYSTEM32\WSOCK32.dll
0x00007ffa8bba0000 - 0x00007ffa8bbaa000 	C:\WINDOWS\SYSTEM32\VERSION.dll
0x00007ffa92260000 - 0x00007ffa922d1000 	C:\WINDOWS\System32\WS2_32.dll
0x00007ffa8f900000 - 0x00007ffa8f918000 	C:\WINDOWS\SYSTEM32\kernel.appcore.dll
0x00007ffa8c2b0000 - 0x00007ffa8c2ba000 	C:\pleiades\2022-12\java\17\bin\jimage.dll
0x00007ffa86040000 - 0x00007ffa86272000 	C:\WINDOWS\SYSTEM32\DBGHELP.DLL
0x00007ffa915c0000 - 0x00007ffa9194f000 	C:\WINDOWS\System32\combase.dll
0x00007ffa91330000 - 0x00007ffa91407000 	C:\WINDOWS\System32\OLEAUT32.dll
0x00007ffa7dbf0000 - 0x00007ffa7dc22000 	C:\WINDOWS\SYSTEM32\dbgcore.DLL
0x00007ffa90b70000 - 0x00007ffa90beb000 	C:\WINDOWS\System32\bcryptPrimitives.dll
0x00007ffa88790000 - 0x00007ffa887b5000 	C:\pleiades\2022-12\java\17\bin\java.dll
0x00007ffa71530000 - 0x00007ffa71606000 	C:\pleiades\2022-12\java\17\bin\jsvml.dll
0x00007ffa92990000 - 0x00007ffa93206000 	C:\WINDOWS\System32\SHELL32.dll
0x00007ffa8e710000 - 0x00007ffa8f013000 	C:\WINDOWS\SYSTEM32\windows.storage.dll
0x00007ffa8e5d0000 - 0x00007ffa8e70f000 	C:\WINDOWS\SYSTEM32\wintypes.dll
0x00007ffa91230000 - 0x00007ffa91329000 	C:\WINDOWS\System32\SHCORE.dll
0x00007ffa91f40000 - 0x00007ffa91f9e000 	C:\WINDOWS\System32\shlwapi.dll
0x00007ffa90740000 - 0x00007ffa9076b000 	C:\WINDOWS\SYSTEM32\profapi.dll
0x00007ffa88240000 - 0x00007ffa88259000 	C:\pleiades\2022-12\java\17\bin\net.dll
0x00007ffa8ba50000 - 0x00007ffa8bb86000 	C:\WINDOWS\SYSTEM32\WINHTTP.dll
0x00007ffa8fd70000 - 0x00007ffa8fdd9000 	C:\WINDOWS\system32\mswsock.dll
0x00007ffa87400000 - 0x00007ffa87415000 	C:\pleiades\2022-12\java\17\bin\nio.dll
0x00007ffa8b040000 - 0x00007ffa8b058000 	C:\pleiades\2022-12\java\17\bin\zip.dll
0x00007ffa8d9e0000 - 0x00007ffa8d9e9000 	C:\pleiades\2022-12\java\17\bin\attach.dll
0x00007ffa92950000 - 0x00007ffa92958000 	C:\WINDOWS\System32\PSAPI.DLL

dbghelp: loaded successfully - version: 4.0.5 - missing functions: none
symbol engine: initialized successfully - sym options: 0x614 - pdb path: .;C:\pleiades\2022-12\java\17\bin;C:\WINDOWS\SYSTEM32;C:\WINDOWS\WinSxS\amd64_microsoft.windows.common-controls_6595b64144ccf1df_6.0.22621.4391_none_2715d37f73803e96;C:\pleiades\2022-12\java\17\bin\server

VM Arguments:
jvm_args: -Dnet.bytebuddy.agent.attacher.dump= 
java_command: net.bytebuddy.agent.Attacher com.sun.tools.attach.VirtualMachine 24276 C:\Users\ganon\.m2\repository\net\bytebuddy\byte-buddy-agent\1.15.10\byte-buddy-agent-1.15.10.jar false 
java_class_path (initial): C:\Users\ganon\.m2\repository\net\bytebuddy\byte-buddy-agent\1.15.10\byte-buddy-agent-1.15.10.jar
Launcher Type: SUN_STANDARD

[Global flags]
     intx CICompilerCount                          = 4                                         {product} {ergonomic}
     uint ConcGCThreads                            = 2                                         {product} {ergonomic}
     uint G1ConcRefinementThreads                  = 8                                         {product} {ergonomic}
   size_t G1HeapRegionSize                         = 1048576                                   {product} {ergonomic}
    uintx GCDrainStackTargetSize                   = 64                                        {product} {ergonomic}
   size_t InitialHeapSize                          = 134217728                                 {product} {ergonomic}
   size_t MarkStackSize                            = 4194304                                   {product} {ergonomic}
   size_t MaxHeapSize                              = 2122317824                                {product} {ergonomic}
   size_t MaxNewSize                               = 1272971264                                {product} {ergonomic}
   size_t MinHeapDeltaBytes                        = 1048576                                   {product} {ergonomic}
   size_t MinHeapSize                              = 8388608                                   {product} {ergonomic}
    uintx NonNMethodCodeHeapSize                   = 5839372                                {pd product} {ergonomic}
    uintx NonProfiledCodeHeapSize                  = 122909434                              {pd product} {ergonomic}
    uintx ProfiledCodeHeapSize                     = 122909434                              {pd product} {ergonomic}
    uintx ReservedCodeCacheSize                    = 251658240                              {pd product} {ergonomic}
     bool SegmentedCodeCache                       = true                                      {product} {ergonomic}
   size_t SoftMaxHeapSize                          = 2122317824                             {manageable} {ergonomic}
     bool UseCompressedClassPointers               = true                           {product lp64_product} {ergonomic}
     bool UseCompressedOops                        = true                           {product lp64_product} {ergonomic}
     bool UseG1GC                                  = true                                      {product} {ergonomic}
     bool UseLargePagesIndividualAllocation        = false                                  {pd product} {ergonomic}

Logging:
Log output configuration:
 #0: stdout all=warning uptime,level,tags
 #1: stderr all=off uptime,level,tags

Environment Variables:
PATH=C:/pleiades/2022-12/java/17/bin/server;C:/pleiades/2022-12/java/17/bin;C:\Program Files (x86)\Razer Chroma SDK\bin;C:\Program Files\Razer Chroma SDK\bin;C:\Program Files (x86)\Razer\ChromaBroadcast\bin;C:\Program Files\Razer\ChromaBroadcast\bin;C:\Program Files\Common Files\Oracle\Java\javapath;C:\WINDOWS\system32;C:\WINDOWS;C:\WINDOWS\System32\Wbem;C:\WINDOWS\System32\WindowsPowerShell\v1.0\;C:\WINDOWS\System32\OpenSSH\;C:\Program Files (x86)\Intel\Intel(R) Management Engine Components\DAL;C:\Program Files\Intel\Intel(R) Management Engine Components\DAL;C:\Program Files (x86)\VAIO\VAIO BIOS Data Transfer Utility\;C:\Program Files (x86)\Windows Kits\10\Windows Performance Toolkit\;C:\Program Files\Git\cmd;C:\Program Files\dotnet\;C:\Users\ganon\AppData\Local\Pub\Cache\bin;C:\WINDOWS\system32\config\systemprofile\AppData\Local\Microsoft\WindowsApps;C:\Program Files\MySQL\MySQL Shell 8.0\bin\;C:\Users\ganon\AppData\Local\Programs\Python\Python312\Scripts\;C:\Users\ganon\AppData\Local\Programs\Python\Python312\;C:\Users\ganon\AppData\Local\Programs\Python\Launcher\;C:\Users\ganon\AppData\Local\Microsoft\WindowsApps;C:\Users\ganon\AppData\Local\Programs\Microsoft VS Code\bin;C:\Users\ganon\.dotnet\tools;C:\Users\ganon\AppData\Local\Microsoft\WinGet\Links;C:\node-v20.13.1-win-x64;C:\flutter_windows_3.22.1-stable\flutter\bin;C:\Users\ganon\AppData\Local\Microsoft\WindowsApps\python.exe;C:\Program Files (x86)\Android\android-sdk\platform-tools;;C:\pleiades\2022-12\eclipse;
USERNAME=ganon
OS=Windows_NT
PROCESSOR_IDENTIFIER=Intel64 Family 6 Model 142 Stepping 10, GenuineIntel
TMP=C:\Users\ganon\AppData\Local\Temp
TEMP=C:\Users\ganon\AppData\Local\Temp



---------------  S Y S T E M  ---------------

OS:
 Windows 11 , 64 bit Build 22621 (10.0.22621.4391)
OS uptime: 7 days 23:06 hours
Hyper-V role detected

CPU: total 8 (initial active 8) (4 cores per cpu, 2 threads per core) family 6 model 142 stepping 10 microcode 0xf4, cx8, cmov, fxsr, ht, mmx, 3dnowpref, sse, sse2, sse3, ssse3, sse4.1, sse4.2, popcnt, lzcnt, tsc, tscinvbit, avx, avx2, aes, erms, clmul, bmi1, bmi2, adx, fma, vzeroupper, clflush, clflushopt, hv

Memory: 4k page, system-wide physical 8088M (680M free)
TotalPageFile size 13088M (AvailPageFile size 6M)
current process WorkingSet (physical memory assigned to process): 34M, peak: 34M
current process commit charge ("private bytes"): 207M, peak: 207M

vm_info: OpenJDK 64-Bit Server VM (17.0.6+10) for windows-amd64 JRE (17.0.6+10), built on Jan 18 2023 10:08:59 by "temurin" with MS VC++ 16.7 (VS2019)

END.
