#
# There is insufficient memory for the Java Runtime Environment to continue.
# Native memory allocation (mmap) failed to map 141557760 bytes for G1 virtual space
# Possible reasons:
#   The system is out of physical RAM or swap space
#   The process is running with CompressedOops enabled, and the Java Heap may be blocking the growth of the native heap
# Possible solutions:
#   Reduce memory load on the system
#   Increase physical memory or swap space
#   Check if swap backing store is full
#   Decrease Java heap size (-Xmx/-Xms)
#   Decrease number of Java threads
#   Decrease Java thread stack sizes (-Xss)
#   Set larger code cache with -XX:ReservedCodeCacheSize=
#   JVM is running with Unscaled Compressed Oops mode in which the Java heap is
#     placed in the first 4GB address space. The Java Heap base address is the
#     maximum limit for the native heap growth. Please use -XX:HeapBaseMinAddress
#     to set the Java Heap base and to place the Java Heap above 4GB virtual address.
# This output file may be truncated or incomplete.
#
#  Out of Memory Error (os_windows.cpp:3557), pid=15764, tid=20528
#
# JRE version: OpenJDK Runtime Environment Temurin-17.0.6+10 (17.0.6+10) (build 17.0.6+10)
# Java VM: OpenJDK 64-Bit Server VM Temurin-17.0.6+10 (17.0.6+10, mixed mode, sharing, tiered, compressed oops, compressed class ptrs, g1 gc, windows-amd64)
# No core dump will be written. Minidumps are not enabled by default on client versions of Windows
#

---------------  S U M M A R Y ------------

Command Line: -Dmaven.home=EMBEDDED -Dclassworlds.conf=C:\pleiades\2022-12\workspace\.metadata\.plugins\org.eclipse.m2e.launching\launches\m2conf11377086446589025871.tmp -Dmaven.multiModuleProjectDirectory=C:\Users\ganon\Desktop\Library_System\demo -Dm2e.build.project.data.socket.port=50029 -Dfile.encoding=UTF-8 -XX:+ShowCodeDetailsInExceptionMessages org.codehaus.plexus.classworlds.launcher.Launcher -B -Dstyle.color=always install

Host: Intel(R) Core(TM) i5-8250U CPU @ 1.60GHz, 8 cores, 7G,  Windows 11 , 64 bit Build 22621 (10.0.22621.4391)
Time: Sun Dec  1 15:35:04 2024  Windows 11 , 64 bit Build 22621 (10.0.22621.4391) elapsed time: 12.521900 seconds (0d 0h 0m 12s)

---------------  T H R E A D  ---------------

Current thread (0x000002cdf53fcb20):  VMThread "VM Thread" [stack: 0x000000eb3c200000,0x000000eb3c300000] [id=20528]

Stack: [0x000000eb3c200000,0x000000eb3c300000]
Native frames: (J=compiled Java code, j=interpreted, Vv=VM code, C=native code)
V  [jvm.dll+0x67741a]
V  [jvm.dll+0x834434]
V  [jvm.dll+0x835bde]
V  [jvm.dll+0x836243]
V  [jvm.dll+0x2457b5]
V  [jvm.dll+0x674329]
V  [jvm.dll+0x6689da]
V  [jvm.dll+0x30489b]
V  [jvm.dll+0x30bd96]
V  [jvm.dll+0x35b57e]
V  [jvm.dll+0x35b7af]
V  [jvm.dll+0x2db778]
V  [jvm.dll+0x2d9a2c]
V  [jvm.dll+0x2d8ffc]
V  [jvm.dll+0x31cdcb]
V  [jvm.dll+0x83a6eb]
V  [jvm.dll+0x83b424]
V  [jvm.dll+0x83b93c]
V  [jvm.dll+0x83bd14]
V  [jvm.dll+0x83bde0]
V  [jvm.dll+0x7e483a]
V  [jvm.dll+0x6762c5]
C  [ucrtbase.dll+0x29333]
C  [KERNEL32.DLL+0x1259d]
C  [ntdll.dll+0x5af38]

VM_Operation (0x000000eb3bcfbec0): G1CollectForAllocation, mode: safepoint, requested by thread 0x000002cdd50fc760


---------------  P R O C E S S  ---------------

Threads class SMR info:
_java_thread_list=0x000002cdf79ea460, length=13, elements={
0x000002cdd50fc760, 0x000002cdf5402b30, 0x000002cdf54039a0, 0x000002cdf541b930,
0x000002cdf54204f0, 0x000002cdf5422eb0, 0x000002cdf542bc70, 0x000002cdf54384d0,
0x000002cdf5439f80, 0x000002cdf543a970, 0x000002cdf60e29f0, 0x000002cdf60e3560,
0x000002cdf7772010
}

Java Threads: ( => current thread )
  0x000002cdd50fc760 JavaThread "main" [_thread_blocked, id=21424, stack(0x000000eb3bc00000,0x000000eb3bd00000)]
  0x000002cdf5402b30 JavaThread "Reference Handler" daemon [_thread_blocked, id=23468, stack(0x000000eb3c300000,0x000000eb3c400000)]
  0x000002cdf54039a0 JavaThread "Finalizer" daemon [_thread_blocked, id=17932, stack(0x000000eb3c400000,0x000000eb3c500000)]
  0x000002cdf541b930 JavaThread "Signal Dispatcher" daemon [_thread_blocked, id=3472, stack(0x000000eb3c500000,0x000000eb3c600000)]
  0x000002cdf54204f0 JavaThread "Attach Listener" daemon [_thread_blocked, id=23368, stack(0x000000eb3c600000,0x000000eb3c700000)]
  0x000002cdf5422eb0 JavaThread "Service Thread" daemon [_thread_blocked, id=21404, stack(0x000000eb3c700000,0x000000eb3c800000)]
  0x000002cdf542bc70 JavaThread "Monitor Deflation Thread" daemon [_thread_blocked, id=2100, stack(0x000000eb3c800000,0x000000eb3c900000)]
  0x000002cdf54384d0 JavaThread "C2 CompilerThread0" daemon [_thread_blocked, id=14704, stack(0x000000eb3c900000,0x000000eb3ca00000)]
  0x000002cdf5439f80 JavaThread "C1 CompilerThread0" daemon [_thread_blocked, id=22100, stack(0x000000eb3ca00000,0x000000eb3cb00000)]
  0x000002cdf543a970 JavaThread "Sweeper thread" daemon [_thread_blocked, id=17948, stack(0x000000eb3cb00000,0x000000eb3cc00000)]
  0x000002cdf60e29f0 JavaThread "Notification Thread" daemon [_thread_blocked, id=15924, stack(0x000000eb3cc00000,0x000000eb3cd00000)]
  0x000002cdf60e3560 JavaThread "Common-Cleaner" daemon [_thread_blocked, id=4004, stack(0x000000eb3ce00000,0x000000eb3cf00000)]
  0x000002cdf7772010 JavaThread "C2 CompilerThread1" daemon [_thread_blocked, id=15188, stack(0x000000eb3cf00000,0x000000eb3d000000)]

Other Threads:
=>0x000002cdf53fcb20 VMThread "VM Thread" [stack: 0x000000eb3c200000,0x000000eb3c300000] [id=20528]
  0x000002cdf60e2ec0 WatcherThread [stack: 0x000000eb3cd00000,0x000000eb3ce00000] [id=22788]
  0x000002cdd5158d90 GCTaskThread "GC Thread#0" [stack: 0x000000eb3bd00000,0x000000eb3be00000] [id=9516]
  0x000002cdf60fa750 GCTaskThread "GC Thread#1" [stack: 0x000000eb3d100000,0x000000eb3d200000] [id=16052]
  0x000002cdf7062e10 GCTaskThread "GC Thread#2" [stack: 0x000000eb3d200000,0x000000eb3d300000] [id=7300]
  0x000002cdf66fca80 GCTaskThread "GC Thread#3" [stack: 0x000000eb3d300000,0x000000eb3d400000] [id=20472]
  0x000002cdf72ca850 GCTaskThread "GC Thread#4" [stack: 0x000000eb3d400000,0x000000eb3d500000] [id=17124]
  0x000002cdf68be770 GCTaskThread "GC Thread#5" [stack: 0x000000eb3d500000,0x000000eb3d600000] [id=22732]
  0x000002cdf68bea20 GCTaskThread "GC Thread#6" [stack: 0x000000eb3d600000,0x000000eb3d700000] [id=7672]
  0x000002cdf7061030 GCTaskThread "GC Thread#7" [stack: 0x000000eb3d700000,0x000000eb3d800000] [id=5716]
  0x000002cdd516a170 ConcurrentGCThread "G1 Main Marker" [stack: 0x000000eb3be00000,0x000000eb3bf00000] [id=7460]
  0x000002cdd516ab80 ConcurrentGCThread "G1 Conc#0" [stack: 0x000000eb3bf00000,0x000000eb3c000000] [id=10464]
  0x000002cdf719cd50 ConcurrentGCThread "G1 Conc#1" [stack: 0x000000eb3d000000,0x000000eb3d100000] [id=18924]
  0x000002cdf52b9500 ConcurrentGCThread "G1 Refine#0" [stack: 0x000000eb3c000000,0x000000eb3c100000] [id=16608]
  0x000002cdf908b090 ConcurrentGCThread "G1 Refine#1" [stack: 0x000000eb3d800000,0x000000eb3d900000] [id=10228]
  0x000002cdf630cfc0 ConcurrentGCThread "G1 Refine#2" [stack: 0x000000eb3d900000,0x000000eb3da00000] [id=20776]
  0x000002cdd51bd070 ConcurrentGCThread "G1 Service" [stack: 0x000000eb3c100000,0x000000eb3c200000] [id=5232]

Threads with active compile tasks:
C2 CompilerThread0    12567 6794       4       org.apache.maven.model.merge.MavenModelMerger::mergePlugin_Executions (235 bytes)
C2 CompilerThread1    12567 6784       4       org.apache.maven.model.merge.ModelMerger::mergePlugin_Dependencies (26 bytes)

VM state: at safepoint (normal execution)

VM Mutex/Monitor currently owned by a thread:  ([mutex/lock_event])
[0x000002cdd50f7fd0] Threads_lock - owner thread: 0x000002cdf53fcb20
[0x000002cdd50f75b0] Heap_lock - owner thread: 0x000002cdd50fc760

Heap address: 0x0000000081800000, size: 2024 MB, Compressed Oops mode: 32-bit

CDS archive(s) mapped at: [0x0000000800000000-0x0000000800bc0000-0x0000000800bc0000), size 12320768, SharedBaseAddress: 0x0000000800000000, ArchiveRelocationMode: 0.
Compressed class space mapped at: 0x0000000800c00000-0x0000000840c00000, reserved size: 1073741824
Narrow klass base: 0x0000000800000000, Narrow klass shift: 0, Narrow klass range: 0x100000000

GC Precious Log:
 CPUs: 8 total, 8 available
 Memory: 8088M
 Large Page Support: Disabled
 NUMA Support: Disabled
 Compressed Oops: Enabled (32-bit)
 Heap Region Size: 1M
 Heap Min Capacity: 8M
 Heap Initial Capacity: 128M
 Heap Max Capacity: 2024M
 Pre-touch: Disabled
 Parallel Workers: 8
 Concurrent Workers: 2
 Concurrent Refinement Workers: 8
 Periodic GC: Disabled

Heap:
 garbage-first heap   total 135168K, used 51966K [0x0000000081800000, 0x0000000100000000)
  region size 1024K, 1 young (1024K), 1 survivors (1024K)
 Metaspace       used 29116K, committed 29440K, reserved 1081344K
  class space    used 3264K, committed 3456K, reserved 1048576K

Heap Regions: E=young(eden), S=young(survivor), O=old, HS=humongous(starts), HC=humongous(continues), CS=collection set, F=free, OA=open archive, CA=closed archive, TAMS=top-at-mark-start (previous, next)
|   0|0x0000000081800000, 0x0000000081900000, 0x0000000081900000|100%| O|  |TAMS 0x0000000081900000, 0x0000000081800000| Untracked 
|   1|0x0000000081900000, 0x0000000081a00000, 0x0000000081a00000|100%| O|  |TAMS 0x0000000081a00000, 0x0000000081900000| Untracked 
|   2|0x0000000081a00000, 0x0000000081b00000, 0x0000000081b00000|100%| O|  |TAMS 0x0000000081b00000, 0x0000000081a00000| Untracked 
|   3|0x0000000081b00000, 0x0000000081c00000, 0x0000000081c00000|100%| O|  |TAMS 0x0000000081c00000, 0x0000000081b00000| Untracked 
|   4|0x0000000081c00000, 0x0000000081d00000, 0x0000000081d00000|100%| O|  |TAMS 0x0000000081d00000, 0x0000000081c00000| Untracked 
|   5|0x0000000081d00000, 0x0000000081e00000, 0x0000000081e00000|100%| O|  |TAMS 0x0000000081e00000, 0x0000000081d00000| Untracked 
|   6|0x0000000081e00000, 0x0000000081f00000, 0x0000000081f00000|100%| O|  |TAMS 0x0000000081f00000, 0x0000000081e00000| Untracked 
|   7|0x0000000081f00000, 0x0000000082000000, 0x0000000082000000|100%| O|  |TAMS 0x0000000082000000, 0x0000000081f00000| Untracked 
|   8|0x0000000082000000, 0x0000000082100000, 0x0000000082100000|100%| O|  |TAMS 0x0000000082100000, 0x0000000082000000| Untracked 
|   9|0x0000000082100000, 0x0000000082200000, 0x0000000082200000|100%| O|  |TAMS 0x0000000082200000, 0x0000000082100000| Untracked 
|  10|0x0000000082200000, 0x0000000082300000, 0x0000000082300000|100%| O|  |TAMS 0x0000000082300000, 0x0000000082200000| Untracked 
|  11|0x0000000082300000, 0x0000000082400000, 0x0000000082400000|100%| O|  |TAMS 0x0000000082400000, 0x0000000082300000| Untracked 
|  12|0x0000000082400000, 0x0000000082500000, 0x0000000082500000|100%| O|  |TAMS 0x0000000082500000, 0x0000000082400000| Untracked 
|  13|0x0000000082500000, 0x0000000082600000, 0x0000000082600000|100%| O|  |TAMS 0x0000000082600000, 0x0000000082500000| Untracked 
|  14|0x0000000082600000, 0x0000000082700000, 0x0000000082700000|100%| O|  |TAMS 0x0000000082700000, 0x0000000082600000| Untracked 
|  15|0x0000000082700000, 0x0000000082800000, 0x0000000082800000|100%| O|  |TAMS 0x0000000082800000, 0x0000000082700000| Untracked 
|  16|0x0000000082800000, 0x0000000082900000, 0x0000000082900000|100%| O|  |TAMS 0x0000000082900000, 0x0000000082800000| Untracked 
|  17|0x0000000082900000, 0x0000000082a00000, 0x0000000082a00000|100%| O|  |TAMS 0x0000000082900000, 0x0000000082900000| Untracked 
|  18|0x0000000082a00000, 0x0000000082b00000, 0x0000000082b00000|100%| O|  |TAMS 0x0000000082a00000, 0x0000000082a00000| Untracked 
|  19|0x0000000082b00000, 0x0000000082c00000, 0x0000000082c00000|100%| O|  |TAMS 0x0000000082c00000, 0x0000000082b00000| Untracked 
|  20|0x0000000082c00000, 0x0000000082d00000, 0x0000000082d00000|100%| O|  |TAMS 0x0000000082d00000, 0x0000000082c00000| Untracked 
|  21|0x0000000082d00000, 0x0000000082e00000, 0x0000000082e00000|100%| O|  |TAMS 0x0000000082d00000, 0x0000000082d00000| Untracked 
|  22|0x0000000082e00000, 0x0000000082f00000, 0x0000000082f00000|100%| O|  |TAMS 0x0000000082f00000, 0x0000000082e00000| Untracked 
|  23|0x0000000082f00000, 0x0000000083000000, 0x0000000083000000|100%| O|  |TAMS 0x0000000082f00000, 0x0000000082f00000| Untracked 
|  24|0x0000000083000000, 0x0000000083062400, 0x0000000083100000| 38%| O|  |TAMS 0x0000000083000000, 0x0000000083000000| Untracked 
|  25|0x0000000083100000, 0x0000000083100000, 0x0000000083200000|  0%| F|  |TAMS 0x0000000083100000, 0x0000000083100000| Untracked 
|  26|0x0000000083200000, 0x0000000083200000, 0x0000000083300000|  0%| F|  |TAMS 0x0000000083200000, 0x0000000083200000| Untracked 
|  27|0x0000000083300000, 0x0000000083300000, 0x0000000083400000|  0%| F|  |TAMS 0x0000000083300000, 0x0000000083300000| Untracked 
|  28|0x0000000083400000, 0x0000000083400000, 0x0000000083500000|  0%| F|  |TAMS 0x0000000083400000, 0x0000000083400000| Untracked 
|  29|0x0000000083500000, 0x0000000083500000, 0x0000000083600000|  0%| F|  |TAMS 0x0000000083500000, 0x0000000083500000| Untracked 
|  30|0x0000000083600000, 0x0000000083600000, 0x0000000083700000|  0%| F|  |TAMS 0x0000000083600000, 0x0000000083600000| Untracked 
|  31|0x0000000083700000, 0x0000000083700000, 0x0000000083800000|  0%| F|  |TAMS 0x0000000083700000, 0x0000000083700000| Untracked 
|  32|0x0000000083800000, 0x0000000083900000, 0x0000000083900000|100%| O|  |TAMS 0x0000000083900000, 0x0000000083800000| Untracked 
|  33|0x0000000083900000, 0x0000000083900000, 0x0000000083a00000|  0%| F|  |TAMS 0x0000000083900000, 0x0000000083900000| Untracked 
|  34|0x0000000083a00000, 0x0000000083b00000, 0x0000000083b00000|100%| O|  |TAMS 0x0000000083b00000, 0x0000000083a00000| Untracked 
|  35|0x0000000083b00000, 0x0000000083c00000, 0x0000000083c00000|100%|HS|  |TAMS 0x0000000083c00000, 0x0000000083b00000| Complete 
|  36|0x0000000083c00000, 0x0000000083d00000, 0x0000000083d00000|100%|HC|  |TAMS 0x0000000083d00000, 0x0000000083c00000| Complete 
|  37|0x0000000083d00000, 0x0000000083d00000, 0x0000000083e00000|  0%| F|  |TAMS 0x0000000083d00000, 0x0000000083d00000| Untracked 
|  38|0x0000000083e00000, 0x0000000083f00000, 0x0000000083f00000|100%| O|  |TAMS 0x0000000083f00000, 0x0000000083e00000| Untracked 
|  39|0x0000000083f00000, 0x0000000084000000, 0x0000000084000000|100%| O|  |TAMS 0x0000000084000000, 0x0000000083f00000| Untracked 
|  40|0x0000000084000000, 0x0000000084000000, 0x0000000084100000|  0%| F|  |TAMS 0x0000000084000000, 0x0000000084000000| Untracked 
|  41|0x0000000084100000, 0x0000000084100000, 0x0000000084200000|  0%| F|  |TAMS 0x0000000084100000, 0x0000000084100000| Untracked 
|  42|0x0000000084200000, 0x0000000084200000, 0x0000000084300000|  0%| F|  |TAMS 0x0000000084200000, 0x0000000084200000| Untracked 
|  43|0x0000000084300000, 0x0000000084300000, 0x0000000084400000|  0%| F|  |TAMS 0x0000000084300000, 0x0000000084300000| Untracked 
|  44|0x0000000084400000, 0x0000000084400000, 0x0000000084500000|  0%| F|  |TAMS 0x0000000084400000, 0x0000000084400000| Untracked 
|  45|0x0000000084500000, 0x0000000084500000, 0x0000000084600000|  0%| F|  |TAMS 0x0000000084500000, 0x0000000084500000| Untracked 
|  46|0x0000000084600000, 0x0000000084600000, 0x0000000084700000|  0%| F|  |TAMS 0x0000000084600000, 0x0000000084600000| Untracked 
|  47|0x0000000084700000, 0x0000000084800000, 0x0000000084800000|100%| O|  |TAMS 0x0000000084800000, 0x0000000084700000| Untracked 
|  48|0x0000000084800000, 0x0000000084900000, 0x0000000084900000|100%| O|  |TAMS 0x0000000084900000, 0x0000000084800000| Untracked 
|  49|0x0000000084900000, 0x0000000084a00000, 0x0000000084a00000|100%| O|  |TAMS 0x0000000084a00000, 0x0000000084900000| Untracked 
|  50|0x0000000084a00000, 0x0000000084b00000, 0x0000000084b00000|100%| O|  |TAMS 0x0000000084b00000, 0x0000000084a00000| Untracked 
|  51|0x0000000084b00000, 0x0000000084c00000, 0x0000000084c00000|100%| O|  |TAMS 0x0000000084c00000, 0x0000000084b00000| Untracked 
|  52|0x0000000084c00000, 0x0000000084d00000, 0x0000000084d00000|100%| O|  |TAMS 0x0000000084d00000, 0x0000000084c00000| Untracked 
|  53|0x0000000084d00000, 0x0000000084e00000, 0x0000000084e00000|100%| O|  |TAMS 0x0000000084e00000, 0x0000000084d00000| Untracked 
|  54|0x0000000084e00000, 0x0000000084f00000, 0x0000000084f00000|100%| O|  |TAMS 0x0000000084f00000, 0x0000000084e00000| Untracked 
|  55|0x0000000084f00000, 0x0000000085000000, 0x0000000085000000|100%| O|  |TAMS 0x0000000085000000, 0x0000000084f00000| Untracked 
|  56|0x0000000085000000, 0x0000000085100000, 0x0000000085100000|100%| O|  |TAMS 0x0000000085100000, 0x0000000085000000| Untracked 
|  57|0x0000000085100000, 0x0000000085200000, 0x0000000085200000|100%|HS|  |TAMS 0x0000000085200000, 0x0000000085100000| Complete 
|  58|0x0000000085200000, 0x0000000085300000, 0x0000000085300000|100%| O|  |TAMS 0x0000000085300000, 0x0000000085200000| Untracked 
|  59|0x0000000085300000, 0x0000000085400000, 0x0000000085400000|100%| O|  |TAMS 0x0000000085400000, 0x0000000085300000| Untracked 
|  60|0x0000000085400000, 0x0000000085500000, 0x0000000085500000|100%| O|  |TAMS 0x0000000085500000, 0x0000000085400000| Untracked 
|  61|0x0000000085500000, 0x0000000085600000, 0x0000000085600000|100%| O|  |TAMS 0x0000000085600000, 0x0000000085500000| Untracked 
|  62|0x0000000085600000, 0x0000000085700000, 0x0000000085700000|100%| O|  |TAMS 0x0000000085700000, 0x0000000085600000| Untracked 
|  63|0x0000000085700000, 0x0000000085800000, 0x0000000085800000|100%| O|  |TAMS 0x0000000085800000, 0x0000000085700000| Untracked 
|  64|0x0000000085800000, 0x0000000085900000, 0x0000000085900000|100%| O|  |TAMS 0x0000000085900000, 0x0000000085800000| Untracked 
|  65|0x0000000085900000, 0x0000000085a00000, 0x0000000085a00000|100%| O|  |TAMS 0x00000000859ba400, 0x0000000085900000| Untracked 
|  66|0x0000000085a00000, 0x0000000085a00000, 0x0000000085b00000|  0%| F|  |TAMS 0x0000000085a00000, 0x0000000085a00000| Untracked 
|  67|0x0000000085b00000, 0x0000000085b00000, 0x0000000085c00000|  0%| F|  |TAMS 0x0000000085b00000, 0x0000000085b00000| Untracked 
|  68|0x0000000085c00000, 0x0000000085c00000, 0x0000000085d00000|  0%| F|  |TAMS 0x0000000085c00000, 0x0000000085c00000| Untracked 
|  69|0x0000000085d00000, 0x0000000085d00000, 0x0000000085e00000|  0%| F|  |TAMS 0x0000000085d00000, 0x0000000085d00000| Untracked 
|  70|0x0000000085e00000, 0x0000000085e00000, 0x0000000085f00000|  0%| F|  |TAMS 0x0000000085e00000, 0x0000000085e00000| Untracked 
|  71|0x0000000085f00000, 0x0000000085f00000, 0x0000000086000000|  0%| F|  |TAMS 0x0000000085f00000, 0x0000000085f00000| Untracked 
|  72|0x0000000086000000, 0x0000000086000000, 0x0000000086100000|  0%| F|  |TAMS 0x0000000086000000, 0x0000000086000000| Untracked 
|  73|0x0000000086100000, 0x0000000086100000, 0x0000000086200000|  0%| F|  |TAMS 0x0000000086100000, 0x0000000086100000| Untracked 
|  74|0x0000000086200000, 0x0000000086200000, 0x0000000086300000|  0%| F|  |TAMS 0x0000000086200000, 0x0000000086200000| Untracked 
|  75|0x0000000086300000, 0x0000000086300000, 0x0000000086400000|  0%| F|  |TAMS 0x0000000086300000, 0x0000000086300000| Untracked 
|  76|0x0000000086400000, 0x0000000086400000, 0x0000000086500000|  0%| F|  |TAMS 0x0000000086400000, 0x0000000086400000| Untracked 
|  77|0x0000000086500000, 0x0000000086500000, 0x0000000086600000|  0%| F|  |TAMS 0x0000000086500000, 0x0000000086500000| Untracked 
|  78|0x0000000086600000, 0x0000000086600000, 0x0000000086700000|  0%| F|  |TAMS 0x0000000086600000, 0x0000000086600000| Untracked 
|  79|0x0000000086700000, 0x0000000086700000, 0x0000000086800000|  0%| F|  |TAMS 0x0000000086700000, 0x0000000086700000| Untracked 
|  80|0x0000000086800000, 0x0000000086800000, 0x0000000086900000|  0%| F|  |TAMS 0x0000000086800000, 0x0000000086800000| Untracked 
|  81|0x0000000086900000, 0x0000000086900000, 0x0000000086a00000|  0%| F|  |TAMS 0x0000000086900000, 0x0000000086900000| Untracked 
|  82|0x0000000086a00000, 0x0000000086a00000, 0x0000000086b00000|  0%| F|  |TAMS 0x0000000086a00000, 0x0000000086a00000| Untracked 
|  83|0x0000000086b00000, 0x0000000086b00000, 0x0000000086c00000|  0%| F|  |TAMS 0x0000000086b00000, 0x0000000086b00000| Untracked 
|  84|0x0000000086c00000, 0x0000000086c00000, 0x0000000086d00000|  0%| F|  |TAMS 0x0000000086c00000, 0x0000000086c00000| Untracked 
|  85|0x0000000086d00000, 0x0000000086d00000, 0x0000000086e00000|  0%| F|  |TAMS 0x0000000086d00000, 0x0000000086d00000| Untracked 
|  86|0x0000000086e00000, 0x0000000086e00000, 0x0000000086f00000|  0%| F|  |TAMS 0x0000000086e00000, 0x0000000086e00000| Untracked 
|  87|0x0000000086f00000, 0x0000000086f00000, 0x0000000087000000|  0%| F|  |TAMS 0x0000000086f00000, 0x0000000086f00000| Untracked 
|  88|0x0000000087000000, 0x0000000087000000, 0x0000000087100000|  0%| F|  |TAMS 0x0000000087000000, 0x0000000087000000| Untracked 
|  89|0x0000000087100000, 0x0000000087100000, 0x0000000087200000|  0%| F|  |TAMS 0x0000000087100000, 0x0000000087100000| Untracked 
|  90|0x0000000087200000, 0x0000000087200000, 0x0000000087300000|  0%| F|  |TAMS 0x0000000087200000, 0x0000000087200000| Untracked 
|  91|0x0000000087300000, 0x0000000087300000, 0x0000000087400000|  0%| F|  |TAMS 0x0000000087300000, 0x0000000087300000| Untracked 
|  92|0x0000000087400000, 0x0000000087400000, 0x0000000087500000|  0%| F|  |TAMS 0x0000000087400000, 0x0000000087400000| Untracked 
|  93|0x0000000087500000, 0x0000000087500000, 0x0000000087600000|  0%| F|  |TAMS 0x0000000087500000, 0x0000000087500000| Untracked 
|  94|0x0000000087600000, 0x0000000087600000, 0x0000000087700000|  0%| F|  |TAMS 0x0000000087600000, 0x0000000087600000| Untracked 
|  95|0x0000000087700000, 0x0000000087700000, 0x0000000087800000|  0%| F|  |TAMS 0x0000000087700000, 0x0000000087700000| Untracked 
|  96|0x0000000087800000, 0x0000000087800000, 0x0000000087900000|  0%| F|  |TAMS 0x0000000087800000, 0x0000000087800000| Untracked 
|  97|0x0000000087900000, 0x0000000087900000, 0x0000000087a00000|  0%| F|  |TAMS 0x0000000087900000, 0x0000000087900000| Untracked 
|  98|0x0000000087a00000, 0x0000000087a00000, 0x0000000087b00000|  0%| F|  |TAMS 0x0000000087a00000, 0x0000000087a00000| Untracked 
|  99|0x0000000087b00000, 0x0000000087b00000, 0x0000000087c00000|  0%| F|  |TAMS 0x0000000087b00000, 0x0000000087b00000| Untracked 
| 100|0x0000000087c00000, 0x0000000087c00000, 0x0000000087d00000|  0%| F|  |TAMS 0x0000000087c00000, 0x0000000087c00000| Untracked 
| 101|0x0000000087d00000, 0x0000000087d00000, 0x0000000087e00000|  0%| F|  |TAMS 0x0000000087d00000, 0x0000000087d00000| Untracked 
| 102|0x0000000087e00000, 0x0000000087e00000, 0x0000000087f00000|  0%| F|  |TAMS 0x0000000087e00000, 0x0000000087e00000| Untracked 
| 103|0x0000000087f00000, 0x0000000087f00000, 0x0000000088000000|  0%| F|  |TAMS 0x0000000087f00000, 0x0000000087f00000| Untracked 
| 104|0x0000000088000000, 0x0000000088000000, 0x0000000088100000|  0%| F|  |TAMS 0x0000000088000000, 0x0000000088000000| Untracked 
| 105|0x0000000088100000, 0x0000000088100000, 0x0000000088200000|  0%| F|  |TAMS 0x0000000088100000, 0x0000000088100000| Untracked 
| 106|0x0000000088200000, 0x0000000088200000, 0x0000000088300000|  0%| F|  |TAMS 0x0000000088200000, 0x0000000088200000| Untracked 
| 107|0x0000000088300000, 0x0000000088300000, 0x0000000088400000|  0%| F|  |TAMS 0x0000000088300000, 0x0000000088300000| Untracked 
| 108|0x0000000088400000, 0x0000000088400000, 0x0000000088500000|  0%| F|  |TAMS 0x0000000088400000, 0x0000000088400000| Untracked 
| 109|0x0000000088500000, 0x0000000088500000, 0x0000000088600000|  0%| F|  |TAMS 0x0000000088500000, 0x0000000088500000| Untracked 
| 110|0x0000000088600000, 0x0000000088600000, 0x0000000088700000|  0%| F|  |TAMS 0x0000000088600000, 0x0000000088600000| Untracked 
| 111|0x0000000088700000, 0x0000000088700000, 0x0000000088800000|  0%| F|  |TAMS 0x0000000088700000, 0x0000000088700000| Untracked 
| 112|0x0000000088800000, 0x0000000088800000, 0x0000000088900000|  0%| F|  |TAMS 0x0000000088800000, 0x0000000088800000| Untracked 
| 113|0x0000000088900000, 0x0000000088900000, 0x0000000088a00000|  0%| F|  |TAMS 0x0000000088900000, 0x0000000088900000| Untracked 
| 114|0x0000000088a00000, 0x0000000088a00000, 0x0000000088b00000|  0%| F|  |TAMS 0x0000000088a00000, 0x0000000088a00000| Untracked 
| 115|0x0000000088b00000, 0x0000000088b00000, 0x0000000088c00000|  0%| F|  |TAMS 0x0000000088b00000, 0x0000000088b00000| Untracked 
| 116|0x0000000088c00000, 0x0000000088c00000, 0x0000000088d00000|  0%| F|  |TAMS 0x0000000088c00000, 0x0000000088c00000| Untracked 
| 117|0x0000000088d00000, 0x0000000088d00000, 0x0000000088e00000|  0%| F|  |TAMS 0x0000000088d00000, 0x0000000088d00000| Untracked 
| 118|0x0000000088e00000, 0x0000000088e00000, 0x0000000088f00000|  0%| F|  |TAMS 0x0000000088e00000, 0x0000000088e00000| Untracked 
| 119|0x0000000088f00000, 0x0000000088f00000, 0x0000000089000000|  0%| F|  |TAMS 0x0000000088f00000, 0x0000000088f00000| Untracked 
| 120|0x0000000089000000, 0x000000008905d760, 0x0000000089100000| 36%| S|CS|TAMS 0x0000000089000000, 0x0000000089000000| Complete 
| 121|0x0000000089100000, 0x0000000089100000, 0x0000000089200000|  0%| F|  |TAMS 0x0000000089100000, 0x0000000089100000| Untracked 
| 122|0x0000000089200000, 0x0000000089200000, 0x0000000089300000|  0%| F|  |TAMS 0x0000000089200000, 0x0000000089200000| Untracked 
| 123|0x0000000089300000, 0x0000000089300000, 0x0000000089400000|  0%| F|  |TAMS 0x0000000089300000, 0x0000000089300000| Untracked 
| 124|0x0000000089400000, 0x0000000089400000, 0x0000000089500000|  0%| F|  |TAMS 0x0000000089400000, 0x0000000089400000| Untracked 
| 125|0x0000000089500000, 0x0000000089500000, 0x0000000089600000|  0%| F|  |TAMS 0x0000000089500000, 0x0000000089500000| Untracked 
| 126|0x0000000089600000, 0x0000000089600000, 0x0000000089700000|  0%| F|  |TAMS 0x0000000089600000, 0x0000000089600000| Untracked 
| 127|0x0000000089700000, 0x0000000089700000, 0x0000000089800000|  0%| F|  |TAMS 0x0000000089700000, 0x0000000089700000| Untracked 
|2020|0x00000000ffc00000, 0x00000000ffd00000, 0x00000000ffd00000|100%| O|  |TAMS 0x00000000ffd00000, 0x00000000ffc00000| Untracked 
|2021|0x00000000ffd00000, 0x00000000ffd00000, 0x00000000ffe00000|  0%| F|  |TAMS 0x00000000ffd00000, 0x00000000ffd00000| Untracked 
|2022|0x00000000ffe00000, 0x00000000ffe00000, 0x00000000fff00000|  0%| F|  |TAMS 0x00000000ffe00000, 0x00000000ffe00000| Untracked 
|2023|0x00000000fff00000, 0x00000000fff00000, 0x0000000100000000|  0%| F|  |TAMS 0x00000000fff00000, 0x00000000fff00000| Untracked 

Card table byte_map: [0x000002cdee220000,0x000002cdee620000] _byte_map_base: 0x000002cdede14000

Marking Bits (Prev, Next): (CMBitMap*) 0x000002cdd51593a0, (CMBitMap*) 0x000002cdd51593e0
 Prev Bits: [0x000002cdeea20000, 0x000002cdf09c0000)
 Next Bits: [0x000002cdf09c0000, 0x000002cdf2960000)

Polling page: 0x000002cdd51c0000

Metaspace:

Usage:
  Non-class:     25.25 MB used.
      Class:      3.19 MB used.
       Both:     28.43 MB used.

Virtual space:
  Non-class space:       32.00 MB reserved,      25.38 MB ( 79%) committed,  4 nodes.
      Class space:        1.00 GB reserved,       3.38 MB ( <1%) committed,  1 nodes.
             Both:        1.03 GB reserved,      28.75 MB (  3%) committed. 

Chunk freelists:
   Non-Class:  2.27 MB
       Class:  482.00 KB
        Both:  2.74 MB

MaxMetaspaceSize: unlimited
CompressedClassSpaceSize: 1.00 GB
Initial GC threshold: 21.00 MB
Current GC threshold: 48.06 MB
CDS: on
MetaspaceReclaimPolicy: balanced
 - commit_granule_bytes: 65536.
 - commit_granule_words: 8192.
 - virtual_space_node_default_size: 1048576.
 - enlarge_chunks_in_place: 1.
 - new_chunks_are_fully_committed: 0.
 - uncommit_free_chunks: 1.
 - use_allocation_guard: 0.
 - handle_deallocations: 1.


Internal statistics:

num_allocs_failed_limit: 3.
num_arena_births: 210.
num_arena_deaths: 6.
num_vsnodes_births: 5.
num_vsnodes_deaths: 0.
num_space_committed: 475.
num_space_uncommitted: 15.
num_chunks_returned_to_freelist: 75.
num_chunks_taken_from_freelist: 1310.
num_chunk_merges: 22.
num_chunk_splits: 883.
num_chunks_enlarged: 670.
num_purges: 2.
num_inconsistent_stats: 0.

CodeHeap 'non-profiled nmethods': size=120000Kb used=3555Kb max_used=3555Kb free=116444Kb
 bounds [0x000002cde5e80000, 0x000002cde6200000, 0x000002cded3b0000]
CodeHeap 'profiled nmethods': size=120000Kb used=12206Kb max_used=12206Kb free=107793Kb
 bounds [0x000002cdde3b0000, 0x000002cddefb0000, 0x000002cde58e0000]
CodeHeap 'non-nmethods': size=5760Kb used=1221Kb max_used=1296Kb free=4539Kb
 bounds [0x000002cde58e0000, 0x000002cde5b50000, 0x000002cde5e80000]
 total_blobs=6418 nmethods=5894 adapters=436
 compilation: enabled
              stopped_count=0, restarted_count=0
 full_count=0

Compilation events (20 events):
Event: 12.492 Thread 0x000002cdf5439f80 6788       3       org.apache.maven.model.interpolation.StringVisitorModelInterpolator$ModelVisitor::visit (42 bytes)
Event: 12.492 Thread 0x000002cdf5439f80 nmethod 6788 0x000002cddeca0690 code [0x000002cddeca08c0, 0x000002cddeca1218]
Event: 12.493 Thread 0x000002cdf7772010 nmethod 6780 0x000002cde61f6910 code [0x000002cde61f6ac0, 0x000002cde61f71a8]
Event: 12.493 Thread 0x000002cdf7772010 6782       4       org.apache.maven.model.merge.ModelMerger::mergePlugin_Version (41 bytes)
Event: 12.496 Thread 0x000002cdf54384d0 nmethod 6781 0x000002cde61f7490 code [0x000002cde61f7660, 0x000002cde61f7df8]
Event: 12.496 Thread 0x000002cdf54384d0 6783       4       org.apache.maven.model.merge.ModelMerger::mergePlugin_Extensions (43 bytes)
Event: 12.497 Thread 0x000002cdf7772010 nmethod 6782 0x000002cde61f8110 code [0x000002cde61f82a0, 0x000002cde61f84b8]
Event: 12.497 Thread 0x000002cdf7772010 6784       4       org.apache.maven.model.merge.ModelMerger::mergePlugin_Dependencies (26 bytes)
Event: 12.498 Thread 0x000002cdf5439f80 6792       1       org.apache.maven.model.Model::setInceptionYear (6 bytes)
Event: 12.498 Thread 0x000002cdf5439f80 nmethod 6792 0x000002cde61f8690 code [0x000002cde61f8820, 0x000002cde61f8938]
Event: 12.498 Thread 0x000002cdf5439f80 6793       3       org.apache.maven.model.IssueManagement::getLocation (147 bytes)
Event: 12.499 Thread 0x000002cdf5439f80 nmethod 6793 0x000002cdded85190 code [0x000002cdded85400, 0x000002cdded86058]
Event: 12.499 Thread 0x000002cdf54384d0 nmethod 6783 0x000002cde61f8990 code [0x000002cde61f8b20, 0x000002cde61f8d38]
Event: 12.499 Thread 0x000002cdf54384d0 6794       4       org.apache.maven.model.merge.MavenModelMerger::mergePlugin_Executions (235 bytes)
Event: 12.503 Thread 0x000002cdf5439f80 6796       3       org.apache.maven.model.merge.ModelMerger::mergeDependency (82 bytes)
Event: 12.504 Thread 0x000002cdf5439f80 nmethod 6796 0x000002cddefa2410 code [0x000002cddefa2620, 0x000002cddefa2e68]
Event: 12.510 Thread 0x000002cdf5439f80 6797       3       java.lang.Character::isUpperCase (5 bytes)
Event: 12.510 Thread 0x000002cdf5439f80 nmethod 6797 0x000002cdde80a190 code [0x000002cdde80a340, 0x000002cdde80a598]
Event: 12.510 Thread 0x000002cdf5439f80 6798       3       java.lang.Character::isUpperCase (9 bytes)
Event: 12.510 Thread 0x000002cdf5439f80 nmethod 6798 0x000002cddee27710 code [0x000002cddee278c0, 0x000002cddee27ab8]

GC Heap History (20 events):
Event: 5.793 GC heap after
{Heap after GC invocations=5 (full 0):
 garbage-first heap   total 131072K, used 25451K [0x0000000081800000, 0x0000000100000000)
  region size 1024K, 4 young (4096K), 4 survivors (4096K)
 Metaspace       used 21240K, committed 21504K, reserved 1073152K
  class space    used 2385K, committed 2496K, reserved 1048576K
}
Event: 7.413 GC heap before
{Heap before GC invocations=6 (full 0):
 garbage-first heap   total 92160K, used 74603K [0x0000000081800000, 0x0000000100000000)
  region size 1024K, 51 young (52224K), 4 survivors (4096K)
 Metaspace       used 25249K, committed 25536K, reserved 1073152K
  class space    used 2821K, committed 2944K, reserved 1048576K
}
Event: 7.453 GC heap after
{Heap after GC invocations=7 (full 0):
 garbage-first heap   total 96256K, used 43303K [0x0000000081800000, 0x0000000100000000)
  region size 1024K, 7 young (7168K), 7 survivors (7168K)
 Metaspace       used 25249K, committed 25536K, reserved 1073152K
  class space    used 2821K, committed 2944K, reserved 1048576K
}
Event: 8.358 GC heap before
{Heap before GC invocations=7 (full 0):
 garbage-first heap   total 96256K, used 66855K [0x0000000081800000, 0x0000000100000000)
  region size 1024K, 31 young (31744K), 7 survivors (7168K)
 Metaspace       used 26333K, committed 26624K, reserved 1073152K
  class space    used 2930K, committed 3072K, reserved 1048576K
}
Event: 8.382 GC heap after
{Heap after GC invocations=8 (full 0):
 garbage-first heap   total 96256K, used 46659K [0x0000000081800000, 0x0000000100000000)
  region size 1024K, 3 young (3072K), 3 survivors (3072K)
 Metaspace       used 26333K, committed 26624K, reserved 1073152K
  class space    used 2930K, committed 3072K, reserved 1048576K
}
Event: 9.317 GC heap before
{Heap before GC invocations=8 (full 0):
 garbage-first heap   total 96256K, used 69187K [0x0000000081800000, 0x0000000100000000)
  region size 1024K, 26 young (26624K), 3 survivors (3072K)
 Metaspace       used 27473K, committed 27712K, reserved 1081344K
  class space    used 3043K, committed 3136K, reserved 1048576K
}
Event: 9.330 GC heap after
{Heap after GC invocations=9 (full 0):
 garbage-first heap   total 115712K, used 47191K [0x0000000081800000, 0x0000000100000000)
  region size 1024K, 1 young (1024K), 1 survivors (1024K)
 Metaspace       used 27473K, committed 27712K, reserved 1081344K
  class space    used 3043K, committed 3136K, reserved 1048576K
}
Event: 10.598 GC heap before
{Heap before GC invocations=10 (full 0):
 garbage-first heap   total 115712K, used 89175K [0x0000000081800000, 0x0000000100000000)
  region size 1024K, 38 young (38912K), 1 survivors (1024K)
 Metaspace       used 29086K, committed 29504K, reserved 1081344K
  class space    used 3262K, committed 3456K, reserved 1048576K
}
Event: 10.625 GC heap after
{Heap after GC invocations=11 (full 0):
 garbage-first heap   total 115712K, used 61229K [0x0000000081800000, 0x0000000100000000)
  region size 1024K, 5 young (5120K), 5 survivors (5120K)
 Metaspace       used 29086K, committed 29504K, reserved 1081344K
  class space    used 3262K, committed 3456K, reserved 1048576K
}
Event: 10.630 GC heap before
{Heap before GC invocations=11 (full 0):
 garbage-first heap   total 115712K, used 61229K [0x0000000081800000, 0x0000000100000000)
  region size 1024K, 6 young (6144K), 5 survivors (5120K)
 Metaspace       used 29086K, committed 29504K, reserved 1081344K
  class space    used 3262K, committed 3456K, reserved 1048576K
}
Event: 10.640 GC heap after
{Heap after GC invocations=12 (full 0):
 garbage-first heap   total 115712K, used 61827K [0x0000000081800000, 0x0000000100000000)
  region size 1024K, 1 young (1024K), 1 survivors (1024K)
 Metaspace       used 29086K, committed 29504K, reserved 1081344K
  class space    used 3262K, committed 3456K, reserved 1048576K
}
Event: 11.183 GC heap before
{Heap before GC invocations=13 (full 0):
 garbage-first heap   total 115712K, used 85379K [0x0000000081800000, 0x0000000100000000)
  region size 1024K, 26 young (26624K), 1 survivors (1024K)
 Metaspace       used 29106K, committed 29504K, reserved 1081344K
  class space    used 3262K, committed 3456K, reserved 1048576K
}
Event: 11.193 GC heap after
{Heap after GC invocations=14 (full 0):
 garbage-first heap   total 115712K, used 68861K [0x0000000081800000, 0x0000000100000000)
  region size 1024K, 4 young (4096K), 4 survivors (4096K)
 Metaspace       used 29106K, committed 29504K, reserved 1081344K
  class space    used 3262K, committed 3456K, reserved 1048576K
}
Event: 11.198 GC heap before
{Heap before GC invocations=14 (full 0):
 garbage-first heap   total 115712K, used 69885K [0x0000000081800000, 0x0000000100000000)
  region size 1024K, 5 young (5120K), 4 survivors (4096K)
 Metaspace       used 29106K, committed 29504K, reserved 1081344K
  class space    used 3262K, committed 3456K, reserved 1048576K
}
Event: 11.209 GC heap after
{Heap after GC invocations=15 (full 0):
 garbage-first heap   total 115712K, used 58602K [0x0000000081800000, 0x0000000100000000)
  region size 1024K, 1 young (1024K), 1 survivors (1024K)
 Metaspace       used 29106K, committed 29504K, reserved 1081344K
  class space    used 3262K, committed 3456K, reserved 1048576K
}
Event: 11.793 GC heap before
{Heap before GC invocations=15 (full 0):
 garbage-first heap   total 115712K, used 83178K [0x0000000081800000, 0x0000000100000000)
  region size 1024K, 26 young (26624K), 1 survivors (1024K)
 Metaspace       used 29631K, committed 29952K, reserved 1081344K
  class space    used 3322K, committed 3520K, reserved 1048576K
}
Event: 11.801 GC heap after
{Heap after GC invocations=16 (full 0):
 garbage-first heap   total 115712K, used 62882K [0x0000000081800000, 0x0000000100000000)
  region size 1024K, 4 young (4096K), 4 survivors (4096K)
 Metaspace       used 29631K, committed 29952K, reserved 1081344K
  class space    used 3322K, committed 3520K, reserved 1048576K
}
Event: 12.475 GC heap before
{Heap before GC invocations=17 (full 0):
 garbage-first heap   total 115712K, used 83362K [0x0000000081800000, 0x0000000100000000)
  region size 1024K, 27 young (27648K), 4 survivors (4096K)
 Metaspace       used 29109K, committed 29440K, reserved 1081344K
  class space    used 3264K, committed 3456K, reserved 1048576K
}
Event: 12.485 GC heap after
{Heap after GC invocations=18 (full 0):
 garbage-first heap   total 115712K, used 59279K [0x0000000081800000, 0x0000000100000000)
  region size 1024K, 1 young (1024K), 1 survivors (1024K)
 Metaspace       used 29109K, committed 29440K, reserved 1081344K
  class space    used 3264K, committed 3456K, reserved 1048576K
}
Event: 12.513 GC heap before
{Heap before GC invocations=18 (full 0):
 garbage-first heap   total 115712K, used 63375K [0x0000000081800000, 0x0000000100000000)
  region size 1024K, 5 young (5120K), 1 survivors (1024K)
 Metaspace       used 29116K, committed 29440K, reserved 1081344K
  class space    used 3264K, committed 3456K, reserved 1048576K
}

Dll operation events (8 events):
Event: 0.013 Loaded shared library C:\pleiades\2022-12\java\17\bin\java.dll
Event: 0.028 Loaded shared library C:\pleiades\2022-12\java\17\bin\jsvml.dll
Event: 0.092 Loaded shared library C:\pleiades\2022-12\java\17\bin\net.dll
Event: 0.094 Loaded shared library C:\pleiades\2022-12\java\17\bin\nio.dll
Event: 0.098 Loaded shared library C:\pleiades\2022-12\java\17\bin\zip.dll
Event: 0.253 Loaded shared library C:\pleiades\2022-12\java\17\bin\jimage.dll
Event: 0.317 Loaded shared library C:\Users\ganon\AppData\Local\Temp\jansi-2.4.0-edf8ce83c0f6f87b-jansi.dll
Event: 0.329 Loaded shared library C:\pleiades\2022-12\java\17\bin\verify.dll

Deoptimization events (20 events):
Event: 11.827 Thread 0x000002cdd50fc760 DEOPT PACKING pc=0x000002cddecd008b sp=0x000000eb3bcf8a20
Event: 11.827 Thread 0x000002cdd50fc760 DEOPT UNPACKING pc=0x000002cde5937143 sp=0x000000eb3bcf7f58 mode 0
Event: 11.881 Thread 0x000002cdd50fc760 DEOPT PACKING pc=0x000002cddef5cfd5 sp=0x000000eb3bcfb6c0
Event: 11.881 Thread 0x000002cdd50fc760 DEOPT UNPACKING pc=0x000002cde5937143 sp=0x000000eb3bcfab70 mode 0
Event: 11.894 Thread 0x000002cdd50fc760 DEOPT PACKING pc=0x000002cddef5cfd5 sp=0x000000eb3bcfb6c0
Event: 11.894 Thread 0x000002cdd50fc760 DEOPT UNPACKING pc=0x000002cde5937143 sp=0x000000eb3bcfab70 mode 0
Event: 11.906 Thread 0x000002cdd50fc760 DEOPT PACKING pc=0x000002cddef5cfd5 sp=0x000000eb3bcfc340
Event: 11.906 Thread 0x000002cdd50fc760 DEOPT UNPACKING pc=0x000002cde5937143 sp=0x000000eb3bcfb7f0 mode 0
Event: 12.033 Thread 0x000002cdd50fc760 DEOPT PACKING pc=0x000002cddeb79b90 sp=0x000000eb3bcfb620
Event: 12.033 Thread 0x000002cdd50fc760 DEOPT UNPACKING pc=0x000002cde5937143 sp=0x000000eb3bcfab38 mode 0
Event: 12.109 Thread 0x000002cdd50fc760 DEOPT PACKING pc=0x000002cddecd008b sp=0x000000eb3bcfa930
Event: 12.109 Thread 0x000002cdd50fc760 DEOPT UNPACKING pc=0x000002cde5937143 sp=0x000000eb3bcf9e68 mode 0
Event: 12.334 Thread 0x000002cdd50fc760 Uncommon trap: trap_request=0xffffff45 fr.pc=0x000002cde6128190 relative=0x00000000000021f0
Event: 12.334 Thread 0x000002cdd50fc760 Uncommon trap: reason=unstable_if action=reinterpret pc=0x000002cde6128190 method=lombok.launch.PackageShader.apply([B)Z @ 190 c2
Event: 12.334 Thread 0x000002cdd50fc760 DEOPT PACKING pc=0x000002cde6128190 sp=0x000000eb3bcfc860
Event: 12.334 Thread 0x000002cdd50fc760 DEOPT UNPACKING pc=0x000002cde59369a3 sp=0x000000eb3bcfc830 mode 2
Event: 12.334 Thread 0x000002cdd50fc760 Uncommon trap: trap_request=0xffffff45 fr.pc=0x000002cde5fce9c8 relative=0x0000000000000888
Event: 12.334 Thread 0x000002cdd50fc760 Uncommon trap: reason=unstable_if action=reinterpret pc=0x000002cde5fce9c8 method=lombok.launch.PackageShader.apply([B)Z @ 190 c2
Event: 12.335 Thread 0x000002cdd50fc760 DEOPT PACKING pc=0x000002cde5fce9c8 sp=0x000000eb3bcfc8b0
Event: 12.335 Thread 0x000002cdd50fc760 DEOPT UNPACKING pc=0x000002cde59369a3 sp=0x000000eb3bcfc830 mode 2

Classes unloaded (20 events):
Event: 11.860 Thread 0x000002cdf53fcb20 Unloading class 0x0000000800ee67c8 'lombok/javac/apt/MessagerDiagnosticsReceiver'
Event: 11.860 Thread 0x000002cdf53fcb20 Unloading class 0x0000000800ee6420 'lombok/javac/apt/InterceptingJavaFileManager'
Event: 11.860 Thread 0x000002cdf53fcb20 Unloading class 0x0000000800ee6218 'lombok/permit/dummy/Parent'
Event: 11.860 Thread 0x000002cdf53fcb20 Unloading class 0x0000000800ee6000 'lombok/core/CleanupRegistry'
Event: 11.860 Thread 0x000002cdf53fcb20 Unloading class 0x0000000800ee5de0 'lombok/permit/Permit$Fake'
Event: 11.860 Thread 0x000002cdf53fcb20 Unloading class 0x0000000800ee5be0 'lombok/permit/Permit'
Event: 11.860 Thread 0x000002cdf53fcb20 Unloading class 0x0000000800ee59e8 'lombok/core/DiagnosticsReceiver'
Event: 11.860 Thread 0x000002cdf53fcb20 Unloading class 0x0000000800ee5700 'lombok/javac/apt/LombokProcessor$1'
Event: 11.860 Thread 0x000002cdf53fcb20 Unloading class 0x0000000800ee5468 'lombok/javac/apt/LombokProcessor'
Event: 11.860 Thread 0x000002cdf53fcb20 Unloading class 0x0000000800ee5238 'lombok/core/AnnotationProcessor$EcjDescriptor'
Event: 11.860 Thread 0x000002cdf53fcb20 Unloading class 0x0000000800ee5000 'lombok/core/AnnotationProcessor$JavacDescriptor'
Event: 11.860 Thread 0x000002cdf53fcb20 Unloading class 0x0000000800ee4a80 'lombok/core/AnnotationProcessor$ProcessorDescriptor'
Event: 11.860 Thread 0x000002cdf53fcb20 Unloading class 0x0000000800ee4800 'lombok/core/AnnotationProcessor'
Event: 11.860 Thread 0x000002cdf53fcb20 Unloading class 0x0000000800f09000 'lombok/launch/AnnotationProcessorHider$ClaimingProcessor'
Event: 11.860 Thread 0x000002cdf53fcb20 Unloading class 0x0000000800ee4498 'lombok/launch/AnnotationProcessorHider$AstModificationNotifierData'
Event: 11.860 Thread 0x000002cdf53fcb20 Unloading class 0x0000000800ee4218 'lombok/launch/ClassFileMetaData'
Event: 11.860 Thread 0x000002cdf53fcb20 Unloading class 0x0000000800ee4000 'lombok/launch/PackageShader'
Event: 11.860 Thread 0x000002cdf53fcb20 Unloading class 0x0000000800ebc480 'lombok/launch/ShadowClassLoader'
Event: 11.860 Thread 0x000002cdf53fcb20 Unloading class 0x0000000800ebc280 'lombok/launch/Main'
Event: 11.860 Thread 0x000002cdf53fcb20 Unloading class 0x0000000800ebc000 'lombok/launch/AnnotationProcessorHider$AnnotationProcessor'

Classes redefined (0 events):
No events

Internal exceptions (20 events):
Event: 12.299 Thread 0x000002cdd50fc760 Exception <a 'sun/nio/fs/WindowsException'{0x00000000875faa18}> (0x00000000875faa18) 
thrown [s\src\hotspot\share\prims\jni.cpp, line 516]
Event: 12.299 Thread 0x000002cdd50fc760 Exception <a 'sun/nio/fs/WindowsException'{0x00000000875fadc8}> (0x00000000875fadc8) 
thrown [s\src\hotspot\share\prims\jni.cpp, line 516]
Event: 12.299 Thread 0x000002cdd50fc760 Exception <a 'sun/nio/fs/WindowsException'{0x00000000875fbdc8}> (0x00000000875fbdc8) 
thrown [s\src\hotspot\share\prims\jni.cpp, line 516]
Event: 12.299 Thread 0x000002cdd50fc760 Exception <a 'sun/nio/fs/WindowsException'{0x00000000875fc0e0}> (0x00000000875fc0e0) 
thrown [s\src\hotspot\share\prims\jni.cpp, line 516]
Event: 12.302 Thread 0x000002cdd50fc760 Exception <a 'sun/nio/fs/WindowsException'{0x000000008741e610}> (0x000000008741e610) 
thrown [s\src\hotspot\share\prims\jni.cpp, line 516]
Event: 12.302 Thread 0x000002cdd50fc760 Exception <a 'sun/nio/fs/WindowsException'{0x000000008741e900}> (0x000000008741e900) 
thrown [s\src\hotspot\share\prims\jni.cpp, line 516]
Event: 12.302 Thread 0x000002cdd50fc760 Exception <a 'sun/nio/fs/WindowsException'{0x000000008741f848}> (0x000000008741f848) 
thrown [s\src\hotspot\share\prims\jni.cpp, line 516]
Event: 12.302 Thread 0x000002cdd50fc760 Exception <a 'sun/nio/fs/WindowsException'{0x000000008741fbf8}> (0x000000008741fbf8) 
thrown [s\src\hotspot\share\prims\jni.cpp, line 516]
Event: 12.302 Thread 0x000002cdd50fc760 Exception <a 'sun/nio/fs/WindowsException'{0x0000000087420bf8}> (0x0000000087420bf8) 
thrown [s\src\hotspot\share\prims\jni.cpp, line 516]
Event: 12.302 Thread 0x000002cdd50fc760 Exception <a 'sun/nio/fs/WindowsException'{0x0000000087420f10}> (0x0000000087420f10) 
thrown [s\src\hotspot\share\prims\jni.cpp, line 516]
Event: 12.309 Thread 0x000002cdd50fc760 Exception <a 'sun/nio/fs/WindowsException'{0x0000000087306110}> (0x0000000087306110) 
thrown [s\src\hotspot\share\prims\jni.cpp, line 516]
Event: 12.315 Thread 0x000002cdd50fc760 Exception <a 'sun/nio/fs/WindowsException'{0x000000008731f770}> (0x000000008731f770) 
thrown [s\src\hotspot\share\prims\jni.cpp, line 516]
Event: 12.319 Thread 0x000002cdd50fc760 Exception <a 'sun/nio/fs/WindowsException'{0x000000008733ad90}> (0x000000008733ad90) 
thrown [s\src\hotspot\share\prims\jni.cpp, line 516]
Event: 12.319 Thread 0x000002cdd50fc760 Exception <a 'sun/nio/fs/WindowsException'{0x000000008733b4c8}> (0x000000008733b4c8) 
thrown [s\src\hotspot\share\prims\jni.cpp, line 516]
Event: 12.320 Thread 0x000002cdd50fc760 Exception <a 'sun/nio/fs/WindowsException'{0x000000008733ba88}> (0x000000008733ba88) 
thrown [s\src\hotspot\share\prims\jni.cpp, line 516]
Event: 12.320 Thread 0x000002cdd50fc760 Exception <a 'sun/nio/fs/WindowsException'{0x000000008733c1b0}> (0x000000008733c1b0) 
thrown [s\src\hotspot\share\prims\jni.cpp, line 516]
Event: 12.320 Thread 0x000002cdd50fc760 Exception <a 'sun/nio/fs/WindowsException'{0x000000008733c4a0}> (0x000000008733c4a0) 
thrown [s\src\hotspot\share\prims\jni.cpp, line 516]
Event: 12.320 Thread 0x000002cdd50fc760 Exception <a 'sun/nio/fs/WindowsException'{0x000000008733d130}> (0x000000008733d130) 
thrown [s\src\hotspot\share\prims\jni.cpp, line 516]
Event: 12.320 Thread 0x000002cdd50fc760 Exception <a 'sun/nio/fs/WindowsException'{0x000000008733d3f0}> (0x000000008733d3f0) 
thrown [s\src\hotspot\share\prims\jni.cpp, line 516]
Event: 12.320 Thread 0x000002cdd50fc760 Exception <a 'sun/nio/fs/WindowsException'{0x000000008733e070}> (0x000000008733e070) 
thrown [s\src\hotspot\share\prims\jni.cpp, line 516]

VM Operations (20 events):
Event: 10.642 Executing VM operation: G1TryInitiateConcMark done
Event: 10.700 Executing VM operation: G1Concurrent
Event: 10.772 Executing VM operation: G1Concurrent done
Event: 10.805 Executing VM operation: G1Concurrent
Event: 10.806 Executing VM operation: G1Concurrent done
Event: 11.183 Executing VM operation: G1CollectForAllocation
Event: 11.193 Executing VM operation: G1CollectForAllocation done
Event: 11.198 Executing VM operation: G1CollectForAllocation
Event: 11.209 Executing VM operation: G1CollectForAllocation done
Event: 11.793 Executing VM operation: G1CollectForAllocation
Event: 11.801 Executing VM operation: G1CollectForAllocation done
Event: 11.857 Executing VM operation: G1Concurrent
Event: 11.874 Executing VM operation: G1Concurrent done
Event: 11.901 Executing VM operation: G1Concurrent
Event: 11.901 Executing VM operation: G1Concurrent done
Event: 12.447 Executing VM operation: HandshakeAllThreads
Event: 12.447 Executing VM operation: HandshakeAllThreads done
Event: 12.475 Executing VM operation: G1CollectForAllocation
Event: 12.485 Executing VM operation: G1CollectForAllocation done
Event: 12.513 Executing VM operation: G1CollectForAllocation

Events (20 events):
Event: 12.456 Thread 0x000002cdf543a970 flushing nmethod 0x000002cddec9e610
Event: 12.456 Thread 0x000002cdf543a970 flushing nmethod 0x000002cddeca0690
Event: 12.456 Thread 0x000002cdf543a970 flushing nmethod 0x000002cddeca4510
Event: 12.457 Thread 0x000002cdf543a970 flushing nmethod 0x000002cdded1a710
Event: 12.457 Thread 0x000002cdf543a970 flushing nmethod 0x000002cdded37f10
Event: 12.457 Thread 0x000002cdf543a970 flushing nmethod 0x000002cdded38410
Event: 12.457 Thread 0x000002cdf543a970 flushing nmethod 0x000002cdded6c790
Event: 12.457 Thread 0x000002cdf543a970 flushing nmethod 0x000002cdded71910
Event: 12.457 Thread 0x000002cdf543a970 flushing nmethod 0x000002cdded84990
Event: 12.457 Thread 0x000002cdf543a970 flushing nmethod 0x000002cdded9c490
Event: 12.457 Thread 0x000002cdf543a970 flushing nmethod 0x000002cddeddf810
Event: 12.458 Thread 0x000002cdf543a970 flushing nmethod 0x000002cddee27710
Event: 12.458 Thread 0x000002cdf543a970 flushing nmethod 0x000002cddee2e090
Event: 12.458 Thread 0x000002cdf543a970 flushing nmethod 0x000002cddee3ca10
Event: 12.458 Thread 0x000002cdf543a970 flushing nmethod 0x000002cddee4d190
Event: 12.458 Thread 0x000002cdf543a970 flushing nmethod 0x000002cddee4fc10
Event: 12.458 Thread 0x000002cdf543a970 flushing nmethod 0x000002cddee4ff90
Event: 12.458 Thread 0x000002cdf543a970 flushing nmethod 0x000002cddee55d90
Event: 12.458 Thread 0x000002cdf543a970 flushing nmethod 0x000002cddee56d10
Event: 12.458 Thread 0x000002cdf543a970 flushing nmethod 0x000002cddee57590


Dynamic libraries:
0x00007ff6078f0000 - 0x00007ff6078fe000 	C:\pleiades\2022-12\java\17\bin\javaw.exe
0x00007ff846b30000 - 0x00007ff846d47000 	C:\WINDOWS\SYSTEM32\ntdll.dll
0x00007ff846900000 - 0x00007ff8469c4000 	C:\WINDOWS\System32\KERNEL32.DLL
0x00007ff844040000 - 0x00007ff8443f9000 	C:\WINDOWS\System32\KERNELBASE.dll
0x00007ff844400000 - 0x00007ff844511000 	C:\WINDOWS\System32\ucrtbase.dll
0x00007ff824e50000 - 0x00007ff824e67000 	C:\pleiades\2022-12\java\17\bin\jli.dll
0x00007ff824ac0000 - 0x00007ff824ad9000 	C:\pleiades\2022-12\java\17\bin\VCRUNTIME140.dll
0x00007ff846310000 - 0x00007ff8464be000 	C:\WINDOWS\System32\USER32.dll
0x00007ff843ea0000 - 0x00007ff843ec6000 	C:\WINDOWS\System32\win32u.dll
0x00007ff829450000 - 0x00007ff8296e2000 	C:\WINDOWS\WinSxS\amd64_microsoft.windows.common-controls_6595b64144ccf1df_6.0.22621.4391_none_2715d37f73803e96\COMCTL32.dll
0x00007ff844e60000 - 0x00007ff844e89000 	C:\WINDOWS\System32\GDI32.dll
0x00007ff846850000 - 0x00007ff8468f7000 	C:\WINDOWS\System32\msvcrt.dll
0x00007ff844680000 - 0x00007ff84479b000 	C:\WINDOWS\System32\gdi32full.dll
0x00007ff8445e0000 - 0x00007ff84467a000 	C:\WINDOWS\System32\msvcp_win.dll
0x00007ff846140000 - 0x00007ff846171000 	C:\WINDOWS\System32\IMM32.DLL
0x00007ff824920000 - 0x00007ff82492c000 	C:\pleiades\2022-12\java\17\bin\vcruntime140_1.dll
0x00007ff824580000 - 0x00007ff824611000 	C:\pleiades\2022-12\java\17\bin\msvcp140.dll
0x00007fff95e70000 - 0x00007fff96ab7000 	C:\pleiades\2022-12\java\17\bin\server\jvm.dll
0x00007ff846790000 - 0x00007ff846842000 	C:\WINDOWS\System32\ADVAPI32.dll
0x00007ff8456d0000 - 0x00007ff845777000 	C:\WINDOWS\System32\sechost.dll
0x00007ff8447a0000 - 0x00007ff8447c8000 	C:\WINDOWS\System32\bcrypt.dll
0x00007ff844850000 - 0x00007ff844964000 	C:\WINDOWS\System32\RPCRT4.dll
0x00007ff83ea40000 - 0x00007ff83ea74000 	C:\WINDOWS\SYSTEM32\WINMM.dll
0x00007fffeaf80000 - 0x00007fffeaf89000 	C:\WINDOWS\SYSTEM32\WSOCK32.dll
0x00007ff83b440000 - 0x00007ff83b44a000 	C:\WINDOWS\SYSTEM32\VERSION.dll
0x00007ff845020000 - 0x00007ff845091000 	C:\WINDOWS\System32\WS2_32.dll
0x00007ff842f20000 - 0x00007ff842f38000 	C:\WINDOWS\SYSTEM32\kernel.appcore.dll
0x00007ff824eb0000 - 0x00007ff824eba000 	C:\pleiades\2022-12\java\17\bin\jimage.dll
0x00007ff83bc90000 - 0x00007ff83bec2000 	C:\WINDOWS\SYSTEM32\DBGHELP.DLL
0x00007ff844970000 - 0x00007ff844cff000 	C:\WINDOWS\System32\combase.dll
0x00007ff844e90000 - 0x00007ff844f67000 	C:\WINDOWS\System32\OLEAUT32.dll
0x00007ff83bbb0000 - 0x00007ff83bbe2000 	C:\WINDOWS\SYSTEM32\dbgcore.DLL
0x00007ff8447d0000 - 0x00007ff84484b000 	C:\WINDOWS\System32\bcryptPrimitives.dll
0x00007ff824e70000 - 0x00007ff824e95000 	C:\pleiades\2022-12\java\17\bin\java.dll
0x00007ff824d50000 - 0x00007ff824e26000 	C:\pleiades\2022-12\java\17\bin\jsvml.dll
0x00007ff845780000 - 0x00007ff845ff6000 	C:\WINDOWS\System32\SHELL32.dll
0x00007ff841d30000 - 0x00007ff842633000 	C:\WINDOWS\SYSTEM32\windows.storage.dll
0x00007ff841bf0000 - 0x00007ff841d2f000 	C:\WINDOWS\SYSTEM32\wintypes.dll
0x00007ff846690000 - 0x00007ff846789000 	C:\WINDOWS\System32\SHCORE.dll
0x00007ff846050000 - 0x00007ff8460ae000 	C:\WINDOWS\System32\shlwapi.dll
0x00007ff843d60000 - 0x00007ff843d8b000 	C:\WINDOWS\SYSTEM32\profapi.dll
0x00007ff824d30000 - 0x00007ff824d49000 	C:\pleiades\2022-12\java\17\bin\net.dll
0x00007ff83ed60000 - 0x00007ff83ee96000 	C:\WINDOWS\SYSTEM32\WINHTTP.dll
0x00007ff843390000 - 0x00007ff8433f9000 	C:\WINDOWS\system32\mswsock.dll
0x00007ff824d10000 - 0x00007ff824d25000 	C:\pleiades\2022-12\java\17\bin\nio.dll
0x00007ff824e30000 - 0x00007ff824e48000 	C:\pleiades\2022-12\java\17\bin\zip.dll
0x0000000069ac0000 - 0x0000000069ae4000 	C:\Users\ganon\AppData\Local\Temp\jansi-2.4.0-edf8ce83c0f6f87b-jansi.dll
0x00007ff824f80000 - 0x00007ff824f90000 	C:\pleiades\2022-12\java\17\bin\verify.dll
0x00007ff842910000 - 0x00007ff84293d000 	C:\WINDOWS\SYSTEM32\IPHLPAPI.DLL
0x00007ff8460d0000 - 0x00007ff8460d9000 	C:\WINDOWS\System32\NSI.dll
0x00007ff83ed20000 - 0x00007ff83ed39000 	C:\WINDOWS\SYSTEM32\dhcpcsvc6.DLL
0x00007ff83ed00000 - 0x00007ff83ed1f000 	C:\WINDOWS\SYSTEM32\dhcpcsvc.DLL
0x00007ff842980000 - 0x00007ff842a82000 	C:\WINDOWS\SYSTEM32\DNSAPI.dll
0x00007ff843030000 - 0x00007ff843064000 	C:\WINDOWS\SYSTEM32\ntmarta.dll

dbghelp: loaded successfully - version: 4.0.5 - missing functions: none
symbol engine: initialized successfully - sym options: 0x614 - pdb path: .;C:\pleiades\2022-12\java\17\bin;C:\WINDOWS\SYSTEM32;C:\WINDOWS\WinSxS\amd64_microsoft.windows.common-controls_6595b64144ccf1df_6.0.22621.4391_none_2715d37f73803e96;C:\pleiades\2022-12\java\17\bin\server;C:\Users\ganon\AppData\Local\Temp

VM Arguments:
jvm_args: -Dmaven.home=EMBEDDED -Dclassworlds.conf=C:\pleiades\2022-12\workspace\.metadata\.plugins\org.eclipse.m2e.launching\launches\m2conf11377086446589025871.tmp -Dmaven.multiModuleProjectDirectory=C:\Users\ganon\Desktop\Library_System\demo -Dm2e.build.project.data.socket.port=50029 -Dfile.encoding=UTF-8 -XX:+ShowCodeDetailsInExceptionMessages 
java_command: org.codehaus.plexus.classworlds.launcher.Launcher -B -Dstyle.color=always install
java_class_path (initial): C:\pleiades\2022-12\eclipse\plugins\org.eclipse.m2e.maven.runtime_3.8.604.20221130-2149\jars\plexus-classworlds-2.6.0.jar
Launcher Type: SUN_STANDARD

[Global flags]
     intx CICompilerCount                          = 4                                         {product} {ergonomic}
     uint ConcGCThreads                            = 2                                         {product} {ergonomic}
     uint G1ConcRefinementThreads                  = 8                                         {product} {ergonomic}
   size_t G1HeapRegionSize                         = 1048576                                   {product} {ergonomic}
    uintx GCDrainStackTargetSize                   = 64                                        {product} {ergonomic}
   size_t InitialHeapSize                          = 134217728                                 {product} {ergonomic}
   size_t MarkStackSize                            = 4194304                                   {product} {ergonomic}
   size_t MaxHeapSize                              = 2122317824                                {product} {ergonomic}
   size_t MaxNewSize                               = 1272971264                                {product} {ergonomic}
   size_t MinHeapDeltaBytes                        = 1048576                                   {product} {ergonomic}
   size_t MinHeapSize                              = 8388608                                   {product} {ergonomic}
    uintx NonNMethodCodeHeapSize                   = 5839372                                {pd product} {ergonomic}
    uintx NonProfiledCodeHeapSize                  = 122909434                              {pd product} {ergonomic}
    uintx ProfiledCodeHeapSize                     = 122909434                              {pd product} {ergonomic}
    uintx ReservedCodeCacheSize                    = 251658240                              {pd product} {ergonomic}
     bool SegmentedCodeCache                       = true                                      {product} {ergonomic}
     bool ShowCodeDetailsInExceptionMessages       = true                                   {manageable} {command line}
   size_t SoftMaxHeapSize                          = 2122317824                             {manageable} {ergonomic}
     bool UseCompressedClassPointers               = true                           {product lp64_product} {ergonomic}
     bool UseCompressedOops                        = true                           {product lp64_product} {ergonomic}
     bool UseG1GC                                  = true                                      {product} {ergonomic}
     bool UseLargePagesIndividualAllocation        = false                                  {pd product} {ergonomic}

Logging:
Log output configuration:
 #0: stdout all=warning uptime,level,tags
 #1: stderr all=off uptime,level,tags

Environment Variables:
PATH=C:/pleiades/2022-12/java/17/bin/server;C:/pleiades/2022-12/java/17/bin;C:\Program Files (x86)\Razer Chroma SDK\bin;C:\Program Files\Razer Chroma SDK\bin;C:\Program Files (x86)\Razer\ChromaBroadcast\bin;C:\Program Files\Razer\ChromaBroadcast\bin;C:\Program Files\Common Files\Oracle\Java\javapath;C:\WINDOWS\system32;C:\WINDOWS;C:\WINDOWS\System32\Wbem;C:\WINDOWS\System32\WindowsPowerShell\v1.0\;C:\WINDOWS\System32\OpenSSH\;C:\Program Files (x86)\Intel\Intel(R) Management Engine Components\DAL;C:\Program Files\Intel\Intel(R) Management Engine Components\DAL;C:\Program Files (x86)\VAIO\VAIO BIOS Data Transfer Utility\;C:\Program Files (x86)\Windows Kits\10\Windows Performance Toolkit\;C:\Program Files\Git\cmd;C:\Program Files\dotnet\;C:\Users\ganon\AppData\Local\Pub\Cache\bin;C:\WINDOWS\system32\config\systemprofile\AppData\Local\Microsoft\WindowsApps;C:\Program Files\MySQL\MySQL Shell 8.0\bin\;C:\Users\ganon\AppData\Local\Programs\Python\Python312\Scripts\;C:\Users\ganon\AppData\Local\Programs\Python\Python312\;C:\Users\ganon\AppData\Local\Programs\Python\Launcher\;C:\Users\ganon\AppData\Local\Microsoft\WindowsApps;C:\Users\ganon\AppData\Local\Programs\Microsoft VS Code\bin;C:\Users\ganon\.dotnet\tools;C:\Users\ganon\AppData\Local\Microsoft\WinGet\Links;C:\node-v20.13.1-win-x64;C:\flutter_windows_3.22.1-stable\flutter\bin;C:\Users\ganon\AppData\Local\Microsoft\WindowsApps\python.exe;C:\Program Files (x86)\Android\android-sdk\platform-tools;C:\pleiades\2022-12\eclipse;
USERNAME=ganon
OS=Windows_NT
PROCESSOR_IDENTIFIER=Intel64 Family 6 Model 142 Stepping 10, GenuineIntel
TMP=C:\Users\ganon\AppData\Local\Temp
TEMP=C:\Users\ganon\AppData\Local\Temp



---------------  S Y S T E M  ---------------

OS:
 Windows 11 , 64 bit Build 22621 (10.0.22621.4391)
OS uptime: 1 days 22:40 hours
Hyper-V role detected

CPU: total 8 (initial active 8) (4 cores per cpu, 2 threads per core) family 6 model 142 stepping 10 microcode 0xf4, cx8, cmov, fxsr, ht, mmx, 3dnowpref, sse, sse2, sse3, ssse3, sse4.1, sse4.2, popcnt, lzcnt, tsc, tscinvbit, avx, avx2, aes, erms, clmul, bmi1, bmi2, adx, fma, vzeroupper, clflush, clflushopt, hv

Memory: 4k page, system-wide physical 8088M (445M free)
TotalPageFile size 13088M (AvailPageFile size 51M)
current process WorkingSet (physical memory assigned to process): 253M, peak: 270M
current process commit charge ("private bytes"): 303M, peak: 438M

vm_info: OpenJDK 64-Bit Server VM (17.0.6+10) for windows-amd64 JRE (17.0.6+10), built on Jan 18 2023 10:08:59 by "temurin" with MS VC++ 16.7 (VS2019)

END.
